ERROR - 2024-05-27 00:07:08 --> mysqli_sql_exception: Table 'dirgrosc_ashkohandling.airport' doesn't exist in /home/dirgrosc/public_html/ashkohandling.com/system/Database/MySQLi/Connection.php:292
Stack trace:
#0 /home/dirgrosc/public_html/ashkohandling.com/system/Database/MySQLi/Connection.php(292): mysqli->query()
#1 /home/dirgrosc/public_html/ashkohandling.com/system/Database/BaseConnection.php(666): CodeIgniter\Database\MySQLi\Connection->execute()
#2 /home/dirgrosc/public_html/ashkohandling.com/system/Database/BaseConnection.php(593): CodeIgniter\Database\BaseConnection->simpleQuery()
#3 /home/dirgrosc/public_html/ashkohandling.com/system/Database/BaseBuilder.php(1585): CodeIgniter\Database\BaseConnection->query()
#4 /home/dirgrosc/public_html/ashkohandling.com/app/Controllers/Home.php(31): CodeIgniter\Database\BaseBuilder->get()
#5 /home/dirgrosc/public_html/ashkohandling.com/system/CodeIgniter.php(927): App\Controllers\Home->index()
#6 /home/dirgrosc/public_html/ashkohandling.com/system/CodeIgniter.php(482): CodeIgniter\CodeIgniter->runController()
#7 /home/dirgrosc/public_html/ashkohandling.com/system/CodeIgniter.php(351): CodeIgniter\CodeIgniter->handleRequest()
#8 /home/dirgrosc/public_html/ashkohandling.com/public/index.php(67): CodeIgniter\CodeIgniter->run()
#9 {main}
CRITICAL - 2024-05-27 00:07:08 --> Call to a member function getResult() on bool
in APPPATH/Controllers/Home.php on line 32.
 1 SYSTEMPATH/CodeIgniter.php(927): App\Controllers\Home->index()
 2 SYSTEMPATH/CodeIgniter.php(482): CodeIgniter\CodeIgniter->runController()
 3 SYSTEMPATH/CodeIgniter.php(351): CodeIgniter\CodeIgniter->handleRequest()
 4 FCPATH/index.php(67): CodeIgniter\CodeIgniter->run()
ERROR - 2024-05-27 00:07:08 --> mysqli_sql_exception: Table 'dirgrosc_ashkohandling.airport' doesn't exist in /home/dirgrosc/public_html/ashkohandling.com/system/Database/MySQLi/Connection.php:292
Stack trace:
#0 /home/dirgrosc/public_html/ashkohandling.com/system/Database/MySQLi/Connection.php(292): mysqli->query()
#1 /home/dirgrosc/public_html/ashkohandling.com/system/Database/BaseConnection.php(666): CodeIgniter\Database\MySQLi\Connection->execute()
#2 /home/dirgrosc/public_html/ashkohandling.com/system/Database/BaseConnection.php(593): CodeIgniter\Database\BaseConnection->simpleQuery()
#3 /home/dirgrosc/public_html/ashkohandling.com/system/Database/BaseBuilder.php(1585): CodeIgniter\Database\BaseConnection->query()
#4 /home/dirgrosc/public_html/ashkohandling.com/app/Controllers/Home.php(31): CodeIgniter\Database\BaseBuilder->get()
#5 /home/dirgrosc/public_html/ashkohandling.com/system/CodeIgniter.php(927): App\Controllers\Home->index()
#6 /home/dirgrosc/public_html/ashkohandling.com/system/CodeIgniter.php(482): CodeIgniter\CodeIgniter->runController()
#7 /home/dirgrosc/public_html/ashkohandling.com/system/CodeIgniter.php(351): CodeIgniter\CodeIgniter->handleRequest()
#8 /home/dirgrosc/public_html/ashkohandling.com/public/index.php(67): CodeIgniter\CodeIgniter->run()
#9 {main}
CRITICAL - 2024-05-27 00:07:08 --> Call to a member function getResult() on bool
in APPPATH/Controllers/Home.php on line 32.
 1 SYSTEMPATH/CodeIgniter.php(927): App\Controllers\Home->index()
 2 SYSTEMPATH/CodeIgniter.php(482): CodeIgniter\CodeIgniter->runController()
 3 SYSTEMPATH/CodeIgniter.php(351): CodeIgniter\CodeIgniter->handleRequest()
 4 FCPATH/index.php(67): CodeIgniter\CodeIgniter->run()
ERROR - 2024-05-27 00:16:53 --> mysqli_sql_exception: Table 'dirgrosc_ashkohandling.airport' doesn't exist in /home/dirgrosc/public_html/ashkohandling.com/system/Database/MySQLi/Connection.php:292
Stack trace:
#0 /home/dirgrosc/public_html/ashkohandling.com/system/Database/MySQLi/Connection.php(292): mysqli->query()
#1 /home/dirgrosc/public_html/ashkohandling.com/system/Database/BaseConnection.php(666): CodeIgniter\Database\MySQLi\Connection->execute()
#2 /home/dirgrosc/public_html/ashkohandling.com/system/Database/BaseConnection.php(593): CodeIgniter\Database\BaseConnection->simpleQuery()
#3 /home/dirgrosc/public_html/ashkohandling.com/system/Database/BaseBuilder.php(1585): CodeIgniter\Database\BaseConnection->query()
#4 /home/dirgrosc/public_html/ashkohandling.com/app/Controllers/Home.php(31): CodeIgniter\Database\BaseBuilder->get()
#5 /home/dirgrosc/public_html/ashkohandling.com/system/CodeIgniter.php(927): App\Controllers\Home->index()
#6 /home/dirgrosc/public_html/ashkohandling.com/system/CodeIgniter.php(482): CodeIgniter\CodeIgniter->runController()
#7 /home/dirgrosc/public_html/ashkohandling.com/system/CodeIgniter.php(351): CodeIgniter\CodeIgniter->handleRequest()
#8 /home/dirgrosc/public_html/ashkohandling.com/public/index.php(67): CodeIgniter\CodeIgniter->run()
#9 {main}
CRITICAL - 2024-05-27 00:16:53 --> Call to a member function getResult() on bool
in APPPATH/Controllers/Home.php on line 32.
 1 SYSTEMPATH/CodeIgniter.php(927): App\Controllers\Home->index()
 2 SYSTEMPATH/CodeIgniter.php(482): CodeIgniter\CodeIgniter->runController()
 3 SYSTEMPATH/CodeIgniter.php(351): CodeIgniter\CodeIgniter->handleRequest()
 4 FCPATH/index.php(67): CodeIgniter\CodeIgniter->run()
ERROR - 2024-05-27 00:17:28 --> mysqli_sql_exception: Table 'dirgrosc_ashkohandling.airport' doesn't exist in /home/dirgrosc/public_html/ashkohandling.com/system/Database/MySQLi/Connection.php:292
Stack trace:
#0 /home/dirgrosc/public_html/ashkohandling.com/system/Database/MySQLi/Connection.php(292): mysqli->query()
#1 /home/dirgrosc/public_html/ashkohandling.com/system/Database/BaseConnection.php(666): CodeIgniter\Database\MySQLi\Connection->execute()
#2 /home/dirgrosc/public_html/ashkohandling.com/system/Database/BaseConnection.php(593): CodeIgniter\Database\BaseConnection->simpleQuery()
#3 /home/dirgrosc/public_html/ashkohandling.com/system/Database/BaseBuilder.php(1585): CodeIgniter\Database\BaseConnection->query()
#4 /home/dirgrosc/public_html/ashkohandling.com/app/Controllers/Home.php(31): CodeIgniter\Database\BaseBuilder->get()
#5 /home/dirgrosc/public_html/ashkohandling.com/system/CodeIgniter.php(927): App\Controllers\Home->index()
#6 /home/dirgrosc/public_html/ashkohandling.com/system/CodeIgniter.php(482): CodeIgniter\CodeIgniter->runController()
#7 /home/dirgrosc/public_html/ashkohandling.com/system/CodeIgniter.php(351): CodeIgniter\CodeIgniter->handleRequest()
#8 /home/dirgrosc/public_html/ashkohandling.com/public/index.php(67): CodeIgniter\CodeIgniter->run()
#9 {main}
CRITICAL - 2024-05-27 00:17:28 --> Call to a member function getResult() on bool
in APPPATH/Controllers/Home.php on line 32.
 1 SYSTEMPATH/CodeIgniter.php(927): App\Controllers\Home->index()
 2 SYSTEMPATH/CodeIgniter.php(482): CodeIgniter\CodeIgniter->runController()
 3 SYSTEMPATH/CodeIgniter.php(351): CodeIgniter\CodeIgniter->handleRequest()
 4 FCPATH/index.php(67): CodeIgniter\CodeIgniter->run()
ERROR - 2024-05-27 00:18:05 --> mysqli_sql_exception: Table 'dirgrosc_ashkohandling.airport' doesn't exist in /home/dirgrosc/public_html/ashkohandling.com/system/Database/MySQLi/Connection.php:292
Stack trace:
#0 /home/dirgrosc/public_html/ashkohandling.com/system/Database/MySQLi/Connection.php(292): mysqli->query()
#1 /home/dirgrosc/public_html/ashkohandling.com/system/Database/BaseConnection.php(666): CodeIgniter\Database\MySQLi\Connection->execute()
#2 /home/dirgrosc/public_html/ashkohandling.com/system/Database/BaseConnection.php(593): CodeIgniter\Database\BaseConnection->simpleQuery()
#3 /home/dirgrosc/public_html/ashkohandling.com/system/Database/BaseBuilder.php(1585): CodeIgniter\Database\BaseConnection->query()
#4 /home/dirgrosc/public_html/ashkohandling.com/app/Controllers/Home.php(31): CodeIgniter\Database\BaseBuilder->get()
#5 /home/dirgrosc/public_html/ashkohandling.com/system/CodeIgniter.php(927): App\Controllers\Home->index()
#6 /home/dirgrosc/public_html/ashkohandling.com/system/CodeIgniter.php(482): CodeIgniter\CodeIgniter->runController()
#7 /home/dirgrosc/public_html/ashkohandling.com/system/CodeIgniter.php(351): CodeIgniter\CodeIgniter->handleRequest()
#8 /home/dirgrosc/public_html/ashkohandling.com/public/index.php(67): CodeIgniter\CodeIgniter->run()
#9 {main}
CRITICAL - 2024-05-27 00:18:05 --> Call to a member function getResult() on bool
in APPPATH/Controllers/Home.php on line 32.
 1 SYSTEMPATH/CodeIgniter.php(927): App\Controllers\Home->index()
 2 SYSTEMPATH/CodeIgniter.php(482): CodeIgniter\CodeIgniter->runController()
 3 SYSTEMPATH/CodeIgniter.php(351): CodeIgniter\CodeIgniter->handleRequest()
 4 FCPATH/index.php(67): CodeIgniter\CodeIgniter->run()
ERROR - 2024-05-27 00:18:41 --> mysqli_sql_exception: Table 'dirgrosc_ashkohandling.airport' doesn't exist in /home/dirgrosc/public_html/ashkohandling.com/system/Database/MySQLi/Connection.php:292
Stack trace:
#0 /home/dirgrosc/public_html/ashkohandling.com/system/Database/MySQLi/Connection.php(292): mysqli->query()
#1 /home/dirgrosc/public_html/ashkohandling.com/system/Database/BaseConnection.php(666): CodeIgniter\Database\MySQLi\Connection->execute()
#2 /home/dirgrosc/public_html/ashkohandling.com/system/Database/BaseConnection.php(593): CodeIgniter\Database\BaseConnection->simpleQuery()
#3 /home/dirgrosc/public_html/ashkohandling.com/system/Database/BaseBuilder.php(1585): CodeIgniter\Database\BaseConnection->query()
#4 /home/dirgrosc/public_html/ashkohandling.com/app/Controllers/Home.php(31): CodeIgniter\Database\BaseBuilder->get()
#5 /home/dirgrosc/public_html/ashkohandling.com/system/CodeIgniter.php(927): App\Controllers\Home->index()
#6 /home/dirgrosc/public_html/ashkohandling.com/system/CodeIgniter.php(482): CodeIgniter\CodeIgniter->runController()
#7 /home/dirgrosc/public_html/ashkohandling.com/system/CodeIgniter.php(351): CodeIgniter\CodeIgniter->handleRequest()
#8 /home/dirgrosc/public_html/ashkohandling.com/public/index.php(67): CodeIgniter\CodeIgniter->run()
#9 {main}
CRITICAL - 2024-05-27 00:18:41 --> Call to a member function getResult() on bool
in APPPATH/Controllers/Home.php on line 32.
 1 SYSTEMPATH/CodeIgniter.php(927): App\Controllers\Home->index()
 2 SYSTEMPATH/CodeIgniter.php(482): CodeIgniter\CodeIgniter->runController()
 3 SYSTEMPATH/CodeIgniter.php(351): CodeIgniter\CodeIgniter->handleRequest()
 4 FCPATH/index.php(67): CodeIgniter\CodeIgniter->run()
ERROR - 2024-05-27 00:25:17 --> mysqli_sql_exception: Table 'dirgrosc_ashkohandling.airport' doesn't exist in /home/dirgrosc/public_html/ashkohandling.com/system/Database/MySQLi/Connection.php:292
Stack trace:
#0 /home/dirgrosc/public_html/ashkohandling.com/system/Database/MySQLi/Connection.php(292): mysqli->query()
#1 /home/dirgrosc/public_html/ashkohandling.com/system/Database/BaseConnection.php(666): CodeIgniter\Database\MySQLi\Connection->execute()
#2 /home/dirgrosc/public_html/ashkohandling.com/system/Database/BaseConnection.php(593): CodeIgniter\Database\BaseConnection->simpleQuery()
#3 /home/dirgrosc/public_html/ashkohandling.com/system/Database/BaseBuilder.php(1585): CodeIgniter\Database\BaseConnection->query()
#4 /home/dirgrosc/public_html/ashkohandling.com/app/Controllers/Home.php(31): CodeIgniter\Database\BaseBuilder->get()
#5 /home/dirgrosc/public_html/ashkohandling.com/system/CodeIgniter.php(927): App\Controllers\Home->index()
#6 /home/dirgrosc/public_html/ashkohandling.com/system/CodeIgniter.php(482): CodeIgniter\CodeIgniter->runController()
#7 /home/dirgrosc/public_html/ashkohandling.com/system/CodeIgniter.php(351): CodeIgniter\CodeIgniter->handleRequest()
#8 /home/dirgrosc/public_html/ashkohandling.com/public/index.php(67): CodeIgniter\CodeIgniter->run()
#9 {main}
CRITICAL - 2024-05-27 00:25:17 --> Call to a member function getResult() on bool
in APPPATH/Controllers/Home.php on line 32.
 1 SYSTEMPATH/CodeIgniter.php(927): App\Controllers\Home->index()
 2 SYSTEMPATH/CodeIgniter.php(482): CodeIgniter\CodeIgniter->runController()
 3 SYSTEMPATH/CodeIgniter.php(351): CodeIgniter\CodeIgniter->handleRequest()
 4 FCPATH/index.php(67): CodeIgniter\CodeIgniter->run()
ERROR - 2024-05-27 00:25:53 --> mysqli_sql_exception: Table 'dirgrosc_ashkohandling.airport' doesn't exist in /home/dirgrosc/public_html/ashkohandling.com/system/Database/MySQLi/Connection.php:292
Stack trace:
#0 /home/dirgrosc/public_html/ashkohandling.com/system/Database/MySQLi/Connection.php(292): mysqli->query()
#1 /home/dirgrosc/public_html/ashkohandling.com/system/Database/BaseConnection.php(666): CodeIgniter\Database\MySQLi\Connection->execute()
#2 /home/dirgrosc/public_html/ashkohandling.com/system/Database/BaseConnection.php(593): CodeIgniter\Database\BaseConnection->simpleQuery()
#3 /home/dirgrosc/public_html/ashkohandling.com/system/Database/BaseBuilder.php(1585): CodeIgniter\Database\BaseConnection->query()
#4 /home/dirgrosc/public_html/ashkohandling.com/app/Controllers/Home.php(31): CodeIgniter\Database\BaseBuilder->get()
#5 /home/dirgrosc/public_html/ashkohandling.com/system/CodeIgniter.php(927): App\Controllers\Home->index()
#6 /home/dirgrosc/public_html/ashkohandling.com/system/CodeIgniter.php(482): CodeIgniter\CodeIgniter->runController()
#7 /home/dirgrosc/public_html/ashkohandling.com/system/CodeIgniter.php(351): CodeIgniter\CodeIgniter->handleRequest()
#8 /home/dirgrosc/public_html/ashkohandling.com/public/index.php(67): CodeIgniter\CodeIgniter->run()
#9 {main}
CRITICAL - 2024-05-27 00:25:53 --> Call to a member function getResult() on bool
in APPPATH/Controllers/Home.php on line 32.
 1 SYSTEMPATH/CodeIgniter.php(927): App\Controllers\Home->index()
 2 SYSTEMPATH/CodeIgniter.php(482): CodeIgniter\CodeIgniter->runController()
 3 SYSTEMPATH/CodeIgniter.php(351): CodeIgniter\CodeIgniter->handleRequest()
 4 FCPATH/index.php(67): CodeIgniter\CodeIgniter->run()
ERROR - 2024-05-27 00:26:29 --> mysqli_sql_exception: Table 'dirgrosc_ashkohandling.airport' doesn't exist in /home/dirgrosc/public_html/ashkohandling.com/system/Database/MySQLi/Connection.php:292
Stack trace:
#0 /home/dirgrosc/public_html/ashkohandling.com/system/Database/MySQLi/Connection.php(292): mysqli->query()
#1 /home/dirgrosc/public_html/ashkohandling.com/system/Database/BaseConnection.php(666): CodeIgniter\Database\MySQLi\Connection->execute()
#2 /home/dirgrosc/public_html/ashkohandling.com/system/Database/BaseConnection.php(593): CodeIgniter\Database\BaseConnection->simpleQuery()
#3 /home/dirgrosc/public_html/ashkohandling.com/system/Database/BaseBuilder.php(1585): CodeIgniter\Database\BaseConnection->query()
#4 /home/dirgrosc/public_html/ashkohandling.com/app/Controllers/Home.php(31): CodeIgniter\Database\BaseBuilder->get()
#5 /home/dirgrosc/public_html/ashkohandling.com/system/CodeIgniter.php(927): App\Controllers\Home->index()
#6 /home/dirgrosc/public_html/ashkohandling.com/system/CodeIgniter.php(482): CodeIgniter\CodeIgniter->runController()
#7 /home/dirgrosc/public_html/ashkohandling.com/system/CodeIgniter.php(351): CodeIgniter\CodeIgniter->handleRequest()
#8 /home/dirgrosc/public_html/ashkohandling.com/public/index.php(67): CodeIgniter\CodeIgniter->run()
#9 {main}
CRITICAL - 2024-05-27 00:26:29 --> Call to a member function getResult() on bool
in APPPATH/Controllers/Home.php on line 32.
 1 SYSTEMPATH/CodeIgniter.php(927): App\Controllers\Home->index()
 2 SYSTEMPATH/CodeIgniter.php(482): CodeIgniter\CodeIgniter->runController()
 3 SYSTEMPATH/CodeIgniter.php(351): CodeIgniter\CodeIgniter->handleRequest()
 4 FCPATH/index.php(67): CodeIgniter\CodeIgniter->run()
ERROR - 2024-05-27 00:27:06 --> mysqli_sql_exception: Table 'dirgrosc_ashkohandling.airport' doesn't exist in /home/dirgrosc/public_html/ashkohandling.com/system/Database/MySQLi/Connection.php:292
Stack trace:
#0 /home/dirgrosc/public_html/ashkohandling.com/system/Database/MySQLi/Connection.php(292): mysqli->query()
#1 /home/dirgrosc/public_html/ashkohandling.com/system/Database/BaseConnection.php(666): CodeIgniter\Database\MySQLi\Connection->execute()
#2 /home/dirgrosc/public_html/ashkohandling.com/system/Database/BaseConnection.php(593): CodeIgniter\Database\BaseConnection->simpleQuery()
#3 /home/dirgrosc/public_html/ashkohandling.com/system/Database/BaseBuilder.php(1585): CodeIgniter\Database\BaseConnection->query()
#4 /home/dirgrosc/public_html/ashkohandling.com/app/Controllers/Home.php(31): CodeIgniter\Database\BaseBuilder->get()
#5 /home/dirgrosc/public_html/ashkohandling.com/system/CodeIgniter.php(927): App\Controllers\Home->index()
#6 /home/dirgrosc/public_html/ashkohandling.com/system/CodeIgniter.php(482): CodeIgniter\CodeIgniter->runController()
#7 /home/dirgrosc/public_html/ashkohandling.com/system/CodeIgniter.php(351): CodeIgniter\CodeIgniter->handleRequest()
#8 /home/dirgrosc/public_html/ashkohandling.com/public/index.php(67): CodeIgniter\CodeIgniter->run()
#9 {main}
CRITICAL - 2024-05-27 00:27:06 --> Call to a member function getResult() on bool
in APPPATH/Controllers/Home.php on line 32.
 1 SYSTEMPATH/CodeIgniter.php(927): App\Controllers\Home->index()
 2 SYSTEMPATH/CodeIgniter.php(482): CodeIgniter\CodeIgniter->runController()
 3 SYSTEMPATH/CodeIgniter.php(351): CodeIgniter\CodeIgniter->handleRequest()
 4 FCPATH/index.php(67): CodeIgniter\CodeIgniter->run()
ERROR - 2024-05-27 00:48:02 --> mysqli_sql_exception: Table 'dirgrosc_ashkohandling.airport' doesn't exist in /home/dirgrosc/public_html/ashkohandling.com/system/Database/MySQLi/Connection.php:292
Stack trace:
#0 /home/dirgrosc/public_html/ashkohandling.com/system/Database/MySQLi/Connection.php(292): mysqli->query()
#1 /home/dirgrosc/public_html/ashkohandling.com/system/Database/BaseConnection.php(666): CodeIgniter\Database\MySQLi\Connection->execute()
#2 /home/dirgrosc/public_html/ashkohandling.com/system/Database/BaseConnection.php(593): CodeIgniter\Database\BaseConnection->simpleQuery()
#3 /home/dirgrosc/public_html/ashkohandling.com/system/Database/BaseBuilder.php(1585): CodeIgniter\Database\BaseConnection->query()
#4 /home/dirgrosc/public_html/ashkohandling.com/app/Controllers/Home.php(31): CodeIgniter\Database\BaseBuilder->get()
#5 /home/dirgrosc/public_html/ashkohandling.com/system/CodeIgniter.php(927): App\Controllers\Home->index()
#6 /home/dirgrosc/public_html/ashkohandling.com/system/CodeIgniter.php(482): CodeIgniter\CodeIgniter->runController()
#7 /home/dirgrosc/public_html/ashkohandling.com/system/CodeIgniter.php(351): CodeIgniter\CodeIgniter->handleRequest()
#8 /home/dirgrosc/public_html/ashkohandling.com/public/index.php(67): CodeIgniter\CodeIgniter->run()
#9 {main}
CRITICAL - 2024-05-27 00:48:02 --> Call to a member function getResult() on bool
in APPPATH/Controllers/Home.php on line 32.
 1 SYSTEMPATH/CodeIgniter.php(927): App\Controllers\Home->index()
 2 SYSTEMPATH/CodeIgniter.php(482): CodeIgniter\CodeIgniter->runController()
 3 SYSTEMPATH/CodeIgniter.php(351): CodeIgniter\CodeIgniter->handleRequest()
 4 FCPATH/index.php(67): CodeIgniter\CodeIgniter->run()
ERROR - 2024-05-27 00:48:03 --> mysqli_sql_exception: Table 'dirgrosc_ashkohandling.airport' doesn't exist in /home/dirgrosc/public_html/ashkohandling.com/system/Database/MySQLi/Connection.php:292
Stack trace:
#0 /home/dirgrosc/public_html/ashkohandling.com/system/Database/MySQLi/Connection.php(292): mysqli->query()
#1 /home/dirgrosc/public_html/ashkohandling.com/system/Database/BaseConnection.php(666): CodeIgniter\Database\MySQLi\Connection->execute()
#2 /home/dirgrosc/public_html/ashkohandling.com/system/Database/BaseConnection.php(593): CodeIgniter\Database\BaseConnection->simpleQuery()
#3 /home/dirgrosc/public_html/ashkohandling.com/system/Database/BaseBuilder.php(1585): CodeIgniter\Database\BaseConnection->query()
#4 /home/dirgrosc/public_html/ashkohandling.com/app/Controllers/Home.php(31): CodeIgniter\Database\BaseBuilder->get()
#5 /home/dirgrosc/public_html/ashkohandling.com/system/CodeIgniter.php(927): App\Controllers\Home->index()
#6 /home/dirgrosc/public_html/ashkohandling.com/system/CodeIgniter.php(482): CodeIgniter\CodeIgniter->runController()
#7 /home/dirgrosc/public_html/ashkohandling.com/system/CodeIgniter.php(351): CodeIgniter\CodeIgniter->handleRequest()
#8 /home/dirgrosc/public_html/ashkohandling.com/public/index.php(67): CodeIgniter\CodeIgniter->run()
#9 {main}
CRITICAL - 2024-05-27 00:48:03 --> Call to a member function getResult() on bool
in APPPATH/Controllers/Home.php on line 32.
 1 SYSTEMPATH/CodeIgniter.php(927): App\Controllers\Home->index()
 2 SYSTEMPATH/CodeIgniter.php(482): CodeIgniter\CodeIgniter->runController()
 3 SYSTEMPATH/CodeIgniter.php(351): CodeIgniter\CodeIgniter->handleRequest()
 4 FCPATH/index.php(67): CodeIgniter\CodeIgniter->run()
ERROR - 2024-05-27 04:38:39 --> mysqli_sql_exception: Table 'dirgrosc_ashkohandling.airport' doesn't exist in /home/dirgrosc/public_html/ashkohandling.com/system/Database/MySQLi/Connection.php:292
Stack trace:
#0 /home/dirgrosc/public_html/ashkohandling.com/system/Database/MySQLi/Connection.php(292): mysqli->query()
#1 /home/dirgrosc/public_html/ashkohandling.com/system/Database/BaseConnection.php(666): CodeIgniter\Database\MySQLi\Connection->execute()
#2 /home/dirgrosc/public_html/ashkohandling.com/system/Database/BaseConnection.php(593): CodeIgniter\Database\BaseConnection->simpleQuery()
#3 /home/dirgrosc/public_html/ashkohandling.com/system/Database/BaseBuilder.php(1585): CodeIgniter\Database\BaseConnection->query()
#4 /home/dirgrosc/public_html/ashkohandling.com/app/Controllers/Home.php(31): CodeIgniter\Database\BaseBuilder->get()
#5 /home/dirgrosc/public_html/ashkohandling.com/system/CodeIgniter.php(927): App\Controllers\Home->index()
#6 /home/dirgrosc/public_html/ashkohandling.com/system/CodeIgniter.php(482): CodeIgniter\CodeIgniter->runController()
#7 /home/dirgrosc/public_html/ashkohandling.com/system/CodeIgniter.php(351): CodeIgniter\CodeIgniter->handleRequest()
#8 /home/dirgrosc/public_html/ashkohandling.com/public/index.php(67): CodeIgniter\CodeIgniter->run()
#9 {main}
CRITICAL - 2024-05-27 04:38:39 --> Call to a member function getResult() on bool
in APPPATH/Controllers/Home.php on line 32.
 1 SYSTEMPATH/CodeIgniter.php(927): App\Controllers\Home->index()
 2 SYSTEMPATH/CodeIgniter.php(482): CodeIgniter\CodeIgniter->runController()
 3 SYSTEMPATH/CodeIgniter.php(351): CodeIgniter\CodeIgniter->handleRequest()
 4 FCPATH/index.php(67): CodeIgniter\CodeIgniter->run()
ERROR - 2024-05-27 05:11:07 --> mysqli_sql_exception: Table 'dirgrosc_ashkohandling.airport' doesn't exist in /home/dirgrosc/public_html/ashkohandling.com/system/Database/MySQLi/Connection.php:292
Stack trace:
#0 /home/dirgrosc/public_html/ashkohandling.com/system/Database/MySQLi/Connection.php(292): mysqli->query()
#1 /home/dirgrosc/public_html/ashkohandling.com/system/Database/BaseConnection.php(666): CodeIgniter\Database\MySQLi\Connection->execute()
#2 /home/dirgrosc/public_html/ashkohandling.com/system/Database/BaseConnection.php(593): CodeIgniter\Database\BaseConnection->simpleQuery()
#3 /home/dirgrosc/public_html/ashkohandling.com/system/Database/BaseBuilder.php(1585): CodeIgniter\Database\BaseConnection->query()
#4 /home/dirgrosc/public_html/ashkohandling.com/app/Controllers/Home.php(31): CodeIgniter\Database\BaseBuilder->get()
#5 /home/dirgrosc/public_html/ashkohandling.com/system/CodeIgniter.php(927): App\Controllers\Home->index()
#6 /home/dirgrosc/public_html/ashkohandling.com/system/CodeIgniter.php(482): CodeIgniter\CodeIgniter->runController()
#7 /home/dirgrosc/public_html/ashkohandling.com/system/CodeIgniter.php(351): CodeIgniter\CodeIgniter->handleRequest()
#8 /home/dirgrosc/public_html/ashkohandling.com/public/index.php(67): CodeIgniter\CodeIgniter->run()
#9 {main}
CRITICAL - 2024-05-27 05:11:07 --> Call to a member function getResult() on bool
in APPPATH/Controllers/Home.php on line 32.
 1 SYSTEMPATH/CodeIgniter.php(927): App\Controllers\Home->index()
 2 SYSTEMPATH/CodeIgniter.php(482): CodeIgniter\CodeIgniter->runController()
 3 SYSTEMPATH/CodeIgniter.php(351): CodeIgniter\CodeIgniter->handleRequest()
 4 FCPATH/index.php(67): CodeIgniter\CodeIgniter->run()
ERROR - 2024-05-27 05:59:20 --> mysqli_sql_exception: Table 'dirgrosc_ashkohandling.album' doesn't exist in /home/dirgrosc/public_html/ashkohandling.com/system/Database/MySQLi/Connection.php:292
Stack trace:
#0 /home/dirgrosc/public_html/ashkohandling.com/system/Database/MySQLi/Connection.php(292): mysqli->query()
#1 /home/dirgrosc/public_html/ashkohandling.com/system/Database/BaseConnection.php(666): CodeIgniter\Database\MySQLi\Connection->execute()
#2 /home/dirgrosc/public_html/ashkohandling.com/system/Database/BaseConnection.php(593): CodeIgniter\Database\BaseConnection->simpleQuery()
#3 /home/dirgrosc/public_html/ashkohandling.com/system/Database/BaseBuilder.php(1585): CodeIgniter\Database\BaseConnection->query()
#4 /home/dirgrosc/public_html/ashkohandling.com/app/Controllers/Gallery.php(38): CodeIgniter\Database\BaseBuilder->get()
#5 /home/dirgrosc/public_html/ashkohandling.com/system/CodeIgniter.php(927): App\Controllers\Gallery->index()
#6 /home/dirgrosc/public_html/ashkohandling.com/system/CodeIgniter.php(482): CodeIgniter\CodeIgniter->runController()
#7 /home/dirgrosc/public_html/ashkohandling.com/system/CodeIgniter.php(351): CodeIgniter\CodeIgniter->handleRequest()
#8 /home/dirgrosc/public_html/ashkohandling.com/public/index.php(67): CodeIgniter\CodeIgniter->run()
#9 {main}
CRITICAL - 2024-05-27 05:59:20 --> Call to a member function getResult() on bool
in APPPATH/Controllers/Gallery.php on line 39.
 1 SYSTEMPATH/CodeIgniter.php(927): App\Controllers\Gallery->index()
 2 SYSTEMPATH/CodeIgniter.php(482): CodeIgniter\CodeIgniter->runController()
 3 SYSTEMPATH/CodeIgniter.php(351): CodeIgniter\CodeIgniter->handleRequest()
 4 FCPATH/index.php(67): CodeIgniter\CodeIgniter->run()
ERROR - 2024-05-27 07:52:50 --> mysqli_sql_exception: Table 'dirgrosc_ashkohandling.airport' doesn't exist in /home/dirgrosc/public_html/ashkohandling.com/system/Database/MySQLi/Connection.php:292
Stack trace:
#0 /home/dirgrosc/public_html/ashkohandling.com/system/Database/MySQLi/Connection.php(292): mysqli->query()
#1 /home/dirgrosc/public_html/ashkohandling.com/system/Database/BaseConnection.php(666): CodeIgniter\Database\MySQLi\Connection->execute()
#2 /home/dirgrosc/public_html/ashkohandling.com/system/Database/BaseConnection.php(593): CodeIgniter\Database\BaseConnection->simpleQuery()
#3 /home/dirgrosc/public_html/ashkohandling.com/system/Database/BaseBuilder.php(1585): CodeIgniter\Database\BaseConnection->query()
#4 /home/dirgrosc/public_html/ashkohandling.com/app/Controllers/Home.php(31): CodeIgniter\Database\BaseBuilder->get()
#5 /home/dirgrosc/public_html/ashkohandling.com/system/CodeIgniter.php(927): App\Controllers\Home->index()
#6 /home/dirgrosc/public_html/ashkohandling.com/system/CodeIgniter.php(482): CodeIgniter\CodeIgniter->runController()
#7 /home/dirgrosc/public_html/ashkohandling.com/system/CodeIgniter.php(351): CodeIgniter\CodeIgniter->handleRequest()
#8 /home/dirgrosc/public_html/ashkohandling.com/public/index.php(67): CodeIgniter\CodeIgniter->run()
#9 {main}
CRITICAL - 2024-05-27 07:52:50 --> Call to a member function getResult() on bool
in APPPATH/Controllers/Home.php on line 32.
 1 SYSTEMPATH/CodeIgniter.php(927): App\Controllers\Home->index()
 2 SYSTEMPATH/CodeIgniter.php(482): CodeIgniter\CodeIgniter->runController()
 3 SYSTEMPATH/CodeIgniter.php(351): CodeIgniter\CodeIgniter->handleRequest()
 4 FCPATH/index.php(67): CodeIgniter\CodeIgniter->run()
ERROR - 2024-05-27 07:52:51 --> mysqli_sql_exception: Table 'dirgrosc_ashkohandling.airport' doesn't exist in /home/dirgrosc/public_html/ashkohandling.com/system/Database/MySQLi/Connection.php:292
Stack trace:
#0 /home/dirgrosc/public_html/ashkohandling.com/system/Database/MySQLi/Connection.php(292): mysqli->query()
#1 /home/dirgrosc/public_html/ashkohandling.com/system/Database/BaseConnection.php(666): CodeIgniter\Database\MySQLi\Connection->execute()
#2 /home/dirgrosc/public_html/ashkohandling.com/system/Database/BaseConnection.php(593): CodeIgniter\Database\BaseConnection->simpleQuery()
#3 /home/dirgrosc/public_html/ashkohandling.com/system/Database/BaseBuilder.php(1585): CodeIgniter\Database\BaseConnection->query()
#4 /home/dirgrosc/public_html/ashkohandling.com/app/Controllers/Home.php(31): CodeIgniter\Database\BaseBuilder->get()
#5 /home/dirgrosc/public_html/ashkohandling.com/system/CodeIgniter.php(927): App\Controllers\Home->index()
#6 /home/dirgrosc/public_html/ashkohandling.com/system/CodeIgniter.php(482): CodeIgniter\CodeIgniter->runController()
#7 /home/dirgrosc/public_html/ashkohandling.com/system/CodeIgniter.php(351): CodeIgniter\CodeIgniter->handleRequest()
#8 /home/dirgrosc/public_html/ashkohandling.com/public/index.php(67): CodeIgniter\CodeIgniter->run()
#9 {main}
CRITICAL - 2024-05-27 07:52:51 --> Call to a member function getResult() on bool
in APPPATH/Controllers/Home.php on line 32.
 1 SYSTEMPATH/CodeIgniter.php(927): App\Controllers\Home->index()
 2 SYSTEMPATH/CodeIgniter.php(482): CodeIgniter\CodeIgniter->runController()
 3 SYSTEMPATH/CodeIgniter.php(351): CodeIgniter\CodeIgniter->handleRequest()
 4 FCPATH/index.php(67): CodeIgniter\CodeIgniter->run()
ERROR - 2024-05-27 08:09:47 --> mysqli_sql_exception: Table 'dirgrosc_ashkohandling.airport' doesn't exist in /home/dirgrosc/public_html/ashkohandling.com/system/Database/MySQLi/Connection.php:292
Stack trace:
#0 /home/dirgrosc/public_html/ashkohandling.com/system/Database/MySQLi/Connection.php(292): mysqli->query()
#1 /home/dirgrosc/public_html/ashkohandling.com/system/Database/BaseConnection.php(666): CodeIgniter\Database\MySQLi\Connection->execute()
#2 /home/dirgrosc/public_html/ashkohandling.com/system/Database/BaseConnection.php(593): CodeIgniter\Database\BaseConnection->simpleQuery()
#3 /home/dirgrosc/public_html/ashkohandling.com/system/Database/BaseBuilder.php(1585): CodeIgniter\Database\BaseConnection->query()
#4 /home/dirgrosc/public_html/ashkohandling.com/app/Controllers/Home.php(31): CodeIgniter\Database\BaseBuilder->get()
#5 /home/dirgrosc/public_html/ashkohandling.com/system/CodeIgniter.php(927): App\Controllers\Home->index()
#6 /home/dirgrosc/public_html/ashkohandling.com/system/CodeIgniter.php(482): CodeIgniter\CodeIgniter->runController()
#7 /home/dirgrosc/public_html/ashkohandling.com/system/CodeIgniter.php(351): CodeIgniter\CodeIgniter->handleRequest()
#8 /home/dirgrosc/public_html/ashkohandling.com/public/index.php(67): CodeIgniter\CodeIgniter->run()
#9 {main}
CRITICAL - 2024-05-27 08:09:47 --> Call to a member function getResult() on bool
in APPPATH/Controllers/Home.php on line 32.
 1 SYSTEMPATH/CodeIgniter.php(927): App\Controllers\Home->index()
 2 SYSTEMPATH/CodeIgniter.php(482): CodeIgniter\CodeIgniter->runController()
 3 SYSTEMPATH/CodeIgniter.php(351): CodeIgniter\CodeIgniter->handleRequest()
 4 FCPATH/index.php(67): CodeIgniter\CodeIgniter->run()
ERROR - 2024-05-27 14:20:54 --> mysqli_sql_exception: Table 'dirgrosc_ashkohandling.airport' doesn't exist in /home/dirgrosc/public_html/ashkohandling.com/system/Database/MySQLi/Connection.php:292
Stack trace:
#0 /home/dirgrosc/public_html/ashkohandling.com/system/Database/MySQLi/Connection.php(292): mysqli->query()
#1 /home/dirgrosc/public_html/ashkohandling.com/system/Database/BaseConnection.php(666): CodeIgniter\Database\MySQLi\Connection->execute()
#2 /home/dirgrosc/public_html/ashkohandling.com/system/Database/BaseConnection.php(593): CodeIgniter\Database\BaseConnection->simpleQuery()
#3 /home/dirgrosc/public_html/ashkohandling.com/system/Database/BaseBuilder.php(1585): CodeIgniter\Database\BaseConnection->query()
#4 /home/dirgrosc/public_html/ashkohandling.com/app/Controllers/Home.php(31): CodeIgniter\Database\BaseBuilder->get()
#5 /home/dirgrosc/public_html/ashkohandling.com/system/CodeIgniter.php(927): App\Controllers\Home->index()
#6 /home/dirgrosc/public_html/ashkohandling.com/system/CodeIgniter.php(482): CodeIgniter\CodeIgniter->runController()
#7 /home/dirgrosc/public_html/ashkohandling.com/system/CodeIgniter.php(351): CodeIgniter\CodeIgniter->handleRequest()
#8 /home/dirgrosc/public_html/ashkohandling.com/public/index.php(67): CodeIgniter\CodeIgniter->run()
#9 {main}
CRITICAL - 2024-05-27 14:20:54 --> Call to a member function getResult() on bool
in APPPATH/Controllers/Home.php on line 32.
 1 SYSTEMPATH/CodeIgniter.php(927): App\Controllers\Home->index()
 2 SYSTEMPATH/CodeIgniter.php(482): CodeIgniter\CodeIgniter->runController()
 3 SYSTEMPATH/CodeIgniter.php(351): CodeIgniter\CodeIgniter->handleRequest()
 4 FCPATH/index.php(67): CodeIgniter\CodeIgniter->run()
ERROR - 2024-05-27 15:42:35 --> mysqli_sql_exception: Table 'dirgrosc_ashkohandling.airport' doesn't exist in /home/dirgrosc/public_html/ashkohandling.com/system/Database/MySQLi/Connection.php:292
Stack trace:
#0 /home/dirgrosc/public_html/ashkohandling.com/system/Database/MySQLi/Connection.php(292): mysqli->query()
#1 /home/dirgrosc/public_html/ashkohandling.com/system/Database/BaseConnection.php(666): CodeIgniter\Database\MySQLi\Connection->execute()
#2 /home/dirgrosc/public_html/ashkohandling.com/system/Database/BaseConnection.php(593): CodeIgniter\Database\BaseConnection->simpleQuery()
#3 /home/dirgrosc/public_html/ashkohandling.com/system/Database/BaseBuilder.php(1585): CodeIgniter\Database\BaseConnection->query()
#4 /home/dirgrosc/public_html/ashkohandling.com/app/Controllers/Home.php(31): CodeIgniter\Database\BaseBuilder->get()
#5 /home/dirgrosc/public_html/ashkohandling.com/system/CodeIgniter.php(927): App\Controllers\Home->index()
#6 /home/dirgrosc/public_html/ashkohandling.com/system/CodeIgniter.php(482): CodeIgniter\CodeIgniter->runController()
#7 /home/dirgrosc/public_html/ashkohandling.com/system/CodeIgniter.php(351): CodeIgniter\CodeIgniter->handleRequest()
#8 /home/dirgrosc/public_html/ashkohandling.com/public/index.php(67): CodeIgniter\CodeIgniter->run()
#9 {main}
CRITICAL - 2024-05-27 15:42:35 --> Call to a member function getResult() on bool
in APPPATH/Controllers/Home.php on line 32.
 1 SYSTEMPATH/CodeIgniter.php(927): App\Controllers\Home->index()
 2 SYSTEMPATH/CodeIgniter.php(482): CodeIgniter\CodeIgniter->runController()
 3 SYSTEMPATH/CodeIgniter.php(351): CodeIgniter\CodeIgniter->handleRequest()
 4 FCPATH/index.php(67): CodeIgniter\CodeIgniter->run()
ERROR - 2024-05-27 16:38:57 --> mysqli_sql_exception: Table 'dirgrosc_ashkohandling.airport' doesn't exist in /home/dirgrosc/public_html/ashkohandling.com/system/Database/MySQLi/Connection.php:292
Stack trace:
#0 /home/dirgrosc/public_html/ashkohandling.com/system/Database/MySQLi/Connection.php(292): mysqli->query()
#1 /home/dirgrosc/public_html/ashkohandling.com/system/Database/BaseConnection.php(666): CodeIgniter\Database\MySQLi\Connection->execute()
#2 /home/dirgrosc/public_html/ashkohandling.com/system/Database/BaseConnection.php(593): CodeIgniter\Database\BaseConnection->simpleQuery()
#3 /home/dirgrosc/public_html/ashkohandling.com/system/Database/BaseBuilder.php(1585): CodeIgniter\Database\BaseConnection->query()
#4 /home/dirgrosc/public_html/ashkohandling.com/app/Controllers/Home.php(31): CodeIgniter\Database\BaseBuilder->get()
#5 /home/dirgrosc/public_html/ashkohandling.com/system/CodeIgniter.php(927): App\Controllers\Home->index()
#6 /home/dirgrosc/public_html/ashkohandling.com/system/CodeIgniter.php(482): CodeIgniter\CodeIgniter->runController()
#7 /home/dirgrosc/public_html/ashkohandling.com/system/CodeIgniter.php(351): CodeIgniter\CodeIgniter->handleRequest()
#8 /home/dirgrosc/public_html/ashkohandling.com/public/index.php(67): CodeIgniter\CodeIgniter->run()
#9 {main}
CRITICAL - 2024-05-27 16:38:57 --> Call to a member function getResult() on bool
in APPPATH/Controllers/Home.php on line 32.
 1 SYSTEMPATH/CodeIgniter.php(927): App\Controllers\Home->index()
 2 SYSTEMPATH/CodeIgniter.php(482): CodeIgniter\CodeIgniter->runController()
 3 SYSTEMPATH/CodeIgniter.php(351): CodeIgniter\CodeIgniter->handleRequest()
 4 FCPATH/index.php(67): CodeIgniter\CodeIgniter->run()
ERROR - 2024-05-27 17:52:05 --> mysqli_sql_exception: Table 'dirgrosc_ashkohandling.airport' doesn't exist in /home/dirgrosc/public_html/ashkohandling.com/system/Database/MySQLi/Connection.php:292
Stack trace:
#0 /home/dirgrosc/public_html/ashkohandling.com/system/Database/MySQLi/Connection.php(292): mysqli->query()
#1 /home/dirgrosc/public_html/ashkohandling.com/system/Database/BaseConnection.php(666): CodeIgniter\Database\MySQLi\Connection->execute()
#2 /home/dirgrosc/public_html/ashkohandling.com/system/Database/BaseConnection.php(593): CodeIgniter\Database\BaseConnection->simpleQuery()
#3 /home/dirgrosc/public_html/ashkohandling.com/system/Database/BaseBuilder.php(1585): CodeIgniter\Database\BaseConnection->query()
#4 /home/dirgrosc/public_html/ashkohandling.com/app/Controllers/Home.php(31): CodeIgniter\Database\BaseBuilder->get()
#5 /home/dirgrosc/public_html/ashkohandling.com/system/CodeIgniter.php(927): App\Controllers\Home->index()
#6 /home/dirgrosc/public_html/ashkohandling.com/system/CodeIgniter.php(482): CodeIgniter\CodeIgniter->runController()
#7 /home/dirgrosc/public_html/ashkohandling.com/system/CodeIgniter.php(351): CodeIgniter\CodeIgniter->handleRequest()
#8 /home/dirgrosc/public_html/ashkohandling.com/public/index.php(67): CodeIgniter\CodeIgniter->run()
#9 {main}
CRITICAL - 2024-05-27 17:52:05 --> Call to a member function getResult() on bool
in APPPATH/Controllers/Home.php on line 32.
 1 SYSTEMPATH/CodeIgniter.php(927): App\Controllers\Home->index()
 2 SYSTEMPATH/CodeIgniter.php(482): CodeIgniter\CodeIgniter->runController()
 3 SYSTEMPATH/CodeIgniter.php(351): CodeIgniter\CodeIgniter->handleRequest()
 4 FCPATH/index.php(67): CodeIgniter\CodeIgniter->run()
