ERROR - 2024-05-23 05:38:29 --> mysqli_sql_exception: Table 'dirgrosc_ashkohandling.airport' doesn't exist in /home/dirgrosc/public_html/ashkohandling.com/system/Database/MySQLi/Connection.php:292
Stack trace:
#0 /home/dirgrosc/public_html/ashkohandling.com/system/Database/MySQLi/Connection.php(292): mysqli->query()
#1 /home/dirgrosc/public_html/ashkohandling.com/system/Database/BaseConnection.php(666): CodeIgniter\Database\MySQLi\Connection->execute()
#2 /home/dirgrosc/public_html/ashkohandling.com/system/Database/BaseConnection.php(593): CodeIgniter\Database\BaseConnection->simpleQuery()
#3 /home/dirgrosc/public_html/ashkohandling.com/system/Database/BaseBuilder.php(1585): CodeIgniter\Database\BaseConnection->query()
#4 /home/dirgrosc/public_html/ashkohandling.com/app/Controllers/Home.php(31): CodeIgniter\Database\BaseBuilder->get()
#5 /home/dirgrosc/public_html/ashkohandling.com/system/CodeIgniter.php(927): App\Controllers\Home->index()
#6 /home/dirgrosc/public_html/ashkohandling.com/system/CodeIgniter.php(482): CodeIgniter\CodeIgniter->runController()
#7 /home/dirgrosc/public_html/ashkohandling.com/system/CodeIgniter.php(351): CodeIgniter\CodeIgniter->handleRequest()
#8 /home/dirgrosc/public_html/ashkohandling.com/public/index.php(67): CodeIgniter\CodeIgniter->run()
#9 {main}
CRITICAL - 2024-05-23 05:38:29 --> Call to a member function getResult() on bool
in APPPATH/Controllers/Home.php on line 32.
 1 SYSTEMPATH/CodeIgniter.php(927): App\Controllers\Home->index()
 2 SYSTEMPATH/CodeIgniter.php(482): CodeIgniter\CodeIgniter->runController()
 3 SYSTEMPATH/CodeIgniter.php(351): CodeIgniter\CodeIgniter->handleRequest()
 4 FCPATH/index.php(67): CodeIgniter\CodeIgniter->run()
ERROR - 2024-05-23 06:48:29 --> mysqli_sql_exception: Table 'dirgrosc_ashkohandling.airport' doesn't exist in /home/dirgrosc/public_html/ashkohandling.com/system/Database/MySQLi/Connection.php:292
Stack trace:
#0 /home/dirgrosc/public_html/ashkohandling.com/system/Database/MySQLi/Connection.php(292): mysqli->query()
#1 /home/dirgrosc/public_html/ashkohandling.com/system/Database/BaseConnection.php(666): CodeIgniter\Database\MySQLi\Connection->execute()
#2 /home/dirgrosc/public_html/ashkohandling.com/system/Database/BaseConnection.php(593): CodeIgniter\Database\BaseConnection->simpleQuery()
#3 /home/dirgrosc/public_html/ashkohandling.com/system/Database/BaseBuilder.php(1585): CodeIgniter\Database\BaseConnection->query()
#4 /home/dirgrosc/public_html/ashkohandling.com/app/Controllers/Home.php(31): CodeIgniter\Database\BaseBuilder->get()
#5 /home/dirgrosc/public_html/ashkohandling.com/system/CodeIgniter.php(927): App\Controllers\Home->index()
#6 /home/dirgrosc/public_html/ashkohandling.com/system/CodeIgniter.php(482): CodeIgniter\CodeIgniter->runController()
#7 /home/dirgrosc/public_html/ashkohandling.com/system/CodeIgniter.php(351): CodeIgniter\CodeIgniter->handleRequest()
#8 /home/dirgrosc/public_html/ashkohandling.com/public/index.php(67): CodeIgniter\CodeIgniter->run()
#9 {main}
CRITICAL - 2024-05-23 06:48:29 --> Call to a member function getResult() on bool
in APPPATH/Controllers/Home.php on line 32.
 1 SYSTEMPATH/CodeIgniter.php(927): App\Controllers\Home->index()
 2 SYSTEMPATH/CodeIgniter.php(482): CodeIgniter\CodeIgniter->runController()
 3 SYSTEMPATH/CodeIgniter.php(351): CodeIgniter\CodeIgniter->handleRequest()
 4 FCPATH/index.php(67): CodeIgniter\CodeIgniter->run()
ERROR - 2024-05-23 07:03:09 --> mysqli_sql_exception: Table 'dirgrosc_ashkohandling.album' doesn't exist in /home/dirgrosc/public_html/ashkohandling.com/system/Database/MySQLi/Connection.php:292
Stack trace:
#0 /home/dirgrosc/public_html/ashkohandling.com/system/Database/MySQLi/Connection.php(292): mysqli->query()
#1 /home/dirgrosc/public_html/ashkohandling.com/system/Database/BaseConnection.php(666): CodeIgniter\Database\MySQLi\Connection->execute()
#2 /home/dirgrosc/public_html/ashkohandling.com/system/Database/BaseConnection.php(593): CodeIgniter\Database\BaseConnection->simpleQuery()
#3 /home/dirgrosc/public_html/ashkohandling.com/system/Database/BaseBuilder.php(1585): CodeIgniter\Database\BaseConnection->query()
#4 /home/dirgrosc/public_html/ashkohandling.com/app/Controllers/Gallery.php(38): CodeIgniter\Database\BaseBuilder->get()
#5 /home/dirgrosc/public_html/ashkohandling.com/system/CodeIgniter.php(927): App\Controllers\Gallery->index()
#6 /home/dirgrosc/public_html/ashkohandling.com/system/CodeIgniter.php(482): CodeIgniter\CodeIgniter->runController()
#7 /home/dirgrosc/public_html/ashkohandling.com/system/CodeIgniter.php(351): CodeIgniter\CodeIgniter->handleRequest()
#8 /home/dirgrosc/public_html/ashkohandling.com/public/index.php(67): CodeIgniter\CodeIgniter->run()
#9 {main}
CRITICAL - 2024-05-23 07:03:09 --> Call to a member function getResult() on bool
in APPPATH/Controllers/Gallery.php on line 39.
 1 SYSTEMPATH/CodeIgniter.php(927): App\Controllers\Gallery->index()
 2 SYSTEMPATH/CodeIgniter.php(482): CodeIgniter\CodeIgniter->runController()
 3 SYSTEMPATH/CodeIgniter.php(351): CodeIgniter\CodeIgniter->handleRequest()
 4 FCPATH/index.php(67): CodeIgniter\CodeIgniter->run()
ERROR - 2024-05-23 09:47:27 --> mysqli_sql_exception: Table 'dirgrosc_ashkohandling.airport' doesn't exist in /home/dirgrosc/public_html/ashkohandling.com/system/Database/MySQLi/Connection.php:292
Stack trace:
#0 /home/dirgrosc/public_html/ashkohandling.com/system/Database/MySQLi/Connection.php(292): mysqli->query()
#1 /home/dirgrosc/public_html/ashkohandling.com/system/Database/BaseConnection.php(666): CodeIgniter\Database\MySQLi\Connection->execute()
#2 /home/dirgrosc/public_html/ashkohandling.com/system/Database/BaseConnection.php(593): CodeIgniter\Database\BaseConnection->simpleQuery()
#3 /home/dirgrosc/public_html/ashkohandling.com/system/Database/BaseBuilder.php(1585): CodeIgniter\Database\BaseConnection->query()
#4 /home/dirgrosc/public_html/ashkohandling.com/app/Controllers/Home.php(31): CodeIgniter\Database\BaseBuilder->get()
#5 /home/dirgrosc/public_html/ashkohandling.com/system/CodeIgniter.php(927): App\Controllers\Home->index()
#6 /home/dirgrosc/public_html/ashkohandling.com/system/CodeIgniter.php(482): CodeIgniter\CodeIgniter->runController()
#7 /home/dirgrosc/public_html/ashkohandling.com/system/CodeIgniter.php(351): CodeIgniter\CodeIgniter->handleRequest()
#8 /home/dirgrosc/public_html/ashkohandling.com/public/index.php(67): CodeIgniter\CodeIgniter->run()
#9 {main}
CRITICAL - 2024-05-23 09:47:27 --> Call to a member function getResult() on bool
in APPPATH/Controllers/Home.php on line 32.
 1 SYSTEMPATH/CodeIgniter.php(927): App\Controllers\Home->index()
 2 SYSTEMPATH/CodeIgniter.php(482): CodeIgniter\CodeIgniter->runController()
 3 SYSTEMPATH/CodeIgniter.php(351): CodeIgniter\CodeIgniter->handleRequest()
 4 FCPATH/index.php(67): CodeIgniter\CodeIgniter->run()
ERROR - 2024-05-23 09:51:35 --> mysqli_sql_exception: Table 'dirgrosc_ashkohandling.album' doesn't exist in /home/dirgrosc/public_html/ashkohandling.com/system/Database/MySQLi/Connection.php:292
Stack trace:
#0 /home/dirgrosc/public_html/ashkohandling.com/system/Database/MySQLi/Connection.php(292): mysqli->query()
#1 /home/dirgrosc/public_html/ashkohandling.com/system/Database/BaseConnection.php(666): CodeIgniter\Database\MySQLi\Connection->execute()
#2 /home/dirgrosc/public_html/ashkohandling.com/system/Database/BaseConnection.php(593): CodeIgniter\Database\BaseConnection->simpleQuery()
#3 /home/dirgrosc/public_html/ashkohandling.com/system/Database/BaseBuilder.php(1585): CodeIgniter\Database\BaseConnection->query()
#4 /home/dirgrosc/public_html/ashkohandling.com/app/Controllers/Gallery.php(38): CodeIgniter\Database\BaseBuilder->get()
#5 /home/dirgrosc/public_html/ashkohandling.com/system/CodeIgniter.php(927): App\Controllers\Gallery->index()
#6 /home/dirgrosc/public_html/ashkohandling.com/system/CodeIgniter.php(482): CodeIgniter\CodeIgniter->runController()
#7 /home/dirgrosc/public_html/ashkohandling.com/system/CodeIgniter.php(351): CodeIgniter\CodeIgniter->handleRequest()
#8 /home/dirgrosc/public_html/ashkohandling.com/public/index.php(67): CodeIgniter\CodeIgniter->run()
#9 {main}
CRITICAL - 2024-05-23 09:51:35 --> Call to a member function getResult() on bool
in APPPATH/Controllers/Gallery.php on line 39.
 1 SYSTEMPATH/CodeIgniter.php(927): App\Controllers\Gallery->index()
 2 SYSTEMPATH/CodeIgniter.php(482): CodeIgniter\CodeIgniter->runController()
 3 SYSTEMPATH/CodeIgniter.php(351): CodeIgniter\CodeIgniter->handleRequest()
 4 FCPATH/index.php(67): CodeIgniter\CodeIgniter->run()
ERROR - 2024-05-23 11:24:20 --> mysqli_sql_exception: Table 'dirgrosc_ashkohandling.airport' doesn't exist in /home/dirgrosc/public_html/ashkohandling.com/system/Database/MySQLi/Connection.php:292
Stack trace:
#0 /home/dirgrosc/public_html/ashkohandling.com/system/Database/MySQLi/Connection.php(292): mysqli->query()
#1 /home/dirgrosc/public_html/ashkohandling.com/system/Database/BaseConnection.php(666): CodeIgniter\Database\MySQLi\Connection->execute()
#2 /home/dirgrosc/public_html/ashkohandling.com/system/Database/BaseConnection.php(593): CodeIgniter\Database\BaseConnection->simpleQuery()
#3 /home/dirgrosc/public_html/ashkohandling.com/system/Database/BaseBuilder.php(1585): CodeIgniter\Database\BaseConnection->query()
#4 /home/dirgrosc/public_html/ashkohandling.com/app/Controllers/Home.php(31): CodeIgniter\Database\BaseBuilder->get()
#5 /home/dirgrosc/public_html/ashkohandling.com/system/CodeIgniter.php(927): App\Controllers\Home->index()
#6 /home/dirgrosc/public_html/ashkohandling.com/system/CodeIgniter.php(482): CodeIgniter\CodeIgniter->runController()
#7 /home/dirgrosc/public_html/ashkohandling.com/system/CodeIgniter.php(351): CodeIgniter\CodeIgniter->handleRequest()
#8 /home/dirgrosc/public_html/ashkohandling.com/public/index.php(67): CodeIgniter\CodeIgniter->run()
#9 {main}
CRITICAL - 2024-05-23 11:24:20 --> Call to a member function getResult() on bool
in APPPATH/Controllers/Home.php on line 32.
 1 SYSTEMPATH/CodeIgniter.php(927): App\Controllers\Home->index()
 2 SYSTEMPATH/CodeIgniter.php(482): CodeIgniter\CodeIgniter->runController()
 3 SYSTEMPATH/CodeIgniter.php(351): CodeIgniter\CodeIgniter->handleRequest()
 4 FCPATH/index.php(67): CodeIgniter\CodeIgniter->run()
ERROR - 2024-05-23 11:30:56 --> mysqli_sql_exception: Table 'dirgrosc_ashkohandling.airport' doesn't exist in /home/dirgrosc/public_html/ashkohandling.com/system/Database/MySQLi/Connection.php:292
Stack trace:
#0 /home/dirgrosc/public_html/ashkohandling.com/system/Database/MySQLi/Connection.php(292): mysqli->query()
#1 /home/dirgrosc/public_html/ashkohandling.com/system/Database/BaseConnection.php(666): CodeIgniter\Database\MySQLi\Connection->execute()
#2 /home/dirgrosc/public_html/ashkohandling.com/system/Database/BaseConnection.php(593): CodeIgniter\Database\BaseConnection->simpleQuery()
#3 /home/dirgrosc/public_html/ashkohandling.com/system/Database/BaseBuilder.php(1585): CodeIgniter\Database\BaseConnection->query()
#4 /home/dirgrosc/public_html/ashkohandling.com/app/Controllers/Home.php(31): CodeIgniter\Database\BaseBuilder->get()
#5 /home/dirgrosc/public_html/ashkohandling.com/system/CodeIgniter.php(927): App\Controllers\Home->index()
#6 /home/dirgrosc/public_html/ashkohandling.com/system/CodeIgniter.php(482): CodeIgniter\CodeIgniter->runController()
#7 /home/dirgrosc/public_html/ashkohandling.com/system/CodeIgniter.php(351): CodeIgniter\CodeIgniter->handleRequest()
#8 /home/dirgrosc/public_html/ashkohandling.com/public/index.php(67): CodeIgniter\CodeIgniter->run()
#9 {main}
CRITICAL - 2024-05-23 11:30:56 --> Call to a member function getResult() on bool
in APPPATH/Controllers/Home.php on line 32.
 1 SYSTEMPATH/CodeIgniter.php(927): App\Controllers\Home->index()
 2 SYSTEMPATH/CodeIgniter.php(482): CodeIgniter\CodeIgniter->runController()
 3 SYSTEMPATH/CodeIgniter.php(351): CodeIgniter\CodeIgniter->handleRequest()
 4 FCPATH/index.php(67): CodeIgniter\CodeIgniter->run()
ERROR - 2024-05-23 12:01:46 --> mysqli_sql_exception: Table 'dirgrosc_ashkohandling.airport' doesn't exist in /home/dirgrosc/public_html/ashkohandling.com/system/Database/MySQLi/Connection.php:292
Stack trace:
#0 /home/dirgrosc/public_html/ashkohandling.com/system/Database/MySQLi/Connection.php(292): mysqli->query()
#1 /home/dirgrosc/public_html/ashkohandling.com/system/Database/BaseConnection.php(666): CodeIgniter\Database\MySQLi\Connection->execute()
#2 /home/dirgrosc/public_html/ashkohandling.com/system/Database/BaseConnection.php(593): CodeIgniter\Database\BaseConnection->simpleQuery()
#3 /home/dirgrosc/public_html/ashkohandling.com/system/Database/BaseBuilder.php(1585): CodeIgniter\Database\BaseConnection->query()
#4 /home/dirgrosc/public_html/ashkohandling.com/app/Controllers/Home.php(31): CodeIgniter\Database\BaseBuilder->get()
#5 /home/dirgrosc/public_html/ashkohandling.com/system/CodeIgniter.php(927): App\Controllers\Home->index()
#6 /home/dirgrosc/public_html/ashkohandling.com/system/CodeIgniter.php(482): CodeIgniter\CodeIgniter->runController()
#7 /home/dirgrosc/public_html/ashkohandling.com/system/CodeIgniter.php(351): CodeIgniter\CodeIgniter->handleRequest()
#8 /home/dirgrosc/public_html/ashkohandling.com/public/index.php(67): CodeIgniter\CodeIgniter->run()
#9 {main}
CRITICAL - 2024-05-23 12:01:46 --> Call to a member function getResult() on bool
in APPPATH/Controllers/Home.php on line 32.
 1 SYSTEMPATH/CodeIgniter.php(927): App\Controllers\Home->index()
 2 SYSTEMPATH/CodeIgniter.php(482): CodeIgniter\CodeIgniter->runController()
 3 SYSTEMPATH/CodeIgniter.php(351): CodeIgniter\CodeIgniter->handleRequest()
 4 FCPATH/index.php(67): CodeIgniter\CodeIgniter->run()
ERROR - 2024-05-23 13:44:58 --> mysqli_sql_exception: Table 'dirgrosc_ashkohandling.airport' doesn't exist in /home/dirgrosc/public_html/ashkohandling.com/system/Database/MySQLi/Connection.php:292
Stack trace:
#0 /home/dirgrosc/public_html/ashkohandling.com/system/Database/MySQLi/Connection.php(292): mysqli->query()
#1 /home/dirgrosc/public_html/ashkohandling.com/system/Database/BaseConnection.php(666): CodeIgniter\Database\MySQLi\Connection->execute()
#2 /home/dirgrosc/public_html/ashkohandling.com/system/Database/BaseConnection.php(593): CodeIgniter\Database\BaseConnection->simpleQuery()
#3 /home/dirgrosc/public_html/ashkohandling.com/system/Database/BaseBuilder.php(1585): CodeIgniter\Database\BaseConnection->query()
#4 /home/dirgrosc/public_html/ashkohandling.com/app/Controllers/Home.php(31): CodeIgniter\Database\BaseBuilder->get()
#5 /home/dirgrosc/public_html/ashkohandling.com/system/CodeIgniter.php(927): App\Controllers\Home->index()
#6 /home/dirgrosc/public_html/ashkohandling.com/system/CodeIgniter.php(482): CodeIgniter\CodeIgniter->runController()
#7 /home/dirgrosc/public_html/ashkohandling.com/system/CodeIgniter.php(351): CodeIgniter\CodeIgniter->handleRequest()
#8 /home/dirgrosc/public_html/ashkohandling.com/public/index.php(67): CodeIgniter\CodeIgniter->run()
#9 {main}
CRITICAL - 2024-05-23 13:44:58 --> Call to a member function getResult() on bool
in APPPATH/Controllers/Home.php on line 32.
 1 SYSTEMPATH/CodeIgniter.php(927): App\Controllers\Home->index()
 2 SYSTEMPATH/CodeIgniter.php(482): CodeIgniter\CodeIgniter->runController()
 3 SYSTEMPATH/CodeIgniter.php(351): CodeIgniter\CodeIgniter->handleRequest()
 4 FCPATH/index.php(67): CodeIgniter\CodeIgniter->run()
ERROR - 2024-05-23 14:00:16 --> mysqli_sql_exception: Table 'dirgrosc_ashkohandling.airport' doesn't exist in /home/dirgrosc/public_html/ashkohandling.com/system/Database/MySQLi/Connection.php:292
Stack trace:
#0 /home/dirgrosc/public_html/ashkohandling.com/system/Database/MySQLi/Connection.php(292): mysqli->query()
#1 /home/dirgrosc/public_html/ashkohandling.com/system/Database/BaseConnection.php(666): CodeIgniter\Database\MySQLi\Connection->execute()
#2 /home/dirgrosc/public_html/ashkohandling.com/system/Database/BaseConnection.php(593): CodeIgniter\Database\BaseConnection->simpleQuery()
#3 /home/dirgrosc/public_html/ashkohandling.com/system/Database/BaseBuilder.php(1585): CodeIgniter\Database\BaseConnection->query()
#4 /home/dirgrosc/public_html/ashkohandling.com/app/Controllers/Home.php(31): CodeIgniter\Database\BaseBuilder->get()
#5 /home/dirgrosc/public_html/ashkohandling.com/system/CodeIgniter.php(927): App\Controllers\Home->index()
#6 /home/dirgrosc/public_html/ashkohandling.com/system/CodeIgniter.php(482): CodeIgniter\CodeIgniter->runController()
#7 /home/dirgrosc/public_html/ashkohandling.com/system/CodeIgniter.php(351): CodeIgniter\CodeIgniter->handleRequest()
#8 /home/dirgrosc/public_html/ashkohandling.com/public/index.php(67): CodeIgniter\CodeIgniter->run()
#9 {main}
CRITICAL - 2024-05-23 14:00:16 --> Call to a member function getResult() on bool
in APPPATH/Controllers/Home.php on line 32.
 1 SYSTEMPATH/CodeIgniter.php(927): App\Controllers\Home->index()
 2 SYSTEMPATH/CodeIgniter.php(482): CodeIgniter\CodeIgniter->runController()
 3 SYSTEMPATH/CodeIgniter.php(351): CodeIgniter\CodeIgniter->handleRequest()
 4 FCPATH/index.php(67): CodeIgniter\CodeIgniter->run()
ERROR - 2024-05-23 15:03:32 --> mysqli_sql_exception: Table 'dirgrosc_ashkohandling.airport' doesn't exist in /home/dirgrosc/public_html/ashkohandling.com/system/Database/MySQLi/Connection.php:292
Stack trace:
#0 /home/dirgrosc/public_html/ashkohandling.com/system/Database/MySQLi/Connection.php(292): mysqli->query()
#1 /home/dirgrosc/public_html/ashkohandling.com/system/Database/BaseConnection.php(666): CodeIgniter\Database\MySQLi\Connection->execute()
#2 /home/dirgrosc/public_html/ashkohandling.com/system/Database/BaseConnection.php(593): CodeIgniter\Database\BaseConnection->simpleQuery()
#3 /home/dirgrosc/public_html/ashkohandling.com/system/Database/BaseBuilder.php(1585): CodeIgniter\Database\BaseConnection->query()
#4 /home/dirgrosc/public_html/ashkohandling.com/app/Controllers/Home.php(31): CodeIgniter\Database\BaseBuilder->get()
#5 /home/dirgrosc/public_html/ashkohandling.com/system/CodeIgniter.php(927): App\Controllers\Home->index()
#6 /home/dirgrosc/public_html/ashkohandling.com/system/CodeIgniter.php(482): CodeIgniter\CodeIgniter->runController()
#7 /home/dirgrosc/public_html/ashkohandling.com/system/CodeIgniter.php(351): CodeIgniter\CodeIgniter->handleRequest()
#8 /home/dirgrosc/public_html/ashkohandling.com/public/index.php(67): CodeIgniter\CodeIgniter->run()
#9 {main}
CRITICAL - 2024-05-23 15:03:32 --> Call to a member function getResult() on bool
in APPPATH/Controllers/Home.php on line 32.
 1 SYSTEMPATH/CodeIgniter.php(927): App\Controllers\Home->index()
 2 SYSTEMPATH/CodeIgniter.php(482): CodeIgniter\CodeIgniter->runController()
 3 SYSTEMPATH/CodeIgniter.php(351): CodeIgniter\CodeIgniter->handleRequest()
 4 FCPATH/index.php(67): CodeIgniter\CodeIgniter->run()
ERROR - 2024-05-23 15:29:40 --> mysqli_sql_exception: Table 'dirgrosc_ashkohandling.airport' doesn't exist in /home/dirgrosc/public_html/ashkohandling.com/system/Database/MySQLi/Connection.php:292
Stack trace:
#0 /home/dirgrosc/public_html/ashkohandling.com/system/Database/MySQLi/Connection.php(292): mysqli->query()
#1 /home/dirgrosc/public_html/ashkohandling.com/system/Database/BaseConnection.php(666): CodeIgniter\Database\MySQLi\Connection->execute()
#2 /home/dirgrosc/public_html/ashkohandling.com/system/Database/BaseConnection.php(593): CodeIgniter\Database\BaseConnection->simpleQuery()
#3 /home/dirgrosc/public_html/ashkohandling.com/system/Database/BaseBuilder.php(1585): CodeIgniter\Database\BaseConnection->query()
#4 /home/dirgrosc/public_html/ashkohandling.com/app/Controllers/Home.php(31): CodeIgniter\Database\BaseBuilder->get()
#5 /home/dirgrosc/public_html/ashkohandling.com/system/CodeIgniter.php(927): App\Controllers\Home->index()
#6 /home/dirgrosc/public_html/ashkohandling.com/system/CodeIgniter.php(482): CodeIgniter\CodeIgniter->runController()
#7 /home/dirgrosc/public_html/ashkohandling.com/system/CodeIgniter.php(351): CodeIgniter\CodeIgniter->handleRequest()
#8 /home/dirgrosc/public_html/ashkohandling.com/public/index.php(67): CodeIgniter\CodeIgniter->run()
#9 {main}
CRITICAL - 2024-05-23 15:29:40 --> Call to a member function getResult() on bool
in APPPATH/Controllers/Home.php on line 32.
 1 SYSTEMPATH/CodeIgniter.php(927): App\Controllers\Home->index()
 2 SYSTEMPATH/CodeIgniter.php(482): CodeIgniter\CodeIgniter->runController()
 3 SYSTEMPATH/CodeIgniter.php(351): CodeIgniter\CodeIgniter->handleRequest()
 4 FCPATH/index.php(67): CodeIgniter\CodeIgniter->run()
ERROR - 2024-05-23 15:42:01 --> mysqli_sql_exception: Table 'dirgrosc_ashkohandling.airport' doesn't exist in /home/dirgrosc/public_html/ashkohandling.com/system/Database/MySQLi/Connection.php:292
Stack trace:
#0 /home/dirgrosc/public_html/ashkohandling.com/system/Database/MySQLi/Connection.php(292): mysqli->query()
#1 /home/dirgrosc/public_html/ashkohandling.com/system/Database/BaseConnection.php(666): CodeIgniter\Database\MySQLi\Connection->execute()
#2 /home/dirgrosc/public_html/ashkohandling.com/system/Database/BaseConnection.php(593): CodeIgniter\Database\BaseConnection->simpleQuery()
#3 /home/dirgrosc/public_html/ashkohandling.com/system/Database/BaseBuilder.php(1585): CodeIgniter\Database\BaseConnection->query()
#4 /home/dirgrosc/public_html/ashkohandling.com/app/Controllers/Home.php(31): CodeIgniter\Database\BaseBuilder->get()
#5 /home/dirgrosc/public_html/ashkohandling.com/system/CodeIgniter.php(927): App\Controllers\Home->index()
#6 /home/dirgrosc/public_html/ashkohandling.com/system/CodeIgniter.php(482): CodeIgniter\CodeIgniter->runController()
#7 /home/dirgrosc/public_html/ashkohandling.com/system/CodeIgniter.php(351): CodeIgniter\CodeIgniter->handleRequest()
#8 /home/dirgrosc/public_html/ashkohandling.com/public/index.php(67): CodeIgniter\CodeIgniter->run()
#9 {main}
CRITICAL - 2024-05-23 15:42:01 --> Call to a member function getResult() on bool
in APPPATH/Controllers/Home.php on line 32.
 1 SYSTEMPATH/CodeIgniter.php(927): App\Controllers\Home->index()
 2 SYSTEMPATH/CodeIgniter.php(482): CodeIgniter\CodeIgniter->runController()
 3 SYSTEMPATH/CodeIgniter.php(351): CodeIgniter\CodeIgniter->handleRequest()
 4 FCPATH/index.php(67): CodeIgniter\CodeIgniter->run()
ERROR - 2024-05-23 16:16:43 --> mysqli_sql_exception: Table 'dirgrosc_ashkohandling.airport' doesn't exist in /home/dirgrosc/public_html/ashkohandling.com/system/Database/MySQLi/Connection.php:292
Stack trace:
#0 /home/dirgrosc/public_html/ashkohandling.com/system/Database/MySQLi/Connection.php(292): mysqli->query()
#1 /home/dirgrosc/public_html/ashkohandling.com/system/Database/BaseConnection.php(666): CodeIgniter\Database\MySQLi\Connection->execute()
#2 /home/dirgrosc/public_html/ashkohandling.com/system/Database/BaseConnection.php(593): CodeIgniter\Database\BaseConnection->simpleQuery()
#3 /home/dirgrosc/public_html/ashkohandling.com/system/Database/BaseBuilder.php(1585): CodeIgniter\Database\BaseConnection->query()
#4 /home/dirgrosc/public_html/ashkohandling.com/app/Controllers/Home.php(31): CodeIgniter\Database\BaseBuilder->get()
#5 /home/dirgrosc/public_html/ashkohandling.com/system/CodeIgniter.php(927): App\Controllers\Home->index()
#6 /home/dirgrosc/public_html/ashkohandling.com/system/CodeIgniter.php(482): CodeIgniter\CodeIgniter->runController()
#7 /home/dirgrosc/public_html/ashkohandling.com/system/CodeIgniter.php(351): CodeIgniter\CodeIgniter->handleRequest()
#8 /home/dirgrosc/public_html/ashkohandling.com/public/index.php(67): CodeIgniter\CodeIgniter->run()
#9 {main}
CRITICAL - 2024-05-23 16:16:43 --> Call to a member function getResult() on bool
in APPPATH/Controllers/Home.php on line 32.
 1 SYSTEMPATH/CodeIgniter.php(927): App\Controllers\Home->index()
 2 SYSTEMPATH/CodeIgniter.php(482): CodeIgniter\CodeIgniter->runController()
 3 SYSTEMPATH/CodeIgniter.php(351): CodeIgniter\CodeIgniter->handleRequest()
 4 FCPATH/index.php(67): CodeIgniter\CodeIgniter->run()
ERROR - 2024-05-23 16:26:18 --> mysqli_sql_exception: Table 'dirgrosc_ashkohandling.airport' doesn't exist in /home/dirgrosc/public_html/ashkohandling.com/system/Database/MySQLi/Connection.php:292
Stack trace:
#0 /home/dirgrosc/public_html/ashkohandling.com/system/Database/MySQLi/Connection.php(292): mysqli->query()
#1 /home/dirgrosc/public_html/ashkohandling.com/system/Database/BaseConnection.php(666): CodeIgniter\Database\MySQLi\Connection->execute()
#2 /home/dirgrosc/public_html/ashkohandling.com/system/Database/BaseConnection.php(593): CodeIgniter\Database\BaseConnection->simpleQuery()
#3 /home/dirgrosc/public_html/ashkohandling.com/system/Database/BaseBuilder.php(1585): CodeIgniter\Database\BaseConnection->query()
#4 /home/dirgrosc/public_html/ashkohandling.com/app/Controllers/Home.php(31): CodeIgniter\Database\BaseBuilder->get()
#5 /home/dirgrosc/public_html/ashkohandling.com/system/CodeIgniter.php(927): App\Controllers\Home->index()
#6 /home/dirgrosc/public_html/ashkohandling.com/system/CodeIgniter.php(482): CodeIgniter\CodeIgniter->runController()
#7 /home/dirgrosc/public_html/ashkohandling.com/system/CodeIgniter.php(351): CodeIgniter\CodeIgniter->handleRequest()
#8 /home/dirgrosc/public_html/ashkohandling.com/public/index.php(67): CodeIgniter\CodeIgniter->run()
#9 {main}
CRITICAL - 2024-05-23 16:26:18 --> Call to a member function getResult() on bool
in APPPATH/Controllers/Home.php on line 32.
 1 SYSTEMPATH/CodeIgniter.php(927): App\Controllers\Home->index()
 2 SYSTEMPATH/CodeIgniter.php(482): CodeIgniter\CodeIgniter->runController()
 3 SYSTEMPATH/CodeIgniter.php(351): CodeIgniter\CodeIgniter->handleRequest()
 4 FCPATH/index.php(67): CodeIgniter\CodeIgniter->run()
ERROR - 2024-05-23 17:37:29 --> mysqli_sql_exception: Table 'dirgrosc_ashkohandling.airport' doesn't exist in /home/dirgrosc/public_html/ashkohandling.com/system/Database/MySQLi/Connection.php:292
Stack trace:
#0 /home/dirgrosc/public_html/ashkohandling.com/system/Database/MySQLi/Connection.php(292): mysqli->query()
#1 /home/dirgrosc/public_html/ashkohandling.com/system/Database/BaseConnection.php(666): CodeIgniter\Database\MySQLi\Connection->execute()
#2 /home/dirgrosc/public_html/ashkohandling.com/system/Database/BaseConnection.php(593): CodeIgniter\Database\BaseConnection->simpleQuery()
#3 /home/dirgrosc/public_html/ashkohandling.com/system/Database/BaseBuilder.php(1585): CodeIgniter\Database\BaseConnection->query()
#4 /home/dirgrosc/public_html/ashkohandling.com/app/Controllers/Home.php(31): CodeIgniter\Database\BaseBuilder->get()
#5 /home/dirgrosc/public_html/ashkohandling.com/system/CodeIgniter.php(927): App\Controllers\Home->index()
#6 /home/dirgrosc/public_html/ashkohandling.com/system/CodeIgniter.php(482): CodeIgniter\CodeIgniter->runController()
#7 /home/dirgrosc/public_html/ashkohandling.com/system/CodeIgniter.php(351): CodeIgniter\CodeIgniter->handleRequest()
#8 /home/dirgrosc/public_html/ashkohandling.com/public/index.php(67): CodeIgniter\CodeIgniter->run()
#9 {main}
CRITICAL - 2024-05-23 17:37:29 --> Call to a member function getResult() on bool
in APPPATH/Controllers/Home.php on line 32.
 1 SYSTEMPATH/CodeIgniter.php(927): App\Controllers\Home->index()
 2 SYSTEMPATH/CodeIgniter.php(482): CodeIgniter\CodeIgniter->runController()
 3 SYSTEMPATH/CodeIgniter.php(351): CodeIgniter\CodeIgniter->handleRequest()
 4 FCPATH/index.php(67): CodeIgniter\CodeIgniter->run()
ERROR - 2024-05-23 17:39:20 --> mysqli_sql_exception: Table 'dirgrosc_ashkohandling.airport' doesn't exist in /home/dirgrosc/public_html/ashkohandling.com/system/Database/MySQLi/Connection.php:292
Stack trace:
#0 /home/dirgrosc/public_html/ashkohandling.com/system/Database/MySQLi/Connection.php(292): mysqli->query()
#1 /home/dirgrosc/public_html/ashkohandling.com/system/Database/BaseConnection.php(666): CodeIgniter\Database\MySQLi\Connection->execute()
#2 /home/dirgrosc/public_html/ashkohandling.com/system/Database/BaseConnection.php(593): CodeIgniter\Database\BaseConnection->simpleQuery()
#3 /home/dirgrosc/public_html/ashkohandling.com/system/Database/BaseBuilder.php(1585): CodeIgniter\Database\BaseConnection->query()
#4 /home/dirgrosc/public_html/ashkohandling.com/app/Controllers/Home.php(31): CodeIgniter\Database\BaseBuilder->get()
#5 /home/dirgrosc/public_html/ashkohandling.com/system/CodeIgniter.php(927): App\Controllers\Home->index()
#6 /home/dirgrosc/public_html/ashkohandling.com/system/CodeIgniter.php(482): CodeIgniter\CodeIgniter->runController()
#7 /home/dirgrosc/public_html/ashkohandling.com/system/CodeIgniter.php(351): CodeIgniter\CodeIgniter->handleRequest()
#8 /home/dirgrosc/public_html/ashkohandling.com/public/index.php(67): CodeIgniter\CodeIgniter->run()
#9 {main}
CRITICAL - 2024-05-23 17:39:20 --> Call to a member function getResult() on bool
in APPPATH/Controllers/Home.php on line 32.
 1 SYSTEMPATH/CodeIgniter.php(927): App\Controllers\Home->index()
 2 SYSTEMPATH/CodeIgniter.php(482): CodeIgniter\CodeIgniter->runController()
 3 SYSTEMPATH/CodeIgniter.php(351): CodeIgniter\CodeIgniter->handleRequest()
 4 FCPATH/index.php(67): CodeIgniter\CodeIgniter->run()
ERROR - 2024-05-23 21:31:43 --> mysqli_sql_exception: Table 'dirgrosc_ashkohandling.airport' doesn't exist in /home/dirgrosc/public_html/ashkohandling.com/system/Database/MySQLi/Connection.php:292
Stack trace:
#0 /home/dirgrosc/public_html/ashkohandling.com/system/Database/MySQLi/Connection.php(292): mysqli->query()
#1 /home/dirgrosc/public_html/ashkohandling.com/system/Database/BaseConnection.php(666): CodeIgniter\Database\MySQLi\Connection->execute()
#2 /home/dirgrosc/public_html/ashkohandling.com/system/Database/BaseConnection.php(593): CodeIgniter\Database\BaseConnection->simpleQuery()
#3 /home/dirgrosc/public_html/ashkohandling.com/system/Database/BaseBuilder.php(1585): CodeIgniter\Database\BaseConnection->query()
#4 /home/dirgrosc/public_html/ashkohandling.com/app/Controllers/Home.php(31): CodeIgniter\Database\BaseBuilder->get()
#5 /home/dirgrosc/public_html/ashkohandling.com/system/CodeIgniter.php(927): App\Controllers\Home->index()
#6 /home/dirgrosc/public_html/ashkohandling.com/system/CodeIgniter.php(482): CodeIgniter\CodeIgniter->runController()
#7 /home/dirgrosc/public_html/ashkohandling.com/system/CodeIgniter.php(351): CodeIgniter\CodeIgniter->handleRequest()
#8 /home/dirgrosc/public_html/ashkohandling.com/public/index.php(67): CodeIgniter\CodeIgniter->run()
#9 {main}
CRITICAL - 2024-05-23 21:31:43 --> Call to a member function getResult() on bool
in APPPATH/Controllers/Home.php on line 32.
 1 SYSTEMPATH/CodeIgniter.php(927): App\Controllers\Home->index()
 2 SYSTEMPATH/CodeIgniter.php(482): CodeIgniter\CodeIgniter->runController()
 3 SYSTEMPATH/CodeIgniter.php(351): CodeIgniter\CodeIgniter->handleRequest()
 4 FCPATH/index.php(67): CodeIgniter\CodeIgniter->run()
ERROR - 2024-05-23 21:31:43 --> mysqli_sql_exception: Table 'dirgrosc_ashkohandling.airport' doesn't exist in /home/dirgrosc/public_html/ashkohandling.com/system/Database/MySQLi/Connection.php:292
Stack trace:
#0 /home/dirgrosc/public_html/ashkohandling.com/system/Database/MySQLi/Connection.php(292): mysqli->query()
#1 /home/dirgrosc/public_html/ashkohandling.com/system/Database/BaseConnection.php(666): CodeIgniter\Database\MySQLi\Connection->execute()
#2 /home/dirgrosc/public_html/ashkohandling.com/system/Database/BaseConnection.php(593): CodeIgniter\Database\BaseConnection->simpleQuery()
#3 /home/dirgrosc/public_html/ashkohandling.com/system/Database/BaseBuilder.php(1585): CodeIgniter\Database\BaseConnection->query()
#4 /home/dirgrosc/public_html/ashkohandling.com/app/Controllers/Home.php(31): CodeIgniter\Database\BaseBuilder->get()
#5 /home/dirgrosc/public_html/ashkohandling.com/system/CodeIgniter.php(927): App\Controllers\Home->index()
#6 /home/dirgrosc/public_html/ashkohandling.com/system/CodeIgniter.php(482): CodeIgniter\CodeIgniter->runController()
#7 /home/dirgrosc/public_html/ashkohandling.com/system/CodeIgniter.php(351): CodeIgniter\CodeIgniter->handleRequest()
#8 /home/dirgrosc/public_html/ashkohandling.com/public/index.php(67): CodeIgniter\CodeIgniter->run()
#9 {main}
CRITICAL - 2024-05-23 21:31:43 --> Call to a member function getResult() on bool
in APPPATH/Controllers/Home.php on line 32.
 1 SYSTEMPATH/CodeIgniter.php(927): App\Controllers\Home->index()
 2 SYSTEMPATH/CodeIgniter.php(482): CodeIgniter\CodeIgniter->runController()
 3 SYSTEMPATH/CodeIgniter.php(351): CodeIgniter\CodeIgniter->handleRequest()
 4 FCPATH/index.php(67): CodeIgniter\CodeIgniter->run()
