ERROR - 2024-05-31 02:28:54 --> mysqli_sql_exception: Table 'dirgrosc_ashkohandling.airport' doesn't exist in /home/dirgrosc/public_html/ashkohandling.com/system/Database/MySQLi/Connection.php:292
Stack trace:
#0 /home/dirgrosc/public_html/ashkohandling.com/system/Database/MySQLi/Connection.php(292): mysqli->query()
#1 /home/dirgrosc/public_html/ashkohandling.com/system/Database/BaseConnection.php(666): CodeIgniter\Database\MySQLi\Connection->execute()
#2 /home/dirgrosc/public_html/ashkohandling.com/system/Database/BaseConnection.php(593): CodeIgniter\Database\BaseConnection->simpleQuery()
#3 /home/dirgrosc/public_html/ashkohandling.com/system/Database/BaseBuilder.php(1585): CodeIgniter\Database\BaseConnection->query()
#4 /home/dirgrosc/public_html/ashkohandling.com/app/Controllers/Home.php(31): CodeIgniter\Database\BaseBuilder->get()
#5 /home/dirgrosc/public_html/ashkohandling.com/system/CodeIgniter.php(927): App\Controllers\Home->index()
#6 /home/dirgrosc/public_html/ashkohandling.com/system/CodeIgniter.php(482): CodeIgniter\CodeIgniter->runController()
#7 /home/dirgrosc/public_html/ashkohandling.com/system/CodeIgniter.php(351): CodeIgniter\CodeIgniter->handleRequest()
#8 /home/dirgrosc/public_html/ashkohandling.com/public/index.php(67): CodeIgniter\CodeIgniter->run()
#9 {main}
CRITICAL - 2024-05-31 02:28:54 --> Call to a member function getResult() on bool
in APPPATH/Controllers/Home.php on line 32.
 1 SYSTEMPATH/CodeIgniter.php(927): App\Controllers\Home->index()
 2 SYSTEMPATH/CodeIgniter.php(482): CodeIgniter\CodeIgniter->runController()
 3 SYSTEMPATH/CodeIgniter.php(351): CodeIgniter\CodeIgniter->handleRequest()
 4 FCPATH/index.php(67): CodeIgniter\CodeIgniter->run()
ERROR - 2024-05-31 06:10:27 --> mysqli_sql_exception: Table 'dirgrosc_ashkohandling.airport' doesn't exist in /home/dirgrosc/public_html/ashkohandling.com/system/Database/MySQLi/Connection.php:292
Stack trace:
#0 /home/dirgrosc/public_html/ashkohandling.com/system/Database/MySQLi/Connection.php(292): mysqli->query()
#1 /home/dirgrosc/public_html/ashkohandling.com/system/Database/BaseConnection.php(666): CodeIgniter\Database\MySQLi\Connection->execute()
#2 /home/dirgrosc/public_html/ashkohandling.com/system/Database/BaseConnection.php(593): CodeIgniter\Database\BaseConnection->simpleQuery()
#3 /home/dirgrosc/public_html/ashkohandling.com/system/Database/BaseBuilder.php(1585): CodeIgniter\Database\BaseConnection->query()
#4 /home/dirgrosc/public_html/ashkohandling.com/app/Controllers/Home.php(31): CodeIgniter\Database\BaseBuilder->get()
#5 /home/dirgrosc/public_html/ashkohandling.com/system/CodeIgniter.php(927): App\Controllers\Home->index()
#6 /home/dirgrosc/public_html/ashkohandling.com/system/CodeIgniter.php(482): CodeIgniter\CodeIgniter->runController()
#7 /home/dirgrosc/public_html/ashkohandling.com/system/CodeIgniter.php(351): CodeIgniter\CodeIgniter->handleRequest()
#8 /home/dirgrosc/public_html/ashkohandling.com/public/index.php(67): CodeIgniter\CodeIgniter->run()
#9 {main}
CRITICAL - 2024-05-31 06:10:27 --> Call to a member function getResult() on bool
in APPPATH/Controllers/Home.php on line 32.
 1 SYSTEMPATH/CodeIgniter.php(927): App\Controllers\Home->index()
 2 SYSTEMPATH/CodeIgniter.php(482): CodeIgniter\CodeIgniter->runController()
 3 SYSTEMPATH/CodeIgniter.php(351): CodeIgniter\CodeIgniter->handleRequest()
 4 FCPATH/index.php(67): CodeIgniter\CodeIgniter->run()
ERROR - 2024-05-31 06:23:19 --> mysqli_sql_exception: Table 'dirgrosc_ashkohandling.airport' doesn't exist in /home/dirgrosc/ashkohandling.com/system/Database/MySQLi/Connection.php:292
Stack trace:
#0 /home/dirgrosc/ashkohandling.com/system/Database/MySQLi/Connection.php(292): mysqli->query()
#1 /home/dirgrosc/ashkohandling.com/system/Database/BaseConnection.php(666): CodeIgniter\Database\MySQLi\Connection->execute()
#2 /home/dirgrosc/ashkohandling.com/system/Database/BaseConnection.php(593): CodeIgniter\Database\BaseConnection->simpleQuery()
#3 /home/dirgrosc/ashkohandling.com/system/Database/BaseBuilder.php(1585): CodeIgniter\Database\BaseConnection->query()
#4 /home/dirgrosc/ashkohandling.com/app/Controllers/Home.php(31): CodeIgniter\Database\BaseBuilder->get()
#5 /home/dirgrosc/ashkohandling.com/system/CodeIgniter.php(927): App\Controllers\Home->index()
#6 /home/dirgrosc/ashkohandling.com/system/CodeIgniter.php(482): CodeIgniter\CodeIgniter->runController()
#7 /home/dirgrosc/ashkohandling.com/system/CodeIgniter.php(351): CodeIgniter\CodeIgniter->handleRequest()
#8 /home/dirgrosc/ashkohandling.com/public/index.php(67): CodeIgniter\CodeIgniter->run()
#9 {main}
CRITICAL - 2024-05-31 06:23:19 --> Call to a member function getResult() on bool
in APPPATH/Controllers/Home.php on line 32.
 1 SYSTEMPATH/CodeIgniter.php(927): App\Controllers\Home->index()
 2 SYSTEMPATH/CodeIgniter.php(482): CodeIgniter\CodeIgniter->runController()
 3 SYSTEMPATH/CodeIgniter.php(351): CodeIgniter\CodeIgniter->handleRequest()
 4 FCPATH/index.php(67): CodeIgniter\CodeIgniter->run()
ERROR - 2024-05-31 06:23:34 --> mysqli_sql_exception: Table 'dirgrosc_ashkohandling.airport' doesn't exist in /home/dirgrosc/ashkohandling.com/system/Database/MySQLi/Connection.php:292
Stack trace:
#0 /home/dirgrosc/ashkohandling.com/system/Database/MySQLi/Connection.php(292): mysqli->query()
#1 /home/dirgrosc/ashkohandling.com/system/Database/BaseConnection.php(666): CodeIgniter\Database\MySQLi\Connection->execute()
#2 /home/dirgrosc/ashkohandling.com/system/Database/BaseConnection.php(593): CodeIgniter\Database\BaseConnection->simpleQuery()
#3 /home/dirgrosc/ashkohandling.com/system/Database/BaseBuilder.php(1585): CodeIgniter\Database\BaseConnection->query()
#4 /home/dirgrosc/ashkohandling.com/app/Controllers/Home.php(31): CodeIgniter\Database\BaseBuilder->get()
#5 /home/dirgrosc/ashkohandling.com/system/CodeIgniter.php(927): App\Controllers\Home->index()
#6 /home/dirgrosc/ashkohandling.com/system/CodeIgniter.php(482): CodeIgniter\CodeIgniter->runController()
#7 /home/dirgrosc/ashkohandling.com/system/CodeIgniter.php(351): CodeIgniter\CodeIgniter->handleRequest()
#8 /home/dirgrosc/ashkohandling.com/public/index.php(67): CodeIgniter\CodeIgniter->run()
#9 {main}
CRITICAL - 2024-05-31 06:23:34 --> Table 'dirgrosc_ashkohandling.airport' doesn't exist
in SYSTEMPATH/Database/MySQLi/Connection.php on line 292.
 1 SYSTEMPATH/Database/MySQLi/Connection.php(292): mysqli->query()
 2 SYSTEMPATH/Database/BaseConnection.php(666): CodeIgniter\Database\MySQLi\Connection->execute()
 3 SYSTEMPATH/Database/BaseConnection.php(593): CodeIgniter\Database\BaseConnection->simpleQuery()
 4 SYSTEMPATH/Database/BaseBuilder.php(1585): CodeIgniter\Database\BaseConnection->query()
 5 APPPATH/Controllers/Home.php(31): CodeIgniter\Database\BaseBuilder->get()
 6 SYSTEMPATH/CodeIgniter.php(927): App\Controllers\Home->index()
 7 SYSTEMPATH/CodeIgniter.php(482): CodeIgniter\CodeIgniter->runController()
 8 SYSTEMPATH/CodeIgniter.php(351): CodeIgniter\CodeIgniter->handleRequest()
 9 FCPATH/index.php(67): CodeIgniter\CodeIgniter->run()
ERROR - 2024-05-31 06:28:26 --> mysqli_sql_exception: Table 'dirgrosc_ashkohandling.reservation' doesn't exist in /home/dirgrosc/ashkohandling.com/system/Database/MySQLi/Connection.php:292
Stack trace:
#0 /home/dirgrosc/ashkohandling.com/system/Database/MySQLi/Connection.php(292): mysqli->query()
#1 /home/dirgrosc/ashkohandling.com/system/Database/BaseConnection.php(666): CodeIgniter\Database\MySQLi\Connection->execute()
#2 /home/dirgrosc/ashkohandling.com/system/Database/BaseConnection.php(593): CodeIgniter\Database\BaseConnection->simpleQuery()
#3 /home/dirgrosc/ashkohandling.com/app/Controllers/Dashboard.php(60): CodeIgniter\Database\BaseConnection->query()
#4 /home/dirgrosc/ashkohandling.com/system/CodeIgniter.php(927): App\Controllers\Dashboard->index()
#5 /home/dirgrosc/ashkohandling.com/system/CodeIgniter.php(482): CodeIgniter\CodeIgniter->runController()
#6 /home/dirgrosc/ashkohandling.com/system/CodeIgniter.php(351): CodeIgniter\CodeIgniter->handleRequest()
#7 /home/dirgrosc/ashkohandling.com/public/index.php(67): CodeIgniter\CodeIgniter->run()
#8 {main}
CRITICAL - 2024-05-31 06:28:26 --> Table 'dirgrosc_ashkohandling.reservation' doesn't exist
in SYSTEMPATH/Database/MySQLi/Connection.php on line 292.
 1 SYSTEMPATH/Database/MySQLi/Connection.php(292): mysqli->query()
 2 SYSTEMPATH/Database/BaseConnection.php(666): CodeIgniter\Database\MySQLi\Connection->execute()
 3 SYSTEMPATH/Database/BaseConnection.php(593): CodeIgniter\Database\BaseConnection->simpleQuery()
 4 APPPATH/Controllers/Dashboard.php(60): CodeIgniter\Database\BaseConnection->query()
 5 SYSTEMPATH/CodeIgniter.php(927): App\Controllers\Dashboard->index()
 6 SYSTEMPATH/CodeIgniter.php(482): CodeIgniter\CodeIgniter->runController()
 7 SYSTEMPATH/CodeIgniter.php(351): CodeIgniter\CodeIgniter->handleRequest()
 8 FCPATH/index.php(67): CodeIgniter\CodeIgniter->run()
ERROR - 2024-05-31 07:11:10 --> mysqli_sql_exception: Table 'dirgrosc_ashkohandling.airport' doesn't exist in /home/dirgrosc/ashkohandling.com/system/Database/MySQLi/Connection.php:292
Stack trace:
#0 /home/dirgrosc/ashkohandling.com/system/Database/MySQLi/Connection.php(292): mysqli->query()
#1 /home/dirgrosc/ashkohandling.com/system/Database/BaseConnection.php(666): CodeIgniter\Database\MySQLi\Connection->execute()
#2 /home/dirgrosc/ashkohandling.com/system/Database/BaseConnection.php(593): CodeIgniter\Database\BaseConnection->simpleQuery()
#3 /home/dirgrosc/ashkohandling.com/system/Database/BaseBuilder.php(1585): CodeIgniter\Database\BaseConnection->query()
#4 /home/dirgrosc/ashkohandling.com/app/Controllers/Home.php(31): CodeIgniter\Database\BaseBuilder->get()
#5 /home/dirgrosc/ashkohandling.com/system/CodeIgniter.php(927): App\Controllers\Home->index()
#6 /home/dirgrosc/ashkohandling.com/system/CodeIgniter.php(482): CodeIgniter\CodeIgniter->runController()
#7 /home/dirgrosc/ashkohandling.com/system/CodeIgniter.php(351): CodeIgniter\CodeIgniter->handleRequest()
#8 /home/dirgrosc/ashkohandling.com/public/index.php(67): CodeIgniter\CodeIgniter->run()
#9 {main}
CRITICAL - 2024-05-31 07:11:10 --> Table 'dirgrosc_ashkohandling.airport' doesn't exist
in SYSTEMPATH/Database/MySQLi/Connection.php on line 292.
 1 SYSTEMPATH/Database/MySQLi/Connection.php(292): mysqli->query()
 2 SYSTEMPATH/Database/BaseConnection.php(666): CodeIgniter\Database\MySQLi\Connection->execute()
 3 SYSTEMPATH/Database/BaseConnection.php(593): CodeIgniter\Database\BaseConnection->simpleQuery()
 4 SYSTEMPATH/Database/BaseBuilder.php(1585): CodeIgniter\Database\BaseConnection->query()
 5 APPPATH/Controllers/Home.php(31): CodeIgniter\Database\BaseBuilder->get()
 6 SYSTEMPATH/CodeIgniter.php(927): App\Controllers\Home->index()
 7 SYSTEMPATH/CodeIgniter.php(482): CodeIgniter\CodeIgniter->runController()
 8 SYSTEMPATH/CodeIgniter.php(351): CodeIgniter\CodeIgniter->handleRequest()
 9 FCPATH/index.php(67): CodeIgniter\CodeIgniter->run()
ERROR - 2024-05-31 13:29:50 --> mysqli_sql_exception: Table 'dirgrosc_ashkohandling.airport' doesn't exist in /home/dirgrosc/ashkohandling.com/system/Database/MySQLi/Connection.php:292
Stack trace:
#0 /home/dirgrosc/ashkohandling.com/system/Database/MySQLi/Connection.php(292): mysqli->query()
#1 /home/dirgrosc/ashkohandling.com/system/Database/BaseConnection.php(666): CodeIgniter\Database\MySQLi\Connection->execute()
#2 /home/dirgrosc/ashkohandling.com/system/Database/BaseConnection.php(593): CodeIgniter\Database\BaseConnection->simpleQuery()
#3 /home/dirgrosc/ashkohandling.com/system/Database/BaseBuilder.php(1585): CodeIgniter\Database\BaseConnection->query()
#4 /home/dirgrosc/ashkohandling.com/app/Controllers/Home.php(31): CodeIgniter\Database\BaseBuilder->get()
#5 /home/dirgrosc/ashkohandling.com/system/CodeIgniter.php(927): App\Controllers\Home->index()
#6 /home/dirgrosc/ashkohandling.com/system/CodeIgniter.php(482): CodeIgniter\CodeIgniter->runController()
#7 /home/dirgrosc/ashkohandling.com/system/CodeIgniter.php(351): CodeIgniter\CodeIgniter->handleRequest()
#8 /home/dirgrosc/ashkohandling.com/public/index.php(67): CodeIgniter\CodeIgniter->run()
#9 {main}
CRITICAL - 2024-05-31 13:29:50 --> Table 'dirgrosc_ashkohandling.airport' doesn't exist
in SYSTEMPATH/Database/MySQLi/Connection.php on line 292.
 1 SYSTEMPATH/Database/MySQLi/Connection.php(292): mysqli->query()
 2 SYSTEMPATH/Database/BaseConnection.php(666): CodeIgniter\Database\MySQLi\Connection->execute()
 3 SYSTEMPATH/Database/BaseConnection.php(593): CodeIgniter\Database\BaseConnection->simpleQuery()
 4 SYSTEMPATH/Database/BaseBuilder.php(1585): CodeIgniter\Database\BaseConnection->query()
 5 APPPATH/Controllers/Home.php(31): CodeIgniter\Database\BaseBuilder->get()
 6 SYSTEMPATH/CodeIgniter.php(927): App\Controllers\Home->index()
 7 SYSTEMPATH/CodeIgniter.php(482): CodeIgniter\CodeIgniter->runController()
 8 SYSTEMPATH/CodeIgniter.php(351): CodeIgniter\CodeIgniter->handleRequest()
 9 FCPATH/index.php(67): CodeIgniter\CodeIgniter->run()
ERROR - 2024-05-31 13:40:07 --> mysqli_sql_exception: Table 'dirgrosc_ashkohandling.airport' doesn't exist in /home/dirgrosc/ashkohandling.com/system/Database/MySQLi/Connection.php:292
Stack trace:
#0 /home/dirgrosc/ashkohandling.com/system/Database/MySQLi/Connection.php(292): mysqli->query()
#1 /home/dirgrosc/ashkohandling.com/system/Database/BaseConnection.php(666): CodeIgniter\Database\MySQLi\Connection->execute()
#2 /home/dirgrosc/ashkohandling.com/system/Database/BaseConnection.php(593): CodeIgniter\Database\BaseConnection->simpleQuery()
#3 /home/dirgrosc/ashkohandling.com/system/Database/BaseBuilder.php(1585): CodeIgniter\Database\BaseConnection->query()
#4 /home/dirgrosc/ashkohandling.com/app/Controllers/Home.php(31): CodeIgniter\Database\BaseBuilder->get()
#5 /home/dirgrosc/ashkohandling.com/system/CodeIgniter.php(927): App\Controllers\Home->index()
#6 /home/dirgrosc/ashkohandling.com/system/CodeIgniter.php(482): CodeIgniter\CodeIgniter->runController()
#7 /home/dirgrosc/ashkohandling.com/system/CodeIgniter.php(351): CodeIgniter\CodeIgniter->handleRequest()
#8 /home/dirgrosc/ashkohandling.com/public/index.php(67): CodeIgniter\CodeIgniter->run()
#9 {main}
CRITICAL - 2024-05-31 13:40:07 --> Table 'dirgrosc_ashkohandling.airport' doesn't exist
in SYSTEMPATH/Database/MySQLi/Connection.php on line 292.
 1 SYSTEMPATH/Database/MySQLi/Connection.php(292): mysqli->query()
 2 SYSTEMPATH/Database/BaseConnection.php(666): CodeIgniter\Database\MySQLi\Connection->execute()
 3 SYSTEMPATH/Database/BaseConnection.php(593): CodeIgniter\Database\BaseConnection->simpleQuery()
 4 SYSTEMPATH/Database/BaseBuilder.php(1585): CodeIgniter\Database\BaseConnection->query()
 5 APPPATH/Controllers/Home.php(31): CodeIgniter\Database\BaseBuilder->get()
 6 SYSTEMPATH/CodeIgniter.php(927): App\Controllers\Home->index()
 7 SYSTEMPATH/CodeIgniter.php(482): CodeIgniter\CodeIgniter->runController()
 8 SYSTEMPATH/CodeIgniter.php(351): CodeIgniter\CodeIgniter->handleRequest()
 9 FCPATH/index.php(67): CodeIgniter\CodeIgniter->run()
ERROR - 2024-05-31 13:59:41 --> mysqli_sql_exception: Table 'dirgrosc_ashkohandling.airport' doesn't exist in /home/dirgrosc/ashkohandling.com/system/Database/MySQLi/Connection.php:292
Stack trace:
#0 /home/dirgrosc/ashkohandling.com/system/Database/MySQLi/Connection.php(292): mysqli->query()
#1 /home/dirgrosc/ashkohandling.com/system/Database/BaseConnection.php(666): CodeIgniter\Database\MySQLi\Connection->execute()
#2 /home/dirgrosc/ashkohandling.com/system/Database/BaseConnection.php(593): CodeIgniter\Database\BaseConnection->simpleQuery()
#3 /home/dirgrosc/ashkohandling.com/system/Database/BaseBuilder.php(1585): CodeIgniter\Database\BaseConnection->query()
#4 /home/dirgrosc/ashkohandling.com/app/Controllers/Home.php(31): CodeIgniter\Database\BaseBuilder->get()
#5 /home/dirgrosc/ashkohandling.com/system/CodeIgniter.php(927): App\Controllers\Home->index()
#6 /home/dirgrosc/ashkohandling.com/system/CodeIgniter.php(482): CodeIgniter\CodeIgniter->runController()
#7 /home/dirgrosc/ashkohandling.com/system/CodeIgniter.php(351): CodeIgniter\CodeIgniter->handleRequest()
#8 /home/dirgrosc/ashkohandling.com/public/index.php(67): CodeIgniter\CodeIgniter->run()
#9 {main}
CRITICAL - 2024-05-31 13:59:41 --> Table 'dirgrosc_ashkohandling.airport' doesn't exist
in SYSTEMPATH/Database/MySQLi/Connection.php on line 292.
 1 SYSTEMPATH/Database/MySQLi/Connection.php(292): mysqli->query()
 2 SYSTEMPATH/Database/BaseConnection.php(666): CodeIgniter\Database\MySQLi\Connection->execute()
 3 SYSTEMPATH/Database/BaseConnection.php(593): CodeIgniter\Database\BaseConnection->simpleQuery()
 4 SYSTEMPATH/Database/BaseBuilder.php(1585): CodeIgniter\Database\BaseConnection->query()
 5 APPPATH/Controllers/Home.php(31): CodeIgniter\Database\BaseBuilder->get()
 6 SYSTEMPATH/CodeIgniter.php(927): App\Controllers\Home->index()
 7 SYSTEMPATH/CodeIgniter.php(482): CodeIgniter\CodeIgniter->runController()
 8 SYSTEMPATH/CodeIgniter.php(351): CodeIgniter\CodeIgniter->handleRequest()
 9 FCPATH/index.php(67): CodeIgniter\CodeIgniter->run()
ERROR - 2024-05-31 13:59:42 --> mysqli_sql_exception: Table 'dirgrosc_ashkohandling.airport' doesn't exist in /home/dirgrosc/ashkohandling.com/system/Database/MySQLi/Connection.php:292
Stack trace:
#0 /home/dirgrosc/ashkohandling.com/system/Database/MySQLi/Connection.php(292): mysqli->query()
#1 /home/dirgrosc/ashkohandling.com/system/Database/BaseConnection.php(666): CodeIgniter\Database\MySQLi\Connection->execute()
#2 /home/dirgrosc/ashkohandling.com/system/Database/BaseConnection.php(593): CodeIgniter\Database\BaseConnection->simpleQuery()
#3 /home/dirgrosc/ashkohandling.com/system/Database/BaseBuilder.php(1585): CodeIgniter\Database\BaseConnection->query()
#4 /home/dirgrosc/ashkohandling.com/app/Controllers/Home.php(31): CodeIgniter\Database\BaseBuilder->get()
#5 /home/dirgrosc/ashkohandling.com/system/CodeIgniter.php(927): App\Controllers\Home->index()
#6 /home/dirgrosc/ashkohandling.com/system/CodeIgniter.php(482): CodeIgniter\CodeIgniter->runController()
#7 /home/dirgrosc/ashkohandling.com/system/CodeIgniter.php(351): CodeIgniter\CodeIgniter->handleRequest()
#8 /home/dirgrosc/ashkohandling.com/public/index.php(67): CodeIgniter\CodeIgniter->run()
#9 {main}
CRITICAL - 2024-05-31 13:59:42 --> Table 'dirgrosc_ashkohandling.airport' doesn't exist
in SYSTEMPATH/Database/MySQLi/Connection.php on line 292.
 1 SYSTEMPATH/Database/MySQLi/Connection.php(292): mysqli->query()
 2 SYSTEMPATH/Database/BaseConnection.php(666): CodeIgniter\Database\MySQLi\Connection->execute()
 3 SYSTEMPATH/Database/BaseConnection.php(593): CodeIgniter\Database\BaseConnection->simpleQuery()
 4 SYSTEMPATH/Database/BaseBuilder.php(1585): CodeIgniter\Database\BaseConnection->query()
 5 APPPATH/Controllers/Home.php(31): CodeIgniter\Database\BaseBuilder->get()
 6 SYSTEMPATH/CodeIgniter.php(927): App\Controllers\Home->index()
 7 SYSTEMPATH/CodeIgniter.php(482): CodeIgniter\CodeIgniter->runController()
 8 SYSTEMPATH/CodeIgniter.php(351): CodeIgniter\CodeIgniter->handleRequest()
 9 FCPATH/index.php(67): CodeIgniter\CodeIgniter->run()
ERROR - 2024-05-31 15:40:50 --> mysqli_sql_exception: Table 'dirgrosc_ashkohandling.airport' doesn't exist in /home/dirgrosc/ashkohandling.com/system/Database/MySQLi/Connection.php:292
Stack trace:
#0 /home/dirgrosc/ashkohandling.com/system/Database/MySQLi/Connection.php(292): mysqli->query()
#1 /home/dirgrosc/ashkohandling.com/system/Database/BaseConnection.php(666): CodeIgniter\Database\MySQLi\Connection->execute()
#2 /home/dirgrosc/ashkohandling.com/system/Database/BaseConnection.php(593): CodeIgniter\Database\BaseConnection->simpleQuery()
#3 /home/dirgrosc/ashkohandling.com/system/Database/BaseBuilder.php(1585): CodeIgniter\Database\BaseConnection->query()
#4 /home/dirgrosc/ashkohandling.com/app/Controllers/Home.php(31): CodeIgniter\Database\BaseBuilder->get()
#5 /home/dirgrosc/ashkohandling.com/system/CodeIgniter.php(927): App\Controllers\Home->index()
#6 /home/dirgrosc/ashkohandling.com/system/CodeIgniter.php(482): CodeIgniter\CodeIgniter->runController()
#7 /home/dirgrosc/ashkohandling.com/system/CodeIgniter.php(351): CodeIgniter\CodeIgniter->handleRequest()
#8 /home/dirgrosc/ashkohandling.com/public/index.php(67): CodeIgniter\CodeIgniter->run()
#9 {main}
CRITICAL - 2024-05-31 15:40:50 --> Table 'dirgrosc_ashkohandling.airport' doesn't exist
in SYSTEMPATH/Database/MySQLi/Connection.php on line 292.
 1 SYSTEMPATH/Database/MySQLi/Connection.php(292): mysqli->query()
 2 SYSTEMPATH/Database/BaseConnection.php(666): CodeIgniter\Database\MySQLi\Connection->execute()
 3 SYSTEMPATH/Database/BaseConnection.php(593): CodeIgniter\Database\BaseConnection->simpleQuery()
 4 SYSTEMPATH/Database/BaseBuilder.php(1585): CodeIgniter\Database\BaseConnection->query()
 5 APPPATH/Controllers/Home.php(31): CodeIgniter\Database\BaseBuilder->get()
 6 SYSTEMPATH/CodeIgniter.php(927): App\Controllers\Home->index()
 7 SYSTEMPATH/CodeIgniter.php(482): CodeIgniter\CodeIgniter->runController()
 8 SYSTEMPATH/CodeIgniter.php(351): CodeIgniter\CodeIgniter->handleRequest()
 9 FCPATH/index.php(67): CodeIgniter\CodeIgniter->run()
ERROR - 2024-05-31 16:03:44 --> mysqli_sql_exception: Table 'dirgrosc_ashkohandling.reservation' doesn't exist in /home/dirgrosc/ashkohandling.com/system/Database/MySQLi/Connection.php:292
Stack trace:
#0 /home/dirgrosc/ashkohandling.com/system/Database/MySQLi/Connection.php(292): mysqli->query()
#1 /home/dirgrosc/ashkohandling.com/system/Database/BaseConnection.php(666): CodeIgniter\Database\MySQLi\Connection->execute()
#2 /home/dirgrosc/ashkohandling.com/system/Database/BaseConnection.php(593): CodeIgniter\Database\BaseConnection->simpleQuery()
#3 /home/dirgrosc/ashkohandling.com/app/Controllers/Dashboard.php(60): CodeIgniter\Database\BaseConnection->query()
#4 /home/dirgrosc/ashkohandling.com/system/CodeIgniter.php(927): App\Controllers\Dashboard->index()
#5 /home/dirgrosc/ashkohandling.com/system/CodeIgniter.php(482): CodeIgniter\CodeIgniter->runController()
#6 /home/dirgrosc/ashkohandling.com/system/CodeIgniter.php(351): CodeIgniter\CodeIgniter->handleRequest()
#7 /home/dirgrosc/ashkohandling.com/public/index.php(67): CodeIgniter\CodeIgniter->run()
#8 {main}
CRITICAL - 2024-05-31 16:03:44 --> Table 'dirgrosc_ashkohandling.reservation' doesn't exist
in SYSTEMPATH/Database/MySQLi/Connection.php on line 292.
 1 SYSTEMPATH/Database/MySQLi/Connection.php(292): mysqli->query()
 2 SYSTEMPATH/Database/BaseConnection.php(666): CodeIgniter\Database\MySQLi\Connection->execute()
 3 SYSTEMPATH/Database/BaseConnection.php(593): CodeIgniter\Database\BaseConnection->simpleQuery()
 4 APPPATH/Controllers/Dashboard.php(60): CodeIgniter\Database\BaseConnection->query()
 5 SYSTEMPATH/CodeIgniter.php(927): App\Controllers\Dashboard->index()
 6 SYSTEMPATH/CodeIgniter.php(482): CodeIgniter\CodeIgniter->runController()
 7 SYSTEMPATH/CodeIgniter.php(351): CodeIgniter\CodeIgniter->handleRequest()
 8 FCPATH/index.php(67): CodeIgniter\CodeIgniter->run()
ERROR - 2024-05-31 16:05:18 --> mysqli_sql_exception: Table 'dirgrosc_ashkohandling.airport' doesn't exist in /home/dirgrosc/ashkohandling.com/system/Database/MySQLi/Connection.php:292
Stack trace:
#0 /home/dirgrosc/ashkohandling.com/system/Database/MySQLi/Connection.php(292): mysqli->query()
#1 /home/dirgrosc/ashkohandling.com/system/Database/BaseConnection.php(666): CodeIgniter\Database\MySQLi\Connection->execute()
#2 /home/dirgrosc/ashkohandling.com/system/Database/BaseConnection.php(593): CodeIgniter\Database\BaseConnection->simpleQuery()
#3 /home/dirgrosc/ashkohandling.com/system/Database/BaseBuilder.php(1585): CodeIgniter\Database\BaseConnection->query()
#4 /home/dirgrosc/ashkohandling.com/app/Controllers/Reservation.php(33): CodeIgniter\Database\BaseBuilder->get()
#5 /home/dirgrosc/ashkohandling.com/system/CodeIgniter.php(927): App\Controllers\Reservation->index()
#6 /home/dirgrosc/ashkohandling.com/system/CodeIgniter.php(482): CodeIgniter\CodeIgniter->runController()
#7 /home/dirgrosc/ashkohandling.com/system/CodeIgniter.php(351): CodeIgniter\CodeIgniter->handleRequest()
#8 /home/dirgrosc/ashkohandling.com/public/index.php(67): CodeIgniter\CodeIgniter->run()
#9 {main}
CRITICAL - 2024-05-31 16:05:18 --> Table 'dirgrosc_ashkohandling.airport' doesn't exist
in SYSTEMPATH/Database/MySQLi/Connection.php on line 292.
 1 SYSTEMPATH/Database/MySQLi/Connection.php(292): mysqli->query()
 2 SYSTEMPATH/Database/BaseConnection.php(666): CodeIgniter\Database\MySQLi\Connection->execute()
 3 SYSTEMPATH/Database/BaseConnection.php(593): CodeIgniter\Database\BaseConnection->simpleQuery()
 4 SYSTEMPATH/Database/BaseBuilder.php(1585): CodeIgniter\Database\BaseConnection->query()
 5 APPPATH/Controllers/Reservation.php(33): CodeIgniter\Database\BaseBuilder->get()
 6 SYSTEMPATH/CodeIgniter.php(927): App\Controllers\Reservation->index()
 7 SYSTEMPATH/CodeIgniter.php(482): CodeIgniter\CodeIgniter->runController()
 8 SYSTEMPATH/CodeIgniter.php(351): CodeIgniter\CodeIgniter->handleRequest()
 9 FCPATH/index.php(67): CodeIgniter\CodeIgniter->run()
ERROR - 2024-05-31 16:12:24 --> mysqli_sql_exception: Unknown column 'city' in 'field list' in /home/dirgrosc/ashkohandling.com/system/Database/MySQLi/Connection.php:292
Stack trace:
#0 /home/dirgrosc/ashkohandling.com/system/Database/MySQLi/Connection.php(292): mysqli->query()
#1 /home/dirgrosc/ashkohandling.com/system/Database/BaseConnection.php(666): CodeIgniter\Database\MySQLi\Connection->execute()
#2 /home/dirgrosc/ashkohandling.com/system/Database/BaseConnection.php(593): CodeIgniter\Database\BaseConnection->simpleQuery()
#3 /home/dirgrosc/ashkohandling.com/system/Database/BaseBuilder.php(1585): CodeIgniter\Database\BaseConnection->query()
#4 /home/dirgrosc/ashkohandling.com/app/Controllers/Home.php(31): CodeIgniter\Database\BaseBuilder->get()
#5 /home/dirgrosc/ashkohandling.com/system/CodeIgniter.php(927): App\Controllers\Home->index()
#6 /home/dirgrosc/ashkohandling.com/system/CodeIgniter.php(482): CodeIgniter\CodeIgniter->runController()
#7 /home/dirgrosc/ashkohandling.com/system/CodeIgniter.php(351): CodeIgniter\CodeIgniter->handleRequest()
#8 /home/dirgrosc/ashkohandling.com/public/index.php(67): CodeIgniter\CodeIgniter->run()
#9 {main}
CRITICAL - 2024-05-31 16:12:24 --> Unknown column 'city' in 'field list'
in SYSTEMPATH/Database/MySQLi/Connection.php on line 292.
 1 SYSTEMPATH/Database/MySQLi/Connection.php(292): mysqli->query()
 2 SYSTEMPATH/Database/BaseConnection.php(666): CodeIgniter\Database\MySQLi\Connection->execute()
 3 SYSTEMPATH/Database/BaseConnection.php(593): CodeIgniter\Database\BaseConnection->simpleQuery()
 4 SYSTEMPATH/Database/BaseBuilder.php(1585): CodeIgniter\Database\BaseConnection->query()
 5 APPPATH/Controllers/Home.php(31): CodeIgniter\Database\BaseBuilder->get()
 6 SYSTEMPATH/CodeIgniter.php(927): App\Controllers\Home->index()
 7 SYSTEMPATH/CodeIgniter.php(482): CodeIgniter\CodeIgniter->runController()
 8 SYSTEMPATH/CodeIgniter.php(351): CodeIgniter\CodeIgniter->handleRequest()
 9 FCPATH/index.php(67): CodeIgniter\CodeIgniter->run()
ERROR - 2024-05-31 16:13:22 --> mysqli_sql_exception: Table 'dirgrosc_ashkohandling.partner' doesn't exist in /home/dirgrosc/ashkohandling.com/system/Database/MySQLi/Connection.php:292
Stack trace:
#0 /home/dirgrosc/ashkohandling.com/system/Database/MySQLi/Connection.php(292): mysqli->query()
#1 /home/dirgrosc/ashkohandling.com/system/Database/BaseConnection.php(666): CodeIgniter\Database\MySQLi\Connection->execute()
#2 /home/dirgrosc/ashkohandling.com/system/Database/BaseConnection.php(593): CodeIgniter\Database\BaseConnection->simpleQuery()
#3 /home/dirgrosc/ashkohandling.com/system/Database/BaseBuilder.php(1585): CodeIgniter\Database\BaseConnection->query()
#4 /home/dirgrosc/ashkohandling.com/app/Controllers/Home.php(37): CodeIgniter\Database\BaseBuilder->get()
#5 /home/dirgrosc/ashkohandling.com/system/CodeIgniter.php(927): App\Controllers\Home->index()
#6 /home/dirgrosc/ashkohandling.com/system/CodeIgniter.php(482): CodeIgniter\CodeIgniter->runController()
#7 /home/dirgrosc/ashkohandling.com/system/CodeIgniter.php(351): CodeIgniter\CodeIgniter->handleRequest()
#8 /home/dirgrosc/ashkohandling.com/public/index.php(67): CodeIgniter\CodeIgniter->run()
#9 {main}
CRITICAL - 2024-05-31 16:13:22 --> Table 'dirgrosc_ashkohandling.partner' doesn't exist
in SYSTEMPATH/Database/MySQLi/Connection.php on line 292.
 1 SYSTEMPATH/Database/MySQLi/Connection.php(292): mysqli->query()
 2 SYSTEMPATH/Database/BaseConnection.php(666): CodeIgniter\Database\MySQLi\Connection->execute()
 3 SYSTEMPATH/Database/BaseConnection.php(593): CodeIgniter\Database\BaseConnection->simpleQuery()
 4 SYSTEMPATH/Database/BaseBuilder.php(1585): CodeIgniter\Database\BaseConnection->query()
 5 APPPATH/Controllers/Home.php(37): CodeIgniter\Database\BaseBuilder->get()
 6 SYSTEMPATH/CodeIgniter.php(927): App\Controllers\Home->index()
 7 SYSTEMPATH/CodeIgniter.php(482): CodeIgniter\CodeIgniter->runController()
 8 SYSTEMPATH/CodeIgniter.php(351): CodeIgniter\CodeIgniter->handleRequest()
 9 FCPATH/index.php(67): CodeIgniter\CodeIgniter->run()
ERROR - 2024-05-31 16:29:02 --> mysqli_sql_exception: Unknown column 'code' in 'field list' in /home/dirgrosc/ashkohandling.com/system/Database/MySQLi/Connection.php:292
Stack trace:
#0 /home/dirgrosc/ashkohandling.com/system/Database/MySQLi/Connection.php(292): mysqli->query()
#1 /home/dirgrosc/ashkohandling.com/system/Database/BaseConnection.php(666): CodeIgniter\Database\MySQLi\Connection->execute()
#2 /home/dirgrosc/ashkohandling.com/system/Database/BaseConnection.php(593): CodeIgniter\Database\BaseConnection->simpleQuery()
#3 /home/dirgrosc/ashkohandling.com/app/Controllers/Dashboard.php(60): CodeIgniter\Database\BaseConnection->query()
#4 /home/dirgrosc/ashkohandling.com/system/CodeIgniter.php(927): App\Controllers\Dashboard->index()
#5 /home/dirgrosc/ashkohandling.com/system/CodeIgniter.php(482): CodeIgniter\CodeIgniter->runController()
#6 /home/dirgrosc/ashkohandling.com/system/CodeIgniter.php(351): CodeIgniter\CodeIgniter->handleRequest()
#7 /home/dirgrosc/ashkohandling.com/public/index.php(67): CodeIgniter\CodeIgniter->run()
#8 {main}
CRITICAL - 2024-05-31 16:29:02 --> Unknown column 'code' in 'field list'
in SYSTEMPATH/Database/MySQLi/Connection.php on line 292.
 1 SYSTEMPATH/Database/MySQLi/Connection.php(292): mysqli->query()
 2 SYSTEMPATH/Database/BaseConnection.php(666): CodeIgniter\Database\MySQLi\Connection->execute()
 3 SYSTEMPATH/Database/BaseConnection.php(593): CodeIgniter\Database\BaseConnection->simpleQuery()
 4 APPPATH/Controllers/Dashboard.php(60): CodeIgniter\Database\BaseConnection->query()
 5 SYSTEMPATH/CodeIgniter.php(927): App\Controllers\Dashboard->index()
 6 SYSTEMPATH/CodeIgniter.php(482): CodeIgniter\CodeIgniter->runController()
 7 SYSTEMPATH/CodeIgniter.php(351): CodeIgniter\CodeIgniter->handleRequest()
 8 FCPATH/index.php(67): CodeIgniter\CodeIgniter->run()
ERROR - 2024-05-31 16:29:27 --> mysqli_sql_exception: Unknown column 'agent' in 'field list' in /home/dirgrosc/ashkohandling.com/system/Database/MySQLi/Connection.php:292
Stack trace:
#0 /home/dirgrosc/ashkohandling.com/system/Database/MySQLi/Connection.php(292): mysqli->query()
#1 /home/dirgrosc/ashkohandling.com/system/Database/BaseConnection.php(666): CodeIgniter\Database\MySQLi\Connection->execute()
#2 /home/dirgrosc/ashkohandling.com/system/Database/BaseConnection.php(593): CodeIgniter\Database\BaseConnection->simpleQuery()
#3 /home/dirgrosc/ashkohandling.com/app/Controllers/Dashboard.php(60): CodeIgniter\Database\BaseConnection->query()
#4 /home/dirgrosc/ashkohandling.com/system/CodeIgniter.php(927): App\Controllers\Dashboard->index()
#5 /home/dirgrosc/ashkohandling.com/system/CodeIgniter.php(482): CodeIgniter\CodeIgniter->runController()
#6 /home/dirgrosc/ashkohandling.com/system/CodeIgniter.php(351): CodeIgniter\CodeIgniter->handleRequest()
#7 /home/dirgrosc/ashkohandling.com/public/index.php(67): CodeIgniter\CodeIgniter->run()
#8 {main}
CRITICAL - 2024-05-31 16:29:27 --> Unknown column 'agent' in 'field list'
in SYSTEMPATH/Database/MySQLi/Connection.php on line 292.
 1 SYSTEMPATH/Database/MySQLi/Connection.php(292): mysqli->query()
 2 SYSTEMPATH/Database/BaseConnection.php(666): CodeIgniter\Database\MySQLi\Connection->execute()
 3 SYSTEMPATH/Database/BaseConnection.php(593): CodeIgniter\Database\BaseConnection->simpleQuery()
 4 APPPATH/Controllers/Dashboard.php(60): CodeIgniter\Database\BaseConnection->query()
 5 SYSTEMPATH/CodeIgniter.php(927): App\Controllers\Dashboard->index()
 6 SYSTEMPATH/CodeIgniter.php(482): CodeIgniter\CodeIgniter->runController()
 7 SYSTEMPATH/CodeIgniter.php(351): CodeIgniter\CodeIgniter->handleRequest()
 8 FCPATH/index.php(67): CodeIgniter\CodeIgniter->run()
ERROR - 2024-05-31 16:34:43 --> mysqli_sql_exception: Unknown column 'status' in 'where clause' in /home/dirgrosc/ashkohandling.com/system/Database/MySQLi/Connection.php:292
Stack trace:
#0 /home/dirgrosc/ashkohandling.com/system/Database/MySQLi/Connection.php(292): mysqli->query()
#1 /home/dirgrosc/ashkohandling.com/system/Database/BaseConnection.php(666): CodeIgniter\Database\MySQLi\Connection->execute()
#2 /home/dirgrosc/ashkohandling.com/system/Database/BaseConnection.php(593): CodeIgniter\Database\BaseConnection->simpleQuery()
#3 /home/dirgrosc/ashkohandling.com/system/Database/BaseBuilder.php(1585): CodeIgniter\Database\BaseConnection->query()
#4 /home/dirgrosc/ashkohandling.com/app/Controllers/Dashboard.php(69): CodeIgniter\Database\BaseBuilder->get()
#5 /home/dirgrosc/ashkohandling.com/system/CodeIgniter.php(927): App\Controllers\Dashboard->index()
#6 /home/dirgrosc/ashkohandling.com/system/CodeIgniter.php(482): CodeIgniter\CodeIgniter->runController()
#7 /home/dirgrosc/ashkohandling.com/system/CodeIgniter.php(351): CodeIgniter\CodeIgniter->handleRequest()
#8 /home/dirgrosc/ashkohandling.com/public/index.php(67): CodeIgniter\CodeIgniter->run()
#9 {main}
CRITICAL - 2024-05-31 16:34:43 --> Unknown column 'status' in 'where clause'
in SYSTEMPATH/Database/MySQLi/Connection.php on line 292.
 1 SYSTEMPATH/Database/MySQLi/Connection.php(292): mysqli->query()
 2 SYSTEMPATH/Database/BaseConnection.php(666): CodeIgniter\Database\MySQLi\Connection->execute()
 3 SYSTEMPATH/Database/BaseConnection.php(593): CodeIgniter\Database\BaseConnection->simpleQuery()
 4 SYSTEMPATH/Database/BaseBuilder.php(1585): CodeIgniter\Database\BaseConnection->query()
 5 APPPATH/Controllers/Dashboard.php(69): CodeIgniter\Database\BaseBuilder->get()
 6 SYSTEMPATH/CodeIgniter.php(927): App\Controllers\Dashboard->index()
 7 SYSTEMPATH/CodeIgniter.php(482): CodeIgniter\CodeIgniter->runController()
 8 SYSTEMPATH/CodeIgniter.php(351): CodeIgniter\CodeIgniter->handleRequest()
 9 FCPATH/index.php(67): CodeIgniter\CodeIgniter->run()
ERROR - 2024-05-31 16:35:03 --> mysqli_sql_exception: Unknown column 'status' in 'where clause' in /home/dirgrosc/ashkohandling.com/system/Database/MySQLi/Connection.php:292
Stack trace:
#0 /home/dirgrosc/ashkohandling.com/system/Database/MySQLi/Connection.php(292): mysqli->query()
#1 /home/dirgrosc/ashkohandling.com/system/Database/BaseConnection.php(666): CodeIgniter\Database\MySQLi\Connection->execute()
#2 /home/dirgrosc/ashkohandling.com/system/Database/BaseConnection.php(593): CodeIgniter\Database\BaseConnection->simpleQuery()
#3 /home/dirgrosc/ashkohandling.com/system/Database/BaseBuilder.php(1585): CodeIgniter\Database\BaseConnection->query()
#4 /home/dirgrosc/ashkohandling.com/app/Controllers/Dashboard.php(69): CodeIgniter\Database\BaseBuilder->get()
#5 /home/dirgrosc/ashkohandling.com/system/CodeIgniter.php(927): App\Controllers\Dashboard->index()
#6 /home/dirgrosc/ashkohandling.com/system/CodeIgniter.php(482): CodeIgniter\CodeIgniter->runController()
#7 /home/dirgrosc/ashkohandling.com/system/CodeIgniter.php(351): CodeIgniter\CodeIgniter->handleRequest()
#8 /home/dirgrosc/ashkohandling.com/public/index.php(67): CodeIgniter\CodeIgniter->run()
#9 {main}
CRITICAL - 2024-05-31 16:35:03 --> Unknown column 'status' in 'where clause'
in SYSTEMPATH/Database/MySQLi/Connection.php on line 292.
 1 SYSTEMPATH/Database/MySQLi/Connection.php(292): mysqli->query()
 2 SYSTEMPATH/Database/BaseConnection.php(666): CodeIgniter\Database\MySQLi\Connection->execute()
 3 SYSTEMPATH/Database/BaseConnection.php(593): CodeIgniter\Database\BaseConnection->simpleQuery()
 4 SYSTEMPATH/Database/BaseBuilder.php(1585): CodeIgniter\Database\BaseConnection->query()
 5 APPPATH/Controllers/Dashboard.php(69): CodeIgniter\Database\BaseBuilder->get()
 6 SYSTEMPATH/CodeIgniter.php(927): App\Controllers\Dashboard->index()
 7 SYSTEMPATH/CodeIgniter.php(482): CodeIgniter\CodeIgniter->runController()
 8 SYSTEMPATH/CodeIgniter.php(351): CodeIgniter\CodeIgniter->handleRequest()
 9 FCPATH/index.php(67): CodeIgniter\CodeIgniter->run()
ERROR - 2024-05-31 16:35:05 --> mysqli_sql_exception: Unknown column 'status' in 'where clause' in /home/dirgrosc/ashkohandling.com/system/Database/MySQLi/Connection.php:292
Stack trace:
#0 /home/dirgrosc/ashkohandling.com/system/Database/MySQLi/Connection.php(292): mysqli->query()
#1 /home/dirgrosc/ashkohandling.com/system/Database/BaseConnection.php(666): CodeIgniter\Database\MySQLi\Connection->execute()
#2 /home/dirgrosc/ashkohandling.com/system/Database/BaseConnection.php(593): CodeIgniter\Database\BaseConnection->simpleQuery()
#3 /home/dirgrosc/ashkohandling.com/system/Database/BaseBuilder.php(1585): CodeIgniter\Database\BaseConnection->query()
#4 /home/dirgrosc/ashkohandling.com/app/Controllers/Dashboard.php(69): CodeIgniter\Database\BaseBuilder->get()
#5 /home/dirgrosc/ashkohandling.com/system/CodeIgniter.php(927): App\Controllers\Dashboard->index()
#6 /home/dirgrosc/ashkohandling.com/system/CodeIgniter.php(482): CodeIgniter\CodeIgniter->runController()
#7 /home/dirgrosc/ashkohandling.com/system/CodeIgniter.php(351): CodeIgniter\CodeIgniter->handleRequest()
#8 /home/dirgrosc/ashkohandling.com/public/index.php(67): CodeIgniter\CodeIgniter->run()
#9 {main}
CRITICAL - 2024-05-31 16:35:05 --> Unknown column 'status' in 'where clause'
in SYSTEMPATH/Database/MySQLi/Connection.php on line 292.
 1 SYSTEMPATH/Database/MySQLi/Connection.php(292): mysqli->query()
 2 SYSTEMPATH/Database/BaseConnection.php(666): CodeIgniter\Database\MySQLi\Connection->execute()
 3 SYSTEMPATH/Database/BaseConnection.php(593): CodeIgniter\Database\BaseConnection->simpleQuery()
 4 SYSTEMPATH/Database/BaseBuilder.php(1585): CodeIgniter\Database\BaseConnection->query()
 5 APPPATH/Controllers/Dashboard.php(69): CodeIgniter\Database\BaseBuilder->get()
 6 SYSTEMPATH/CodeIgniter.php(927): App\Controllers\Dashboard->index()
 7 SYSTEMPATH/CodeIgniter.php(482): CodeIgniter\CodeIgniter->runController()
 8 SYSTEMPATH/CodeIgniter.php(351): CodeIgniter\CodeIgniter->handleRequest()
 9 FCPATH/index.php(67): CodeIgniter\CodeIgniter->run()
ERROR - 2024-05-31 16:36:26 --> mysqli_sql_exception: Unknown column 'agentInfo' in 'field list' in /home/dirgrosc/ashkohandling.com/system/Database/MySQLi/Connection.php:292
Stack trace:
#0 /home/dirgrosc/ashkohandling.com/system/Database/MySQLi/Connection.php(292): mysqli->query()
#1 /home/dirgrosc/ashkohandling.com/system/Database/BaseConnection.php(666): CodeIgniter\Database\MySQLi\Connection->execute()
#2 /home/dirgrosc/ashkohandling.com/system/Database/BaseConnection.php(593): CodeIgniter\Database\BaseConnection->simpleQuery()
#3 /home/dirgrosc/ashkohandling.com/system/Database/BaseBuilder.php(1585): CodeIgniter\Database\BaseConnection->query()
#4 /home/dirgrosc/ashkohandling.com/app/Controllers/Dashboard.php(77): CodeIgniter\Database\BaseBuilder->get()
#5 /home/dirgrosc/ashkohandling.com/system/CodeIgniter.php(927): App\Controllers\Dashboard->index()
#6 /home/dirgrosc/ashkohandling.com/system/CodeIgniter.php(482): CodeIgniter\CodeIgniter->runController()
#7 /home/dirgrosc/ashkohandling.com/system/CodeIgniter.php(351): CodeIgniter\CodeIgniter->handleRequest()
#8 /home/dirgrosc/ashkohandling.com/public/index.php(67): CodeIgniter\CodeIgniter->run()
#9 {main}
CRITICAL - 2024-05-31 16:36:26 --> Unknown column 'agentInfo' in 'field list'
in SYSTEMPATH/Database/MySQLi/Connection.php on line 292.
 1 SYSTEMPATH/Database/MySQLi/Connection.php(292): mysqli->query()
 2 SYSTEMPATH/Database/BaseConnection.php(666): CodeIgniter\Database\MySQLi\Connection->execute()
 3 SYSTEMPATH/Database/BaseConnection.php(593): CodeIgniter\Database\BaseConnection->simpleQuery()
 4 SYSTEMPATH/Database/BaseBuilder.php(1585): CodeIgniter\Database\BaseConnection->query()
 5 APPPATH/Controllers/Dashboard.php(77): CodeIgniter\Database\BaseBuilder->get()
 6 SYSTEMPATH/CodeIgniter.php(927): App\Controllers\Dashboard->index()
 7 SYSTEMPATH/CodeIgniter.php(482): CodeIgniter\CodeIgniter->runController()
 8 SYSTEMPATH/CodeIgniter.php(351): CodeIgniter\CodeIgniter->handleRequest()
 9 FCPATH/index.php(67): CodeIgniter\CodeIgniter->run()
ERROR - 2024-05-31 16:37:11 --> mysqli_sql_exception: Unknown column 'email' in 'field list' in /home/dirgrosc/ashkohandling.com/system/Database/MySQLi/Connection.php:292
Stack trace:
#0 /home/dirgrosc/ashkohandling.com/system/Database/MySQLi/Connection.php(292): mysqli->query()
#1 /home/dirgrosc/ashkohandling.com/system/Database/BaseConnection.php(666): CodeIgniter\Database\MySQLi\Connection->execute()
#2 /home/dirgrosc/ashkohandling.com/system/Database/BaseConnection.php(593): CodeIgniter\Database\BaseConnection->simpleQuery()
#3 /home/dirgrosc/ashkohandling.com/system/Database/BaseBuilder.php(1718): CodeIgniter\Database\BaseConnection->query()
#4 /home/dirgrosc/ashkohandling.com/app/Controllers/Setting.php(390): CodeIgniter\Database\BaseBuilder->getWhere()
#5 /home/dirgrosc/ashkohandling.com/system/CodeIgniter.php(927): App\Controllers\Setting->account()
#6 /home/dirgrosc/ashkohandling.com/system/CodeIgniter.php(482): CodeIgniter\CodeIgniter->runController()
#7 /home/dirgrosc/ashkohandling.com/system/CodeIgniter.php(351): CodeIgniter\CodeIgniter->handleRequest()
#8 /home/dirgrosc/ashkohandling.com/public/index.php(67): CodeIgniter\CodeIgniter->run()
#9 {main}
CRITICAL - 2024-05-31 16:37:11 --> Unknown column 'email' in 'field list'
in SYSTEMPATH/Database/MySQLi/Connection.php on line 292.
 1 SYSTEMPATH/Database/MySQLi/Connection.php(292): mysqli->query()
 2 SYSTEMPATH/Database/BaseConnection.php(666): CodeIgniter\Database\MySQLi\Connection->execute()
 3 SYSTEMPATH/Database/BaseConnection.php(593): CodeIgniter\Database\BaseConnection->simpleQuery()
 4 SYSTEMPATH/Database/BaseBuilder.php(1718): CodeIgniter\Database\BaseConnection->query()
 5 APPPATH/Controllers/Setting.php(390): CodeIgniter\Database\BaseBuilder->getWhere()
 6 SYSTEMPATH/CodeIgniter.php(927): App\Controllers\Setting->account()
 7 SYSTEMPATH/CodeIgniter.php(482): CodeIgniter\CodeIgniter->runController()
 8 SYSTEMPATH/CodeIgniter.php(351): CodeIgniter\CodeIgniter->handleRequest()
 9 FCPATH/index.php(67): CodeIgniter\CodeIgniter->run()
ERROR - 2024-05-31 16:37:49 --> mysqli_sql_exception: Unknown column 'hint' in 'field list' in /home/dirgrosc/ashkohandling.com/system/Database/MySQLi/Connection.php:292
Stack trace:
#0 /home/dirgrosc/ashkohandling.com/system/Database/MySQLi/Connection.php(292): mysqli->query()
#1 /home/dirgrosc/ashkohandling.com/system/Database/BaseConnection.php(666): CodeIgniter\Database\MySQLi\Connection->execute()
#2 /home/dirgrosc/ashkohandling.com/system/Database/BaseConnection.php(593): CodeIgniter\Database\BaseConnection->simpleQuery()
#3 /home/dirgrosc/ashkohandling.com/system/Database/BaseBuilder.php(1718): CodeIgniter\Database\BaseConnection->query()
#4 /home/dirgrosc/ashkohandling.com/app/Controllers/Setting.php(390): CodeIgniter\Database\BaseBuilder->getWhere()
#5 /home/dirgrosc/ashkohandling.com/system/CodeIgniter.php(927): App\Controllers\Setting->account()
#6 /home/dirgrosc/ashkohandling.com/system/CodeIgniter.php(482): CodeIgniter\CodeIgniter->runController()
#7 /home/dirgrosc/ashkohandling.com/system/CodeIgniter.php(351): CodeIgniter\CodeIgniter->handleRequest()
#8 /home/dirgrosc/ashkohandling.com/public/index.php(67): CodeIgniter\CodeIgniter->run()
#9 {main}
CRITICAL - 2024-05-31 16:37:49 --> Unknown column 'hint' in 'field list'
in SYSTEMPATH/Database/MySQLi/Connection.php on line 292.
 1 SYSTEMPATH/Database/MySQLi/Connection.php(292): mysqli->query()
 2 SYSTEMPATH/Database/BaseConnection.php(666): CodeIgniter\Database\MySQLi\Connection->execute()
 3 SYSTEMPATH/Database/BaseConnection.php(593): CodeIgniter\Database\BaseConnection->simpleQuery()
 4 SYSTEMPATH/Database/BaseBuilder.php(1718): CodeIgniter\Database\BaseConnection->query()
 5 APPPATH/Controllers/Setting.php(390): CodeIgniter\Database\BaseBuilder->getWhere()
 6 SYSTEMPATH/CodeIgniter.php(927): App\Controllers\Setting->account()
 7 SYSTEMPATH/CodeIgniter.php(482): CodeIgniter\CodeIgniter->runController()
 8 SYSTEMPATH/CodeIgniter.php(351): CodeIgniter\CodeIgniter->handleRequest()
 9 FCPATH/index.php(67): CodeIgniter\CodeIgniter->run()
ERROR - 2024-05-31 16:38:03 --> mysqli_sql_exception: Unknown column 'hint' in 'field list' in /home/dirgrosc/ashkohandling.com/system/Database/MySQLi/Connection.php:292
Stack trace:
#0 /home/dirgrosc/ashkohandling.com/system/Database/MySQLi/Connection.php(292): mysqli->query()
#1 /home/dirgrosc/ashkohandling.com/system/Database/BaseConnection.php(666): CodeIgniter\Database\MySQLi\Connection->execute()
#2 /home/dirgrosc/ashkohandling.com/system/Database/BaseConnection.php(593): CodeIgniter\Database\BaseConnection->simpleQuery()
#3 /home/dirgrosc/ashkohandling.com/system/Database/BaseBuilder.php(1718): CodeIgniter\Database\BaseConnection->query()
#4 /home/dirgrosc/ashkohandling.com/app/Controllers/Setting.php(390): CodeIgniter\Database\BaseBuilder->getWhere()
#5 /home/dirgrosc/ashkohandling.com/system/CodeIgniter.php(927): App\Controllers\Setting->account()
#6 /home/dirgrosc/ashkohandling.com/system/CodeIgniter.php(482): CodeIgniter\CodeIgniter->runController()
#7 /home/dirgrosc/ashkohandling.com/system/CodeIgniter.php(351): CodeIgniter\CodeIgniter->handleRequest()
#8 /home/dirgrosc/ashkohandling.com/public/index.php(67): CodeIgniter\CodeIgniter->run()
#9 {main}
CRITICAL - 2024-05-31 16:38:03 --> Unknown column 'hint' in 'field list'
in SYSTEMPATH/Database/MySQLi/Connection.php on line 292.
 1 SYSTEMPATH/Database/MySQLi/Connection.php(292): mysqli->query()
 2 SYSTEMPATH/Database/BaseConnection.php(666): CodeIgniter\Database\MySQLi\Connection->execute()
 3 SYSTEMPATH/Database/BaseConnection.php(593): CodeIgniter\Database\BaseConnection->simpleQuery()
 4 SYSTEMPATH/Database/BaseBuilder.php(1718): CodeIgniter\Database\BaseConnection->query()
 5 APPPATH/Controllers/Setting.php(390): CodeIgniter\Database\BaseBuilder->getWhere()
 6 SYSTEMPATH/CodeIgniter.php(927): App\Controllers\Setting->account()
 7 SYSTEMPATH/CodeIgniter.php(482): CodeIgniter\CodeIgniter->runController()
 8 SYSTEMPATH/CodeIgniter.php(351): CodeIgniter\CodeIgniter->handleRequest()
 9 FCPATH/index.php(67): CodeIgniter\CodeIgniter->run()
ERROR - 2024-05-31 16:40:05 --> mysqli_sql_exception: Table 'dirgrosc_ashkohandling.album' doesn't exist in /home/dirgrosc/ashkohandling.com/system/Database/MySQLi/Connection.php:292
Stack trace:
#0 /home/dirgrosc/ashkohandling.com/system/Database/MySQLi/Connection.php(292): mysqli->query()
#1 /home/dirgrosc/ashkohandling.com/system/Database/BaseConnection.php(666): CodeIgniter\Database\MySQLi\Connection->execute()
#2 /home/dirgrosc/ashkohandling.com/system/Database/BaseConnection.php(593): CodeIgniter\Database\BaseConnection->simpleQuery()
#3 /home/dirgrosc/ashkohandling.com/system/Database/BaseBuilder.php(1585): CodeIgniter\Database\BaseConnection->query()
#4 /home/dirgrosc/ashkohandling.com/app/Controllers/Setting.php(146): CodeIgniter\Database\BaseBuilder->get()
#5 /home/dirgrosc/ashkohandling.com/system/CodeIgniter.php(927): App\Controllers\Setting->gallery()
#6 /home/dirgrosc/ashkohandling.com/system/CodeIgniter.php(482): CodeIgniter\CodeIgniter->runController()
#7 /home/dirgrosc/ashkohandling.com/system/CodeIgniter.php(351): CodeIgniter\CodeIgniter->handleRequest()
#8 /home/dirgrosc/ashkohandling.com/public/index.php(67): CodeIgniter\CodeIgniter->run()
#9 {main}
CRITICAL - 2024-05-31 16:40:05 --> Table 'dirgrosc_ashkohandling.album' doesn't exist
in SYSTEMPATH/Database/MySQLi/Connection.php on line 292.
 1 SYSTEMPATH/Database/MySQLi/Connection.php(292): mysqli->query()
 2 SYSTEMPATH/Database/BaseConnection.php(666): CodeIgniter\Database\MySQLi\Connection->execute()
 3 SYSTEMPATH/Database/BaseConnection.php(593): CodeIgniter\Database\BaseConnection->simpleQuery()
 4 SYSTEMPATH/Database/BaseBuilder.php(1585): CodeIgniter\Database\BaseConnection->query()
 5 APPPATH/Controllers/Setting.php(146): CodeIgniter\Database\BaseBuilder->get()
 6 SYSTEMPATH/CodeIgniter.php(927): App\Controllers\Setting->gallery()
 7 SYSTEMPATH/CodeIgniter.php(482): CodeIgniter\CodeIgniter->runController()
 8 SYSTEMPATH/CodeIgniter.php(351): CodeIgniter\CodeIgniter->handleRequest()
 9 FCPATH/index.php(67): CodeIgniter\CodeIgniter->run()
ERROR - 2024-05-31 16:40:26 --> mysqli_sql_exception: Unknown column 'title' in 'field list' in /home/dirgrosc/ashkohandling.com/system/Database/MySQLi/Connection.php:292
Stack trace:
#0 /home/dirgrosc/ashkohandling.com/system/Database/MySQLi/Connection.php(292): mysqli->query()
#1 /home/dirgrosc/ashkohandling.com/system/Database/BaseConnection.php(666): CodeIgniter\Database\MySQLi\Connection->execute()
#2 /home/dirgrosc/ashkohandling.com/system/Database/BaseConnection.php(593): CodeIgniter\Database\BaseConnection->simpleQuery()
#3 /home/dirgrosc/ashkohandling.com/system/Database/BaseBuilder.php(1585): CodeIgniter\Database\BaseConnection->query()
#4 /home/dirgrosc/ashkohandling.com/app/Controllers/Setting.php(146): CodeIgniter\Database\BaseBuilder->get()
#5 /home/dirgrosc/ashkohandling.com/system/CodeIgniter.php(927): App\Controllers\Setting->gallery()
#6 /home/dirgrosc/ashkohandling.com/system/CodeIgniter.php(482): CodeIgniter\CodeIgniter->runController()
#7 /home/dirgrosc/ashkohandling.com/system/CodeIgniter.php(351): CodeIgniter\CodeIgniter->handleRequest()
#8 /home/dirgrosc/ashkohandling.com/public/index.php(67): CodeIgniter\CodeIgniter->run()
#9 {main}
CRITICAL - 2024-05-31 16:40:26 --> Unknown column 'title' in 'field list'
in SYSTEMPATH/Database/MySQLi/Connection.php on line 292.
 1 SYSTEMPATH/Database/MySQLi/Connection.php(292): mysqli->query()
 2 SYSTEMPATH/Database/BaseConnection.php(666): CodeIgniter\Database\MySQLi\Connection->execute()
 3 SYSTEMPATH/Database/BaseConnection.php(593): CodeIgniter\Database\BaseConnection->simpleQuery()
 4 SYSTEMPATH/Database/BaseBuilder.php(1585): CodeIgniter\Database\BaseConnection->query()
 5 APPPATH/Controllers/Setting.php(146): CodeIgniter\Database\BaseBuilder->get()
 6 SYSTEMPATH/CodeIgniter.php(927): App\Controllers\Setting->gallery()
 7 SYSTEMPATH/CodeIgniter.php(482): CodeIgniter\CodeIgniter->runController()
 8 SYSTEMPATH/CodeIgniter.php(351): CodeIgniter\CodeIgniter->handleRequest()
 9 FCPATH/index.php(67): CodeIgniter\CodeIgniter->run()
ERROR - 2024-05-31 16:40:42 --> mysqli_sql_exception: Unknown column 'images' in 'field list' in /home/dirgrosc/ashkohandling.com/system/Database/MySQLi/Connection.php:292
Stack trace:
#0 /home/dirgrosc/ashkohandling.com/system/Database/MySQLi/Connection.php(292): mysqli->query()
#1 /home/dirgrosc/ashkohandling.com/system/Database/BaseConnection.php(666): CodeIgniter\Database\MySQLi\Connection->execute()
#2 /home/dirgrosc/ashkohandling.com/system/Database/BaseConnection.php(593): CodeIgniter\Database\BaseConnection->simpleQuery()
#3 /home/dirgrosc/ashkohandling.com/system/Database/BaseBuilder.php(1585): CodeIgniter\Database\BaseConnection->query()
#4 /home/dirgrosc/ashkohandling.com/app/Controllers/Setting.php(146): CodeIgniter\Database\BaseBuilder->get()
#5 /home/dirgrosc/ashkohandling.com/system/CodeIgniter.php(927): App\Controllers\Setting->gallery()
#6 /home/dirgrosc/ashkohandling.com/system/CodeIgniter.php(482): CodeIgniter\CodeIgniter->runController()
#7 /home/dirgrosc/ashkohandling.com/system/CodeIgniter.php(351): CodeIgniter\CodeIgniter->handleRequest()
#8 /home/dirgrosc/ashkohandling.com/public/index.php(67): CodeIgniter\CodeIgniter->run()
#9 {main}
CRITICAL - 2024-05-31 16:40:42 --> Unknown column 'images' in 'field list'
in SYSTEMPATH/Database/MySQLi/Connection.php on line 292.
 1 SYSTEMPATH/Database/MySQLi/Connection.php(292): mysqli->query()
 2 SYSTEMPATH/Database/BaseConnection.php(666): CodeIgniter\Database\MySQLi\Connection->execute()
 3 SYSTEMPATH/Database/BaseConnection.php(593): CodeIgniter\Database\BaseConnection->simpleQuery()
 4 SYSTEMPATH/Database/BaseBuilder.php(1585): CodeIgniter\Database\BaseConnection->query()
 5 APPPATH/Controllers/Setting.php(146): CodeIgniter\Database\BaseBuilder->get()
 6 SYSTEMPATH/CodeIgniter.php(927): App\Controllers\Setting->gallery()
 7 SYSTEMPATH/CodeIgniter.php(482): CodeIgniter\CodeIgniter->runController()
 8 SYSTEMPATH/CodeIgniter.php(351): CodeIgniter\CodeIgniter->handleRequest()
 9 FCPATH/index.php(67): CodeIgniter\CodeIgniter->run()
ERROR - 2024-05-31 16:41:54 --> mysqli_sql_exception: Unknown column 'code' in 'field list' in /home/dirgrosc/ashkohandling.com/system/Database/MySQLi/Connection.php:292
Stack trace:
#0 /home/dirgrosc/ashkohandling.com/system/Database/MySQLi/Connection.php(292): mysqli->query()
#1 /home/dirgrosc/ashkohandling.com/system/Database/BaseConnection.php(666): CodeIgniter\Database\MySQLi\Connection->execute()
#2 /home/dirgrosc/ashkohandling.com/system/Database/BaseConnection.php(593): CodeIgniter\Database\BaseConnection->simpleQuery()
#3 /home/dirgrosc/ashkohandling.com/system/Database/BaseBuilder.php(1585): CodeIgniter\Database\BaseConnection->query()
#4 /home/dirgrosc/ashkohandling.com/app/Controllers/Setting.php(280): CodeIgniter\Database\BaseBuilder->get()
#5 /home/dirgrosc/ashkohandling.com/system/CodeIgniter.php(927): App\Controllers\Setting->partner()
#6 /home/dirgrosc/ashkohandling.com/system/CodeIgniter.php(482): CodeIgniter\CodeIgniter->runController()
#7 /home/dirgrosc/ashkohandling.com/system/CodeIgniter.php(351): CodeIgniter\CodeIgniter->handleRequest()
#8 /home/dirgrosc/ashkohandling.com/public/index.php(67): CodeIgniter\CodeIgniter->run()
#9 {main}
CRITICAL - 2024-05-31 16:41:54 --> Unknown column 'code' in 'field list'
in SYSTEMPATH/Database/MySQLi/Connection.php on line 292.
 1 SYSTEMPATH/Database/MySQLi/Connection.php(292): mysqli->query()
 2 SYSTEMPATH/Database/BaseConnection.php(666): CodeIgniter\Database\MySQLi\Connection->execute()
 3 SYSTEMPATH/Database/BaseConnection.php(593): CodeIgniter\Database\BaseConnection->simpleQuery()
 4 SYSTEMPATH/Database/BaseBuilder.php(1585): CodeIgniter\Database\BaseConnection->query()
 5 APPPATH/Controllers/Setting.php(280): CodeIgniter\Database\BaseBuilder->get()
 6 SYSTEMPATH/CodeIgniter.php(927): App\Controllers\Setting->partner()
 7 SYSTEMPATH/CodeIgniter.php(482): CodeIgniter\CodeIgniter->runController()
 8 SYSTEMPATH/CodeIgniter.php(351): CodeIgniter\CodeIgniter->handleRequest()
 9 FCPATH/index.php(67): CodeIgniter\CodeIgniter->run()
CRITICAL - 2024-05-31 16:44:06 --> Undefined array key "code"
in APPPATH/Views/setting-partner.php on line 56.
 1 APPPATH/Views/setting-partner.php(56): CodeIgniter\Debug\Exceptions->errorHandler()
 2 SYSTEMPATH/View/View.php(213): include('APPPATH/Views/setting-partner.php')
 3 SYSTEMPATH/View/View.php(216): CodeIgniter\View\View->CodeIgniter\View\{closure}()
 4 SYSTEMPATH/Common.php(1134): CodeIgniter\View\View->render()
 5 APPPATH/Controllers/Setting.php(285): view()
 6 SYSTEMPATH/CodeIgniter.php(927): App\Controllers\Setting->partner()
 7 SYSTEMPATH/CodeIgniter.php(482): CodeIgniter\CodeIgniter->runController()
 8 SYSTEMPATH/CodeIgniter.php(351): CodeIgniter\CodeIgniter->handleRequest()
 9 FCPATH/index.php(67): CodeIgniter\CodeIgniter->run()
ERROR - 2024-05-31 16:49:39 --> mysqli_sql_exception: Unknown column 'date' in 'order clause' in /home/dirgrosc/ashkohandling.com/system/Database/MySQLi/Connection.php:292
Stack trace:
#0 /home/dirgrosc/ashkohandling.com/system/Database/MySQLi/Connection.php(292): mysqli->query()
#1 /home/dirgrosc/ashkohandling.com/system/Database/BaseConnection.php(666): CodeIgniter\Database\MySQLi\Connection->execute()
#2 /home/dirgrosc/ashkohandling.com/system/Database/BaseConnection.php(593): CodeIgniter\Database\BaseConnection->simpleQuery()
#3 /home/dirgrosc/ashkohandling.com/system/Database/BaseBuilder.php(1585): CodeIgniter\Database\BaseConnection->query()
#4 /home/dirgrosc/ashkohandling.com/app/Controllers/Gallery.php(38): CodeIgniter\Database\BaseBuilder->get()
#5 /home/dirgrosc/ashkohandling.com/system/CodeIgniter.php(927): App\Controllers\Gallery->index()
#6 /home/dirgrosc/ashkohandling.com/system/CodeIgniter.php(482): CodeIgniter\CodeIgniter->runController()
#7 /home/dirgrosc/ashkohandling.com/system/CodeIgniter.php(351): CodeIgniter\CodeIgniter->handleRequest()
#8 /home/dirgrosc/ashkohandling.com/public/index.php(67): CodeIgniter\CodeIgniter->run()
#9 {main}
CRITICAL - 2024-05-31 16:49:39 --> Call to a member function getResult() on bool
in APPPATH/Controllers/Gallery.php on line 39.
 1 SYSTEMPATH/CodeIgniter.php(927): App\Controllers\Gallery->index()
 2 SYSTEMPATH/CodeIgniter.php(482): CodeIgniter\CodeIgniter->runController()
 3 SYSTEMPATH/CodeIgniter.php(351): CodeIgniter\CodeIgniter->handleRequest()
 4 FCPATH/index.php(67): CodeIgniter\CodeIgniter->run()
ERROR - 2024-05-31 21:44:33 --> Email: sendWithSmtp throwed ErrorException: fsockopen(): Unable to connect to tls://mail.ashkohandling.com:465 (Connection timed out) in /home/dirgrosc/ashkohandling.com/system/Email/Email.php:1863
Stack trace:
#0 [internal function]: CodeIgniter\Debug\Exceptions->errorHandler()
#1 /home/dirgrosc/ashkohandling.com/system/Email/Email.php(1863): fsockopen()
#2 /home/dirgrosc/ashkohandling.com/system/Email/Email.php(1777): CodeIgniter\Email\Email->SMTPConnect()
#3 /home/dirgrosc/ashkohandling.com/system/Email/Email.php(1662): CodeIgniter\Email\Email->sendWithSmtp()
#4 /home/dirgrosc/ashkohandling.com/system/Email/Email.php(1560): CodeIgniter\Email\Email->spoolEmail()
#5 /home/dirgrosc/ashkohandling.com/app/Models/EmailModel.php(24): CodeIgniter\Email\Email->send()
#6 /home/dirgrosc/ashkohandling.com/app/Controllers/Reservation.php(130): App\Models\EmailModel->sendNotification()
#7 /home/dirgrosc/ashkohandling.com/system/CodeIgniter.php(927): App\Controllers\Reservation->submit()
#8 /home/dirgrosc/ashkohandling.com/system/CodeIgniter.php(482): CodeIgniter\CodeIgniter->runController()
#9 /home/dirgrosc/ashkohandling.com/system/CodeIgniter.php(351): CodeIgniter\CodeIgniter->handleRequest()
#10 /home/dirgrosc/ashkohandling.com/public/index.php(67): CodeIgniter\CodeIgniter->run()
#11 {main}
ERROR - 2024-05-31 21:44:33 --> Email: Unable to send email using SMTP. Your server might not be configured to send mail using this method.
ERROR - 2024-05-31 21:44:33 --> 
ERROR - 2024-05-31 21:45:03 --> Email: sendWithSmtp throwed ErrorException: fsockopen(): Unable to connect to tls://mail.ashkohandling.com:465 (Connection timed out) in /home/dirgrosc/ashkohandling.com/system/Email/Email.php:1863
Stack trace:
#0 [internal function]: CodeIgniter\Debug\Exceptions->errorHandler()
#1 /home/dirgrosc/ashkohandling.com/system/Email/Email.php(1863): fsockopen()
#2 /home/dirgrosc/ashkohandling.com/system/Email/Email.php(1777): CodeIgniter\Email\Email->SMTPConnect()
#3 /home/dirgrosc/ashkohandling.com/system/Email/Email.php(1662): CodeIgniter\Email\Email->sendWithSmtp()
#4 /home/dirgrosc/ashkohandling.com/system/Email/Email.php(1560): CodeIgniter\Email\Email->spoolEmail()
#5 /home/dirgrosc/ashkohandling.com/app/Models/EmailModel.php(34): CodeIgniter\Email\Email->send()
#6 /home/dirgrosc/ashkohandling.com/app/Controllers/Reservation.php(131): App\Models\EmailModel->sendTicket()
#7 /home/dirgrosc/ashkohandling.com/system/CodeIgniter.php(927): App\Controllers\Reservation->submit()
#8 /home/dirgrosc/ashkohandling.com/system/CodeIgniter.php(482): CodeIgniter\CodeIgniter->runController()
#9 /home/dirgrosc/ashkohandling.com/system/CodeIgniter.php(351): CodeIgniter\CodeIgniter->handleRequest()
#10 /home/dirgrosc/ashkohandling.com/public/index.php(67): CodeIgniter\CodeIgniter->run()
#11 {main}
ERROR - 2024-05-31 21:45:03 --> Email: Unable to send email using SMTP. Your server might not be configured to send mail using this method.
ERROR - 2024-05-31 21:45:03 --> Unable to send email using SMTP. Your server might not be configured to send mail using this method.
