CRITICAL - 2023-09-04 18:44:26 --> Call to a member function markAsTempdata() on null
in APPPATH/Controllers/Reservation.php on line 95.
 1 SYSTEMPATH/CodeIgniter.php(927): App\Controllers\Reservation->submit()
 2 SYSTEMPATH/CodeIgniter.php(482): CodeIgniter\CodeIgniter->runController()
 3 SYSTEMPATH/CodeIgniter.php(351): CodeIgniter\CodeIgniter->handleRequest()
 4 FCPATH/index.php(67): CodeIgniter\CodeIgniter->run()
ERROR - 2023-09-04 18:45:07 --> Email: sendWithSmtp throwed ErrorException: fsockopen(): SSL operation failed with code 1. OpenSSL Error messages:
error:1408F10B:SSL routines:ssl3_get_record:wrong version number in /www/wwwroot/ashkohandling.com/system/Email/Email.php:1863
Stack trace:
#0 [internal function]: CodeIgniter\Debug\Exceptions->errorHandler()
#1 /www/wwwroot/ashkohandling.com/system/Email/Email.php(1863): fsockopen()
#2 /www/wwwroot/ashkohandling.com/system/Email/Email.php(1777): CodeIgniter\Email\Email->SMTPConnect()
#3 /www/wwwroot/ashkohandling.com/system/Email/Email.php(1662): CodeIgniter\Email\Email->sendWithSmtp()
#4 /www/wwwroot/ashkohandling.com/system/Email/Email.php(1560): CodeIgniter\Email\Email->spoolEmail()
#5 /www/wwwroot/ashkohandling.com/app/Models/EmailModel.php(24): CodeIgniter\Email\Email->send()
#6 /www/wwwroot/ashkohandling.com/app/Controllers/Reservation.php(94): App\Models\EmailModel->sendEmail()
#7 /www/wwwroot/ashkohandling.com/system/CodeIgniter.php(927): App\Controllers\Reservation->submit()
#8 /www/wwwroot/ashkohandling.com/system/CodeIgniter.php(482): CodeIgniter\CodeIgniter->runController()
#9 /www/wwwroot/ashkohandling.com/system/CodeIgniter.php(351): CodeIgniter\CodeIgniter->handleRequest()
#10 /www/wwwroot/ashkohandling.com/public/index.php(67): CodeIgniter\CodeIgniter->run()
#11 {main}
ERROR - 2023-09-04 18:45:07 --> Email: Unable to send email using SMTP. Your server might not be configured to send mail using this method.
ERROR - 2023-09-04 18:45:07 --> 
ERROR - 2023-09-04 18:45:19 --> Email: sendWithSmtp throwed ErrorException: fsockopen(): SSL operation failed with code 1. OpenSSL Error messages:
error:1408F10B:SSL routines:ssl3_get_record:wrong version number in /www/wwwroot/ashkohandling.com/system/Email/Email.php:1863
Stack trace:
#0 [internal function]: CodeIgniter\Debug\Exceptions->errorHandler()
#1 /www/wwwroot/ashkohandling.com/system/Email/Email.php(1863): fsockopen()
#2 /www/wwwroot/ashkohandling.com/system/Email/Email.php(1777): CodeIgniter\Email\Email->SMTPConnect()
#3 /www/wwwroot/ashkohandling.com/system/Email/Email.php(1662): CodeIgniter\Email\Email->sendWithSmtp()
#4 /www/wwwroot/ashkohandling.com/system/Email/Email.php(1560): CodeIgniter\Email\Email->spoolEmail()
#5 /www/wwwroot/ashkohandling.com/app/Models/EmailModel.php(24): CodeIgniter\Email\Email->send()
#6 /www/wwwroot/ashkohandling.com/app/Controllers/Reservation.php(94): App\Models\EmailModel->sendEmail()
#7 /www/wwwroot/ashkohandling.com/system/CodeIgniter.php(927): App\Controllers\Reservation->submit()
#8 /www/wwwroot/ashkohandling.com/system/CodeIgniter.php(482): CodeIgniter\CodeIgniter->runController()
#9 /www/wwwroot/ashkohandling.com/system/CodeIgniter.php(351): CodeIgniter\CodeIgniter->handleRequest()
#10 /www/wwwroot/ashkohandling.com/public/index.php(67): CodeIgniter\CodeIgniter->run()
#11 {main}
ERROR - 2023-09-04 18:45:19 --> Email: Unable to send email using SMTP. Your server might not be configured to send mail using this method.
ERROR - 2023-09-04 18:45:19 --> 
ERROR - 2023-09-04 18:45:46 --> Email: sendWithSmtp throwed ErrorException: fsockopen(): SSL operation failed with code 1. OpenSSL Error messages:
error:1408F10B:SSL routines:ssl3_get_record:wrong version number in /www/wwwroot/ashkohandling.com/system/Email/Email.php:1863
Stack trace:
#0 [internal function]: CodeIgniter\Debug\Exceptions->errorHandler()
#1 /www/wwwroot/ashkohandling.com/system/Email/Email.php(1863): fsockopen()
#2 /www/wwwroot/ashkohandling.com/system/Email/Email.php(1777): CodeIgniter\Email\Email->SMTPConnect()
#3 /www/wwwroot/ashkohandling.com/system/Email/Email.php(1662): CodeIgniter\Email\Email->sendWithSmtp()
#4 /www/wwwroot/ashkohandling.com/system/Email/Email.php(1560): CodeIgniter\Email\Email->spoolEmail()
#5 /www/wwwroot/ashkohandling.com/app/Models/EmailModel.php(24): CodeIgniter\Email\Email->send()
#6 /www/wwwroot/ashkohandling.com/app/Controllers/Reservation.php(94): App\Models\EmailModel->sendEmail()
#7 /www/wwwroot/ashkohandling.com/system/CodeIgniter.php(927): App\Controllers\Reservation->submit()
#8 /www/wwwroot/ashkohandling.com/system/CodeIgniter.php(482): CodeIgniter\CodeIgniter->runController()
#9 /www/wwwroot/ashkohandling.com/system/CodeIgniter.php(351): CodeIgniter\CodeIgniter->handleRequest()
#10 /www/wwwroot/ashkohandling.com/public/index.php(67): CodeIgniter\CodeIgniter->run()
#11 {main}
ERROR - 2023-09-04 18:45:46 --> Email: Unable to send email using SMTP. Your server might not be configured to send mail using this method.
ERROR - 2023-09-04 18:45:46 --> 
CRITICAL - 2023-09-04 18:45:48 --> view(): Argument #2 ($data) must be of type array, stdClass given, called in /www/wwwroot/ashkohandling.com/app/Controllers/Reservation.php on line 111
in SYSTEMPATH/Common.php on line 1120.
 1 APPPATH/Controllers/Reservation.php(111): view()
 2 SYSTEMPATH/CodeIgniter.php(927): App\Controllers\Reservation->view()
 3 SYSTEMPATH/CodeIgniter.php(482): CodeIgniter\CodeIgniter->runController()
 4 SYSTEMPATH/CodeIgniter.php(351): CodeIgniter\CodeIgniter->handleRequest()
 5 FCPATH/index.php(67): CodeIgniter\CodeIgniter->run()
CRITICAL - 2023-09-04 18:53:33 --> Undefined variable $date
in APPPATH/Views/reservation-view.php on line 39.
 1 APPPATH/Views/reservation-view.php(39): CodeIgniter\Debug\Exceptions->errorHandler()
 2 SYSTEMPATH/View/View.php(213): include('APPPATH/Views/reservation-view.php')
 3 SYSTEMPATH/View/View.php(216): CodeIgniter\View\View->CodeIgniter\View\{closure}()
 4 SYSTEMPATH/Common.php(1134): CodeIgniter\View\View->render()
 5 APPPATH/Controllers/Reservation.php(111): view()
 6 SYSTEMPATH/CodeIgniter.php(927): App\Controllers\Reservation->view()
 7 SYSTEMPATH/CodeIgniter.php(482): CodeIgniter\CodeIgniter->runController()
 8 SYSTEMPATH/CodeIgniter.php(351): CodeIgniter\CodeIgniter->handleRequest()
 9 FCPATH/index.php(67): CodeIgniter\CodeIgniter->run()
CRITICAL - 2023-09-04 18:54:37 --> Undefined variable $daparture
in APPPATH/Views/reservation-view.php on line 81.
 1 APPPATH/Views/reservation-view.php(81): CodeIgniter\Debug\Exceptions->errorHandler()
 2 SYSTEMPATH/View/View.php(213): include('APPPATH/Views/reservation-view.php')
 3 SYSTEMPATH/View/View.php(216): CodeIgniter\View\View->CodeIgniter\View\{closure}()
 4 SYSTEMPATH/Common.php(1134): CodeIgniter\View\View->render()
 5 APPPATH/Controllers/Reservation.php(111): view()
 6 SYSTEMPATH/CodeIgniter.php(927): App\Controllers\Reservation->view()
 7 SYSTEMPATH/CodeIgniter.php(482): CodeIgniter\CodeIgniter->runController()
 8 SYSTEMPATH/CodeIgniter.php(351): CodeIgniter\CodeIgniter->handleRequest()
 9 FCPATH/index.php(67): CodeIgniter\CodeIgniter->run()
ERROR - 2023-09-04 18:57:53 --> Email: sendWithSmtp throwed ErrorException: fsockopen(): SSL operation failed with code 1. OpenSSL Error messages:
error:1408F10B:SSL routines:ssl3_get_record:wrong version number in /www/wwwroot/ashkohandling.com/system/Email/Email.php:1863
Stack trace:
#0 [internal function]: CodeIgniter\Debug\Exceptions->errorHandler()
#1 /www/wwwroot/ashkohandling.com/system/Email/Email.php(1863): fsockopen()
#2 /www/wwwroot/ashkohandling.com/system/Email/Email.php(1777): CodeIgniter\Email\Email->SMTPConnect()
#3 /www/wwwroot/ashkohandling.com/system/Email/Email.php(1662): CodeIgniter\Email\Email->sendWithSmtp()
#4 /www/wwwroot/ashkohandling.com/system/Email/Email.php(1560): CodeIgniter\Email\Email->spoolEmail()
#5 /www/wwwroot/ashkohandling.com/app/Models/EmailModel.php(24): CodeIgniter\Email\Email->send()
#6 /www/wwwroot/ashkohandling.com/app/Controllers/Reservation.php(95): App\Models\EmailModel->sendEmail()
#7 /www/wwwroot/ashkohandling.com/system/CodeIgniter.php(927): App\Controllers\Reservation->submit()
#8 /www/wwwroot/ashkohandling.com/system/CodeIgniter.php(482): CodeIgniter\CodeIgniter->runController()
#9 /www/wwwroot/ashkohandling.com/system/CodeIgniter.php(351): CodeIgniter\CodeIgniter->handleRequest()
#10 /www/wwwroot/ashkohandling.com/public/index.php(67): CodeIgniter\CodeIgniter->run()
#11 {main}
ERROR - 2023-09-04 18:57:53 --> Email: Unable to send email using SMTP. Your server might not be configured to send mail using this method.
ERROR - 2023-09-04 18:57:53 --> 
CRITICAL - 2023-09-04 18:58:03 --> date(): Argument #2 ($timestamp) must be of type ?int, string given
in APPPATH/Views/reservation-view.php on line 39.
 1 APPPATH/Views/reservation-view.php(39): date()
 2 SYSTEMPATH/View/View.php(213): include('APPPATH/Views/reservation-view.php')
 3 SYSTEMPATH/View/View.php(216): CodeIgniter\View\View->CodeIgniter\View\{closure}()
 4 SYSTEMPATH/Common.php(1134): CodeIgniter\View\View->render()
 5 APPPATH/Controllers/Reservation.php(112): view()
 6 SYSTEMPATH/CodeIgniter.php(927): App\Controllers\Reservation->view()
 7 SYSTEMPATH/CodeIgniter.php(482): CodeIgniter\CodeIgniter->runController()
 8 SYSTEMPATH/CodeIgniter.php(351): CodeIgniter\CodeIgniter->handleRequest()
 9 FCPATH/index.php(67): CodeIgniter\CodeIgniter->run()
CRITICAL - 2023-09-04 20:03:13 --> Undefined variable $description
in APPPATH/Views/layouts/main.php on line 6.
 1 APPPATH/Views/layouts/main.php(6): CodeIgniter\Debug\Exceptions->errorHandler()
 2 SYSTEMPATH/View/View.php(213): include('APPPATH/Views/layouts/main.php')
 3 SYSTEMPATH/View/View.php(216): CodeIgniter\View\View->CodeIgniter\View\{closure}()
 4 SYSTEMPATH/View/View.php(229): CodeIgniter\View\View->render()
 5 SYSTEMPATH/Common.php(1134): CodeIgniter\View\View->render()
 6 APPPATH/Controllers/Home.php(40): view()
 7 SYSTEMPATH/CodeIgniter.php(927): App\Controllers\Home->index()
 8 SYSTEMPATH/CodeIgniter.php(482): CodeIgniter\CodeIgniter->runController()
 9 SYSTEMPATH/CodeIgniter.php(351): CodeIgniter\CodeIgniter->handleRequest()
10 FCPATH/index.php(67): CodeIgniter\CodeIgniter->run()
CRITICAL - 2023-09-04 20:04:39 --> Undefined variable $description
in APPPATH/Views/layouts/main.php on line 6.
 1 APPPATH/Views/layouts/main.php(6): CodeIgniter\Debug\Exceptions->errorHandler()
 2 SYSTEMPATH/View/View.php(213): include('APPPATH/Views/layouts/main.php')
 3 SYSTEMPATH/View/View.php(216): CodeIgniter\View\View->CodeIgniter\View\{closure}()
 4 SYSTEMPATH/View/View.php(229): CodeIgniter\View\View->render()
 5 SYSTEMPATH/Common.php(1134): CodeIgniter\View\View->render()
 6 APPPATH/Controllers/Home.php(40): view()
 7 SYSTEMPATH/CodeIgniter.php(927): App\Controllers\Home->index()
 8 SYSTEMPATH/CodeIgniter.php(482): CodeIgniter\CodeIgniter->runController()
 9 SYSTEMPATH/CodeIgniter.php(351): CodeIgniter\CodeIgniter->handleRequest()
10 FCPATH/index.php(67): CodeIgniter\CodeIgniter->run()
CRITICAL - 2023-09-04 20:04:53 --> Undefined variable $description
in APPPATH/Views/layouts/main.php on line 6.
 1 APPPATH/Views/layouts/main.php(6): CodeIgniter\Debug\Exceptions->errorHandler()
 2 SYSTEMPATH/View/View.php(213): include('APPPATH/Views/layouts/main.php')
 3 SYSTEMPATH/View/View.php(216): CodeIgniter\View\View->CodeIgniter\View\{closure}()
 4 SYSTEMPATH/View/View.php(229): CodeIgniter\View\View->render()
 5 SYSTEMPATH/Common.php(1134): CodeIgniter\View\View->render()
 6 APPPATH/Controllers/Home.php(40): view()
 7 SYSTEMPATH/CodeIgniter.php(927): App\Controllers\Home->index()
 8 SYSTEMPATH/CodeIgniter.php(482): CodeIgniter\CodeIgniter->runController()
 9 SYSTEMPATH/CodeIgniter.php(351): CodeIgniter\CodeIgniter->handleRequest()
10 FCPATH/index.php(67): CodeIgniter\CodeIgniter->run()
