ERROR - 2023-09-01 12:57:56 --> mysqli_sql_exception: Unknown column 'airport' in 'field list' in /www/wwwroot/ashkohandling.com/system/Database/MySQLi/Connection.php:292
Stack trace:
#0 /www/wwwroot/ashkohandling.com/system/Database/MySQLi/Connection.php(292): mysqli->query()
#1 /www/wwwroot/ashkohandling.com/system/Database/BaseConnection.php(666): CodeIgniter\Database\MySQLi\Connection->execute()
#2 /www/wwwroot/ashkohandling.com/system/Database/BaseConnection.php(593): CodeIgniter\Database\BaseConnection->simpleQuery()
#3 /www/wwwroot/ashkohandling.com/system/Database/BaseBuilder.php(1718): CodeIgniter\Database\BaseConnection->query()
#4 /www/wwwroot/ashkohandling.com/app/Controllers/Dashboard.php(153): CodeIgniter\Database\BaseBuilder->getWhere()
#5 /www/wwwroot/ashkohandling.com/system/CodeIgniter.php(927): App\Controllers\Dashboard->schedule()
#6 /www/wwwroot/ashkohandling.com/system/CodeIgniter.php(482): CodeIgniter\CodeIgniter->runController()
#7 /www/wwwroot/ashkohandling.com/system/CodeIgniter.php(351): CodeIgniter\CodeIgniter->handleRequest()
#8 /www/wwwroot/ashkohandling.com/public/index.php(67): CodeIgniter\CodeIgniter->run()
#9 {main}
CRITICAL - 2023-09-01 12:57:56 --> Unknown column 'airport' in 'field list'
in SYSTEMPATH/Database/MySQLi/Connection.php on line 292.
 1 SYSTEMPATH/Database/MySQLi/Connection.php(292): mysqli->query()
 2 SYSTEMPATH/Database/BaseConnection.php(666): CodeIgniter\Database\MySQLi\Connection->execute()
 3 SYSTEMPATH/Database/BaseConnection.php(593): CodeIgniter\Database\BaseConnection->simpleQuery()
 4 SYSTEMPATH/Database/BaseBuilder.php(1718): CodeIgniter\Database\BaseConnection->query()
 5 APPPATH/Controllers/Dashboard.php(153): CodeIgniter\Database\BaseBuilder->getWhere()
 6 SYSTEMPATH/CodeIgniter.php(927): App\Controllers\Dashboard->schedule()
 7 SYSTEMPATH/CodeIgniter.php(482): CodeIgniter\CodeIgniter->runController()
 8 SYSTEMPATH/CodeIgniter.php(351): CodeIgniter\CodeIgniter->handleRequest()
 9 FCPATH/index.php(67): CodeIgniter\CodeIgniter->run()
CRITICAL - 2023-09-01 14:03:22 --> Undefined array key "content"
in APPPATH/Controllers/Dashboard.php on line 46.
 1 APPPATH/Controllers/Dashboard.php(46): CodeIgniter\Debug\Exceptions->errorHandler()
 2 SYSTEMPATH/CodeIgniter.php(927): App\Controllers\Dashboard->index()
 3 SYSTEMPATH/CodeIgniter.php(482): CodeIgniter\CodeIgniter->runController()
 4 SYSTEMPATH/CodeIgniter.php(351): CodeIgniter\CodeIgniter->handleRequest()
 5 FCPATH/index.php(67): CodeIgniter\CodeIgniter->run()
ERROR - 2023-09-01 14:03:35 --> mysqli_sql_exception: Incorrect DATETIME value: '01 September 2023 00:00:00' in /www/wwwroot/ashkohandling.com/system/Database/MySQLi/Connection.php:292
Stack trace:
#0 /www/wwwroot/ashkohandling.com/system/Database/MySQLi/Connection.php(292): mysqli->query()
#1 /www/wwwroot/ashkohandling.com/system/Database/BaseConnection.php(666): CodeIgniter\Database\MySQLi\Connection->execute()
#2 /www/wwwroot/ashkohandling.com/system/Database/BaseConnection.php(593): CodeIgniter\Database\BaseConnection->simpleQuery()
#3 /www/wwwroot/ashkohandling.com/app/Controllers/Dashboard.php(56): CodeIgniter\Database\BaseConnection->query()
#4 /www/wwwroot/ashkohandling.com/system/CodeIgniter.php(927): App\Controllers\Dashboard->index()
#5 /www/wwwroot/ashkohandling.com/system/CodeIgniter.php(482): CodeIgniter\CodeIgniter->runController()
#6 /www/wwwroot/ashkohandling.com/system/CodeIgniter.php(351): CodeIgniter\CodeIgniter->handleRequest()
#7 /www/wwwroot/ashkohandling.com/public/index.php(67): CodeIgniter\CodeIgniter->run()
#8 {main}
CRITICAL - 2023-09-01 14:03:35 --> Incorrect DATETIME value: '01 September 2023 00:00:00'
in SYSTEMPATH/Database/MySQLi/Connection.php on line 292.
 1 SYSTEMPATH/Database/MySQLi/Connection.php(292): mysqli->query()
 2 SYSTEMPATH/Database/BaseConnection.php(666): CodeIgniter\Database\MySQLi\Connection->execute()
 3 SYSTEMPATH/Database/BaseConnection.php(593): CodeIgniter\Database\BaseConnection->simpleQuery()
 4 APPPATH/Controllers/Dashboard.php(56): CodeIgniter\Database\BaseConnection->query()
 5 SYSTEMPATH/CodeIgniter.php(927): App\Controllers\Dashboard->index()
 6 SYSTEMPATH/CodeIgniter.php(482): CodeIgniter\CodeIgniter->runController()
 7 SYSTEMPATH/CodeIgniter.php(351): CodeIgniter\CodeIgniter->handleRequest()
 8 FCPATH/index.php(67): CodeIgniter\CodeIgniter->run()
CRITICAL - 2023-09-01 14:04:46 --> strtotime(): Argument #1 ($datetime) must be of type string, array given
in APPPATH/Controllers/Dashboard.php on line 102.
 1 APPPATH/Controllers/Dashboard.php(102): strtotime()
 2 SYSTEMPATH/CodeIgniter.php(927): App\Controllers\Dashboard->index()
 3 SYSTEMPATH/CodeIgniter.php(482): CodeIgniter\CodeIgniter->runController()
 4 SYSTEMPATH/CodeIgniter.php(351): CodeIgniter\CodeIgniter->handleRequest()
 5 FCPATH/index.php(67): CodeIgniter\CodeIgniter->run()
CRITICAL - 2023-09-01 14:11:11 --> date(): Argument #2 ($timestamp) must be of type ?int, string given
in APPPATH/Views/overview.php on line 24.
 1 APPPATH/Views/overview.php(24): date()
 2 SYSTEMPATH/View/View.php(213): include('APPPATH/Views/overview.php')
 3 SYSTEMPATH/View/View.php(216): CodeIgniter\View\View->CodeIgniter\View\{closure}()
 4 SYSTEMPATH/Common.php(1134): CodeIgniter\View\View->render()
 5 APPPATH/Controllers/Dashboard.php(127): view()
 6 SYSTEMPATH/CodeIgniter.php(927): App\Controllers\Dashboard->index()
 7 SYSTEMPATH/CodeIgniter.php(482): CodeIgniter\CodeIgniter->runController()
 8 SYSTEMPATH/CodeIgniter.php(351): CodeIgniter\CodeIgniter->handleRequest()
 9 FCPATH/index.php(67): CodeIgniter\CodeIgniter->run()
CRITICAL - 2023-09-01 14:11:27 --> Undefined array key "date"
in APPPATH/Views/overview.php on line 28.
 1 APPPATH/Views/overview.php(28): CodeIgniter\Debug\Exceptions->errorHandler()
 2 SYSTEMPATH/View/View.php(213): include('APPPATH/Views/overview.php')
 3 SYSTEMPATH/View/View.php(216): CodeIgniter\View\View->CodeIgniter\View\{closure}()
 4 SYSTEMPATH/Common.php(1134): CodeIgniter\View\View->render()
 5 APPPATH/Controllers/Dashboard.php(127): view()
 6 SYSTEMPATH/CodeIgniter.php(927): App\Controllers\Dashboard->index()
 7 SYSTEMPATH/CodeIgniter.php(482): CodeIgniter\CodeIgniter->runController()
 8 SYSTEMPATH/CodeIgniter.php(351): CodeIgniter\CodeIgniter->handleRequest()
 9 FCPATH/index.php(67): CodeIgniter\CodeIgniter->run()
CRITICAL - 2023-09-01 16:18:21 --> Undefined variable $content
in APPPATH/Views/view.php on line 13.
 1 APPPATH/Views/view.php(13): CodeIgniter\Debug\Exceptions->errorHandler()
 2 SYSTEMPATH/View/View.php(213): include('APPPATH/Views/view.php')
 3 SYSTEMPATH/View/View.php(216): CodeIgniter\View\View->CodeIgniter\View\{closure}()
 4 SYSTEMPATH/Common.php(1134): CodeIgniter\View\View->render()
 5 APPPATH/Controllers/Dashboard.php(437): view()
 6 SYSTEMPATH/CodeIgniter.php(927): App\Controllers\Dashboard->view()
 7 SYSTEMPATH/CodeIgniter.php(482): CodeIgniter\CodeIgniter->runController()
 8 SYSTEMPATH/CodeIgniter.php(351): CodeIgniter\CodeIgniter->handleRequest()
 9 FCPATH/index.php(67): CodeIgniter\CodeIgniter->run()
CRITICAL - 2023-09-01 16:41:19 --> Undefined array key "type"
in APPPATH/Views/search.php on line 34.
 1 APPPATH/Views/search.php(34): CodeIgniter\Debug\Exceptions->errorHandler()
 2 SYSTEMPATH/View/View.php(213): include('APPPATH/Views/search.php')
 3 SYSTEMPATH/View/View.php(216): CodeIgniter\View\View->CodeIgniter\View\{closure}()
 4 SYSTEMPATH/Common.php(1134): CodeIgniter\View\View->render()
 5 APPPATH/Controllers/Dashboard.php(400): view()
 6 SYSTEMPATH/CodeIgniter.php(927): App\Controllers\Dashboard->search()
 7 SYSTEMPATH/CodeIgniter.php(482): CodeIgniter\CodeIgniter->runController()
 8 SYSTEMPATH/CodeIgniter.php(351): CodeIgniter\CodeIgniter->handleRequest()
 9 FCPATH/index.php(67): CodeIgniter\CodeIgniter->run()
CRITICAL - 2023-09-01 16:43:37 --> Undefined array key "package"
in APPPATH/Controllers/Dashboard.php on line 252.
 1 APPPATH/Controllers/Dashboard.php(252): CodeIgniter\Debug\Exceptions->errorHandler()
 2 SYSTEMPATH/CodeIgniter.php(927): App\Controllers\Dashboard->reservation()
 3 SYSTEMPATH/CodeIgniter.php(482): CodeIgniter\CodeIgniter->runController()
 4 SYSTEMPATH/CodeIgniter.php(351): CodeIgniter\CodeIgniter->handleRequest()
 5 FCPATH/index.php(67): CodeIgniter\CodeIgniter->run()
CRITICAL - 2023-09-01 16:44:02 --> Undefined array key "type"
in APPPATH/Views/overview.php on line 238.
 1 APPPATH/Views/overview.php(238): CodeIgniter\Debug\Exceptions->errorHandler()
 2 SYSTEMPATH/View/View.php(213): include('APPPATH/Views/overview.php')
 3 SYSTEMPATH/View/View.php(216): CodeIgniter\View\View->CodeIgniter\View\{closure}()
 4 SYSTEMPATH/Common.php(1134): CodeIgniter\View\View->render()
 5 APPPATH/Controllers/Dashboard.php(138): view()
 6 SYSTEMPATH/CodeIgniter.php(927): App\Controllers\Dashboard->index()
 7 SYSTEMPATH/CodeIgniter.php(482): CodeIgniter\CodeIgniter->runController()
 8 SYSTEMPATH/CodeIgniter.php(351): CodeIgniter\CodeIgniter->handleRequest()
 9 FCPATH/index.php(67): CodeIgniter\CodeIgniter->run()
CRITICAL - 2023-09-01 16:44:28 --> Undefined property: stdClass::$departureCode
in APPPATH/Views/view.php on line 63.
 1 APPPATH/Views/view.php(63): CodeIgniter\Debug\Exceptions->errorHandler()
 2 SYSTEMPATH/View/View.php(213): include('APPPATH/Views/view.php')
 3 SYSTEMPATH/View/View.php(216): CodeIgniter\View\View->CodeIgniter\View\{closure}()
 4 SYSTEMPATH/Common.php(1134): CodeIgniter\View\View->render()
 5 APPPATH/Controllers/Dashboard.php(437): view()
 6 SYSTEMPATH/CodeIgniter.php(927): App\Controllers\Dashboard->view()
 7 SYSTEMPATH/CodeIgniter.php(482): CodeIgniter\CodeIgniter->runController()
 8 SYSTEMPATH/CodeIgniter.php(351): CodeIgniter\CodeIgniter->handleRequest()
 9 FCPATH/index.php(67): CodeIgniter\CodeIgniter->run()
CRITICAL - 2023-09-01 16:49:26 --> syntax error, unexpected variable "$query"
in APPPATH/Controllers/Dashboard.php on line 356.
 1 SYSTEMPATH/Autoloader/Autoloader.php(259): CodeIgniter\Autoloader\Autoloader->includeFile()
 2 SYSTEMPATH/Autoloader/Autoloader.php(237): CodeIgniter\Autoloader\Autoloader->loadInNamespace()
 3 [internal function]: CodeIgniter\Autoloader\Autoloader->loadClass()
 4 SYSTEMPATH/CodeIgniter.php(877): class_exists()
 5 SYSTEMPATH/CodeIgniter.php(469): CodeIgniter\CodeIgniter->startController()
 6 SYSTEMPATH/CodeIgniter.php(351): CodeIgniter\CodeIgniter->handleRequest()
 7 FCPATH/index.php(67): CodeIgniter\CodeIgniter->run()
CRITICAL - 2023-09-01 16:49:44 --> syntax error, unexpected variable "$departureQuery"
in APPPATH/Controllers/Dashboard.php on line 396.
 1 SYSTEMPATH/Autoloader/Autoloader.php(259): CodeIgniter\Autoloader\Autoloader->includeFile()
 2 SYSTEMPATH/Autoloader/Autoloader.php(237): CodeIgniter\Autoloader\Autoloader->loadInNamespace()
 3 [internal function]: CodeIgniter\Autoloader\Autoloader->loadClass()
 4 SYSTEMPATH/CodeIgniter.php(877): class_exists()
 5 SYSTEMPATH/CodeIgniter.php(469): CodeIgniter\CodeIgniter->startController()
 6 SYSTEMPATH/CodeIgniter.php(351): CodeIgniter\CodeIgniter->handleRequest()
 7 FCPATH/index.php(67): CodeIgniter\CodeIgniter->run()
CRITICAL - 2023-09-01 16:50:05 --> syntax error, unexpected variable "$data"
in APPPATH/Controllers/Dashboard.php on line 401.
 1 SYSTEMPATH/Autoloader/Autoloader.php(259): CodeIgniter\Autoloader\Autoloader->includeFile()
 2 SYSTEMPATH/Autoloader/Autoloader.php(237): CodeIgniter\Autoloader\Autoloader->loadInNamespace()
 3 [internal function]: CodeIgniter\Autoloader\Autoloader->loadClass()
 4 SYSTEMPATH/CodeIgniter.php(877): class_exists()
 5 SYSTEMPATH/CodeIgniter.php(469): CodeIgniter\CodeIgniter->startController()
 6 SYSTEMPATH/CodeIgniter.php(351): CodeIgniter\CodeIgniter->handleRequest()
 7 FCPATH/index.php(67): CodeIgniter\CodeIgniter->run()
CRITICAL - 2023-09-01 16:50:13 --> Undefined property: stdClass::$departureCode
in APPPATH/Views/view.php on line 63.
 1 APPPATH/Views/view.php(63): CodeIgniter\Debug\Exceptions->errorHandler()
 2 SYSTEMPATH/View/View.php(213): include('APPPATH/Views/view.php')
 3 SYSTEMPATH/View/View.php(216): CodeIgniter\View\View->CodeIgniter\View\{closure}()
 4 SYSTEMPATH/Common.php(1134): CodeIgniter\View\View->render()
 5 APPPATH/Controllers/Dashboard.php(450): view()
 6 SYSTEMPATH/CodeIgniter.php(927): App\Controllers\Dashboard->view()
 7 SYSTEMPATH/CodeIgniter.php(482): CodeIgniter\CodeIgniter->runController()
 8 SYSTEMPATH/CodeIgniter.php(351): CodeIgniter\CodeIgniter->handleRequest()
 9 FCPATH/index.php(67): CodeIgniter\CodeIgniter->run()
CRITICAL - 2023-09-01 16:53:26 --> Undefined variable $builder
in APPPATH/Controllers/Dashboard.php on line 427.
 1 APPPATH/Controllers/Dashboard.php(427): CodeIgniter\Debug\Exceptions->errorHandler()
 2 SYSTEMPATH/CodeIgniter.php(927): App\Controllers\Dashboard->view()
 3 SYSTEMPATH/CodeIgniter.php(482): CodeIgniter\CodeIgniter->runController()
 4 SYSTEMPATH/CodeIgniter.php(351): CodeIgniter\CodeIgniter->handleRequest()
 5 FCPATH/index.php(67): CodeIgniter\CodeIgniter->run()
CRITICAL - 2023-09-01 16:53:51 --> Undefined variable $arrivalQuery
in APPPATH/Controllers/Dashboard.php on line 444.
 1 APPPATH/Controllers/Dashboard.php(444): CodeIgniter\Debug\Exceptions->errorHandler()
 2 SYSTEMPATH/CodeIgniter.php(927): App\Controllers\Dashboard->view()
 3 SYSTEMPATH/CodeIgniter.php(482): CodeIgniter\CodeIgniter->runController()
 4 SYSTEMPATH/CodeIgniter.php(351): CodeIgniter\CodeIgniter->handleRequest()
 5 FCPATH/index.php(67): CodeIgniter\CodeIgniter->run()
CRITICAL - 2023-09-01 16:54:47 --> Undefined property: stdClass::$departureCode
in APPPATH/Views/view.php on line 63.
 1 APPPATH/Views/view.php(63): CodeIgniter\Debug\Exceptions->errorHandler()
 2 SYSTEMPATH/View/View.php(213): include('APPPATH/Views/view.php')
 3 SYSTEMPATH/View/View.php(216): CodeIgniter\View\View->CodeIgniter\View\{closure}()
 4 SYSTEMPATH/Common.php(1134): CodeIgniter\View\View->render()
 5 APPPATH/Controllers/Dashboard.php(449): view()
 6 SYSTEMPATH/CodeIgniter.php(927): App\Controllers\Dashboard->view()
 7 SYSTEMPATH/CodeIgniter.php(482): CodeIgniter\CodeIgniter->runController()
 8 SYSTEMPATH/CodeIgniter.php(351): CodeIgniter\CodeIgniter->handleRequest()
 9 FCPATH/index.php(67): CodeIgniter\CodeIgniter->run()
CRITICAL - 2023-09-01 16:59:28 --> Undefined property: stdClass::$passengerTime
in APPPATH/Views/view.php on line 78.
 1 APPPATH/Views/view.php(78): CodeIgniter\Debug\Exceptions->errorHandler()
 2 SYSTEMPATH/View/View.php(213): include('APPPATH/Views/view.php')
 3 SYSTEMPATH/View/View.php(216): CodeIgniter\View\View->CodeIgniter\View\{closure}()
 4 SYSTEMPATH/Common.php(1134): CodeIgniter\View\View->render()
 5 APPPATH/Controllers/Dashboard.php(459): view()
 6 SYSTEMPATH/CodeIgniter.php(927): App\Controllers\Dashboard->view()
 7 SYSTEMPATH/CodeIgniter.php(482): CodeIgniter\CodeIgniter->runController()
 8 SYSTEMPATH/CodeIgniter.php(351): CodeIgniter\CodeIgniter->handleRequest()
 9 FCPATH/index.php(67): CodeIgniter\CodeIgniter->run()
CRITICAL - 2023-09-01 17:00:28 --> Undefined property: stdClass::$passengerTime
in APPPATH/Views/view.php on line 78.
 1 APPPATH/Views/view.php(78): CodeIgniter\Debug\Exceptions->errorHandler()
 2 SYSTEMPATH/View/View.php(213): include('APPPATH/Views/view.php')
 3 SYSTEMPATH/View/View.php(216): CodeIgniter\View\View->CodeIgniter\View\{closure}()
 4 SYSTEMPATH/Common.php(1134): CodeIgniter\View\View->render()
 5 APPPATH/Controllers/Dashboard.php(459): view()
 6 SYSTEMPATH/CodeIgniter.php(927): App\Controllers\Dashboard->view()
 7 SYSTEMPATH/CodeIgniter.php(482): CodeIgniter\CodeIgniter->runController()
 8 SYSTEMPATH/CodeIgniter.php(351): CodeIgniter\CodeIgniter->handleRequest()
 9 FCPATH/index.php(67): CodeIgniter\CodeIgniter->run()
