CRITICAL - 2023-08-28 17:24:48 --> count(): Argument #1 ($value) must be of type Countable|array, null given
in APPPATH/Views/partials/breadcrumb.php on line 4.
 1 SYSTEMPATH/View/View.php(213): include()
 2 SYSTEMPATH/View/View.php(216): CodeIgniter\View\View->CodeIgniter\View\{closure}()
 3 SYSTEMPATH/View/View.php(431): CodeIgniter\View\View->render()
 4 APPPATH/Views/gallery-view.php(4): CodeIgniter\View\View->include()
 5 SYSTEMPATH/View/View.php(213): include('APPPATH/Views/gallery-view.php')
 6 SYSTEMPATH/View/View.php(216): CodeIgniter\View\View->CodeIgniter\View\{closure}()
 7 SYSTEMPATH/Common.php(1134): CodeIgniter\View\View->render()
 8 APPPATH/Controllers/Gallery.php(91): view()
 9 SYSTEMPATH/CodeIgniter.php(927): App\Controllers\Gallery->view()
10 SYSTEMPATH/CodeIgniter.php(482): CodeIgniter\CodeIgniter->runController()
11 SYSTEMPATH/CodeIgniter.php(351): CodeIgniter\CodeIgniter->handleRequest()
12 FCPATH/index.php(67): CodeIgniter\CodeIgniter->run()
CRITICAL - 2023-08-28 17:25:30 --> count(): Argument #1 ($value) must be of type Countable|array, null given
in APPPATH/Views/partials/breadcrumb.php on line 4.
 1 SYSTEMPATH/View/View.php(213): include()
 2 SYSTEMPATH/View/View.php(216): CodeIgniter\View\View->CodeIgniter\View\{closure}()
 3 SYSTEMPATH/View/View.php(431): CodeIgniter\View\View->render()
 4 APPPATH/Views/gallery-view.php(4): CodeIgniter\View\View->include()
 5 SYSTEMPATH/View/View.php(213): include('APPPATH/Views/gallery-view.php')
 6 SYSTEMPATH/View/View.php(216): CodeIgniter\View\View->CodeIgniter\View\{closure}()
 7 SYSTEMPATH/Common.php(1134): CodeIgniter\View\View->render()
 8 APPPATH/Controllers/Gallery.php(94): view()
 9 SYSTEMPATH/CodeIgniter.php(927): App\Controllers\Gallery->view()
10 SYSTEMPATH/CodeIgniter.php(482): CodeIgniter\CodeIgniter->runController()
11 SYSTEMPATH/CodeIgniter.php(351): CodeIgniter\CodeIgniter->handleRequest()
12 FCPATH/index.php(67): CodeIgniter\CodeIgniter->run()
CRITICAL - 2023-08-28 17:28:59 --> count(): Argument #1 ($value) must be of type Countable|array, null given
in APPPATH/Views/partials/breadcrumb.php on line 4.
 1 SYSTEMPATH/View/View.php(213): include()
 2 SYSTEMPATH/View/View.php(216): CodeIgniter\View\View->CodeIgniter\View\{closure}()
 3 SYSTEMPATH/View/View.php(431): CodeIgniter\View\View->render()
 4 APPPATH/Views/contact.php(5): CodeIgniter\View\View->include()
 5 SYSTEMPATH/View/View.php(213): include('APPPATH/Views/contact.php')
 6 SYSTEMPATH/View/View.php(216): CodeIgniter\View\View->CodeIgniter\View\{closure}()
 7 SYSTEMPATH/Common.php(1134): CodeIgniter\View\View->render()
 8 APPPATH/Controllers/Home.php(56): view()
 9 SYSTEMPATH/CodeIgniter.php(927): App\Controllers\Home->contact()
10 SYSTEMPATH/CodeIgniter.php(482): CodeIgniter\CodeIgniter->runController()
11 SYSTEMPATH/CodeIgniter.php(351): CodeIgniter\CodeIgniter->handleRequest()
12 FCPATH/index.php(67): CodeIgniter\CodeIgniter->run()
CRITICAL - 2023-08-28 17:39:50 --> syntax error, unexpected token "else", expecting end of file
in APPPATH/Views/partials/breadcrumb.php on line 7.
 1 SYSTEMPATH/View/View.php(216): CodeIgniter\View\View->CodeIgniter\View\{closure}()
 2 SYSTEMPATH/View/View.php(431): CodeIgniter\View\View->render()
 3 APPPATH/Views/contact.php(5): CodeIgniter\View\View->include()
 4 SYSTEMPATH/View/View.php(213): include('APPPATH/Views/contact.php')
 5 SYSTEMPATH/View/View.php(216): CodeIgniter\View\View->CodeIgniter\View\{closure}()
 6 SYSTEMPATH/Common.php(1134): CodeIgniter\View\View->render()
 7 APPPATH/Controllers/Home.php(59): view()
 8 SYSTEMPATH/CodeIgniter.php(927): App\Controllers\Home->contact()
 9 SYSTEMPATH/CodeIgniter.php(482): CodeIgniter\CodeIgniter->runController()
10 SYSTEMPATH/CodeIgniter.php(351): CodeIgniter\CodeIgniter->handleRequest()
11 FCPATH/index.php(67): CodeIgniter\CodeIgniter->run()
CRITICAL - 2023-08-28 17:42:39 --> syntax error, unexpected token "if"
in APPPATH/Views/partials/breadcrumb.php on line 5.
 1 SYSTEMPATH/View/View.php(216): CodeIgniter\View\View->CodeIgniter\View\{closure}()
 2 SYSTEMPATH/View/View.php(431): CodeIgniter\View\View->render()
 3 APPPATH/Views/agent.php(4): CodeIgniter\View\View->include()
 4 SYSTEMPATH/View/View.php(213): include('APPPATH/Views/agent.php')
 5 SYSTEMPATH/View/View.php(216): CodeIgniter\View\View->CodeIgniter\View\{closure}()
 6 SYSTEMPATH/Common.php(1134): CodeIgniter\View\View->render()
 7 APPPATH/Controllers/Dashboard.php(56): view()
 8 SYSTEMPATH/CodeIgniter.php(927): App\Controllers\Dashboard->agent()
 9 SYSTEMPATH/CodeIgniter.php(482): CodeIgniter\CodeIgniter->runController()
10 SYSTEMPATH/CodeIgniter.php(351): CodeIgniter\CodeIgniter->handleRequest()
11 FCPATH/index.php(67): CodeIgniter\CodeIgniter->run()
CRITICAL - 2023-08-28 17:42:48 --> syntax error, unexpected token "else", expecting end of file
in APPPATH/Views/partials/breadcrumb.php on line 7.
 1 SYSTEMPATH/View/View.php(216): CodeIgniter\View\View->CodeIgniter\View\{closure}()
 2 SYSTEMPATH/View/View.php(431): CodeIgniter\View\View->render()
 3 APPPATH/Views/agent.php(4): CodeIgniter\View\View->include()
 4 SYSTEMPATH/View/View.php(213): include('APPPATH/Views/agent.php')
 5 SYSTEMPATH/View/View.php(216): CodeIgniter\View\View->CodeIgniter\View\{closure}()
 6 SYSTEMPATH/Common.php(1134): CodeIgniter\View\View->render()
 7 APPPATH/Controllers/Dashboard.php(56): view()
 8 SYSTEMPATH/CodeIgniter.php(927): App\Controllers\Dashboard->agent()
 9 SYSTEMPATH/CodeIgniter.php(482): CodeIgniter\CodeIgniter->runController()
10 SYSTEMPATH/CodeIgniter.php(351): CodeIgniter\CodeIgniter->handleRequest()
11 FCPATH/index.php(67): CodeIgniter\CodeIgniter->run()
CRITICAL - 2023-08-28 17:43:51 --> trim(): Argument #1 ($string) must be of type string, array given
in APPPATH/Views/partials/breadcrumb.php on line 1.
 1 APPPATH/Views/partials/breadcrumb.php(1): trim()
 2 SYSTEMPATH/View/View.php(213): include('APPPATH/Views/partials/breadcrumb.php')
 3 SYSTEMPATH/View/View.php(216): CodeIgniter\View\View->CodeIgniter\View\{closure}()
 4 SYSTEMPATH/View/View.php(431): CodeIgniter\View\View->render()
 5 APPPATH/Views/agent.php(4): CodeIgniter\View\View->include()
 6 SYSTEMPATH/View/View.php(213): include('APPPATH/Views/agent.php')
 7 SYSTEMPATH/View/View.php(216): CodeIgniter\View\View->CodeIgniter\View\{closure}()
 8 SYSTEMPATH/Common.php(1134): CodeIgniter\View\View->render()
 9 APPPATH/Controllers/Dashboard.php(56): view()
10 SYSTEMPATH/CodeIgniter.php(927): App\Controllers\Dashboard->agent()
11 SYSTEMPATH/CodeIgniter.php(482): CodeIgniter\CodeIgniter->runController()
12 SYSTEMPATH/CodeIgniter.php(351): CodeIgniter\CodeIgniter->handleRequest()
13 FCPATH/index.php(67): CodeIgniter\CodeIgniter->run()
CRITICAL - 2023-08-28 22:05:44 --> Undefined variable $content
in APPPATH/Views/list.php on line 74.
 1 APPPATH/Views/list.php(74): CodeIgniter\Debug\Exceptions->errorHandler()
 2 SYSTEMPATH/View/View.php(213): include('APPPATH/Views/list.php')
 3 SYSTEMPATH/View/View.php(216): CodeIgniter\View\View->CodeIgniter\View\{closure}()
 4 SYSTEMPATH/Common.php(1134): CodeIgniter\View\View->render()
 5 APPPATH/Controllers/Dashboard.php(42): view()
 6 SYSTEMPATH/CodeIgniter.php(927): App\Controllers\Dashboard->reservation()
 7 SYSTEMPATH/CodeIgniter.php(482): CodeIgniter\CodeIgniter->runController()
 8 SYSTEMPATH/CodeIgniter.php(351): CodeIgniter\CodeIgniter->handleRequest()
 9 FCPATH/index.php(67): CodeIgniter\CodeIgniter->run()
ERROR - 2023-08-28 23:25:15 --> mysqli_sql_exception: Table 'ashko.account' doesn't exist in /www/wwwroot/ashkohandling.com/system/Database/MySQLi/Connection.php:292
Stack trace:
#0 /www/wwwroot/ashkohandling.com/system/Database/MySQLi/Connection.php(292): mysqli->query()
#1 /www/wwwroot/ashkohandling.com/system/Database/BaseConnection.php(666): CodeIgniter\Database\MySQLi\Connection->execute()
#2 /www/wwwroot/ashkohandling.com/system/Database/BaseConnection.php(593): CodeIgniter\Database\BaseConnection->simpleQuery()
#3 /www/wwwroot/ashkohandling.com/system/Database/BaseBuilder.php(1585): CodeIgniter\Database\BaseConnection->query()
#4 /www/wwwroot/ashkohandling.com/app/Controllers/Setting.php(399): CodeIgniter\Database\BaseBuilder->get()
#5 /www/wwwroot/ashkohandling.com/system/CodeIgniter.php(927): App\Controllers\Setting->account()
#6 /www/wwwroot/ashkohandling.com/system/CodeIgniter.php(482): CodeIgniter\CodeIgniter->runController()
#7 /www/wwwroot/ashkohandling.com/system/CodeIgniter.php(351): CodeIgniter\CodeIgniter->handleRequest()
#8 /www/wwwroot/ashkohandling.com/public/index.php(67): CodeIgniter\CodeIgniter->run()
#9 {main}
CRITICAL - 2023-08-28 23:25:15 --> Table 'ashko.account' doesn't exist
in SYSTEMPATH/Database/MySQLi/Connection.php on line 292.
 1 SYSTEMPATH/Database/MySQLi/Connection.php(292): mysqli->query()
 2 SYSTEMPATH/Database/BaseConnection.php(666): CodeIgniter\Database\MySQLi\Connection->execute()
 3 SYSTEMPATH/Database/BaseConnection.php(593): CodeIgniter\Database\BaseConnection->simpleQuery()
 4 SYSTEMPATH/Database/BaseBuilder.php(1585): CodeIgniter\Database\BaseConnection->query()
 5 APPPATH/Controllers/Setting.php(399): CodeIgniter\Database\BaseBuilder->get()
 6 SYSTEMPATH/CodeIgniter.php(927): App\Controllers\Setting->account()
 7 SYSTEMPATH/CodeIgniter.php(482): CodeIgniter\CodeIgniter->runController()
 8 SYSTEMPATH/CodeIgniter.php(351): CodeIgniter\CodeIgniter->handleRequest()
 9 FCPATH/index.php(67): CodeIgniter\CodeIgniter->run()
