CRITICAL - 2023-08-29 21:44:43 --> Undefined variable $title
in APPPATH/Views/layouts/singgle.php on line 5.
 1 APPPATH/Views/layouts/singgle.php(5): CodeIgniter\Debug\Exceptions->errorHandler()
 2 SYSTEMPATH/View/View.php(213): include('APPPATH/Views/layouts/singgle.php')
 3 SYSTEMPATH/View/View.php(216): CodeIgniter\View\View->CodeIgniter\View\{closure}()
 4 SYSTEMPATH/View/View.php(229): CodeIgniter\View\View->render()
 5 SYSTEMPATH/Common.php(1134): CodeIgniter\View\View->render()
 6 APPPATH/Controllers/Auth.php(15): view()
 7 SYSTEMPATH/CodeIgniter.php(927): App\Controllers\Auth->index()
 8 SYSTEMPATH/CodeIgniter.php(482): CodeIgniter\CodeIgniter->runController()
 9 SYSTEMPATH/CodeIgniter.php(351): CodeIgniter\CodeIgniter->handleRequest()
10 FCPATH/index.php(67): CodeIgniter\CodeIgniter->run()
CRITICAL - 2023-08-29 21:45:20 --> Undefined variable $title
in APPPATH/Views/layouts/singgle.php on line 5.
 1 APPPATH/Views/layouts/singgle.php(5): CodeIgniter\Debug\Exceptions->errorHandler()
 2 SYSTEMPATH/View/View.php(213): include('APPPATH/Views/layouts/singgle.php')
 3 SYSTEMPATH/View/View.php(216): CodeIgniter\View\View->CodeIgniter\View\{closure}()
 4 SYSTEMPATH/View/View.php(229): CodeIgniter\View\View->render()
 5 SYSTEMPATH/Common.php(1134): CodeIgniter\View\View->render()
 6 APPPATH/Controllers/Auth.php(15): view()
 7 SYSTEMPATH/CodeIgniter.php(927): App\Controllers\Auth->index()
 8 SYSTEMPATH/CodeIgniter.php(482): CodeIgniter\CodeIgniter->runController()
 9 SYSTEMPATH/CodeIgniter.php(351): CodeIgniter\CodeIgniter->handleRequest()
10 FCPATH/index.php(67): CodeIgniter\CodeIgniter->run()
CRITICAL - 2023-08-29 21:45:23 --> Undefined variable $title
in APPPATH/Views/layouts/singgle.php on line 5.
 1 APPPATH/Views/layouts/singgle.php(5): CodeIgniter\Debug\Exceptions->errorHandler()
 2 SYSTEMPATH/View/View.php(213): include('APPPATH/Views/layouts/singgle.php')
 3 SYSTEMPATH/View/View.php(216): CodeIgniter\View\View->CodeIgniter\View\{closure}()
 4 SYSTEMPATH/View/View.php(229): CodeIgniter\View\View->render()
 5 SYSTEMPATH/Common.php(1134): CodeIgniter\View\View->render()
 6 APPPATH/Controllers/Auth.php(15): view()
 7 SYSTEMPATH/CodeIgniter.php(927): App\Controllers\Auth->index()
 8 SYSTEMPATH/CodeIgniter.php(482): CodeIgniter\CodeIgniter->runController()
 9 SYSTEMPATH/CodeIgniter.php(351): CodeIgniter\CodeIgniter->handleRequest()
10 FCPATH/index.php(67): CodeIgniter\CodeIgniter->run()
CRITICAL - 2023-08-29 21:53:03 --> Call to undefined function form_open()
in APPPATH/Views/auth.php on line 8.
 1 SYSTEMPATH/View/View.php(213): include()
 2 SYSTEMPATH/View/View.php(216): CodeIgniter\View\View->CodeIgniter\View\{closure}()
 3 SYSTEMPATH/Common.php(1134): CodeIgniter\View\View->render()
 4 APPPATH/Controllers/Auth.php(32): view()
 5 SYSTEMPATH/CodeIgniter.php(927): App\Controllers\Auth->login()
 6 SYSTEMPATH/CodeIgniter.php(482): CodeIgniter\CodeIgniter->runController()
 7 SYSTEMPATH/CodeIgniter.php(351): CodeIgniter\CodeIgniter->handleRequest()
 8 FCPATH/index.php(67): CodeIgniter\CodeIgniter->run()
ERROR - 2023-08-29 22:29:18 --> mysqli_sql_exception: Table 'ashko.account' doesn't exist in /www/wwwroot/ashkohandling.com/system/Database/MySQLi/Connection.php:292
Stack trace:
#0 /www/wwwroot/ashkohandling.com/system/Database/MySQLi/Connection.php(292): mysqli->query()
#1 /www/wwwroot/ashkohandling.com/system/Database/BaseConnection.php(666): CodeIgniter\Database\MySQLi\Connection->execute()
#2 /www/wwwroot/ashkohandling.com/system/Database/BaseConnection.php(593): CodeIgniter\Database\BaseConnection->simpleQuery()
#3 /www/wwwroot/ashkohandling.com/system/Database/BaseBuilder.php(1585): CodeIgniter\Database\BaseConnection->query()
#4 /www/wwwroot/ashkohandling.com/app/Controllers/Setting.php(399): CodeIgniter\Database\BaseBuilder->get()
#5 /www/wwwroot/ashkohandling.com/system/CodeIgniter.php(927): App\Controllers\Setting->account()
#6 /www/wwwroot/ashkohandling.com/system/CodeIgniter.php(482): CodeIgniter\CodeIgniter->runController()
#7 /www/wwwroot/ashkohandling.com/system/CodeIgniter.php(351): CodeIgniter\CodeIgniter->handleRequest()
#8 /www/wwwroot/ashkohandling.com/public/index.php(67): CodeIgniter\CodeIgniter->run()
#9 {main}
CRITICAL - 2023-08-29 22:29:18 --> Table 'ashko.account' doesn't exist
in SYSTEMPATH/Database/MySQLi/Connection.php on line 292.
 1 SYSTEMPATH/Database/MySQLi/Connection.php(292): mysqli->query()
 2 SYSTEMPATH/Database/BaseConnection.php(666): CodeIgniter\Database\MySQLi\Connection->execute()
 3 SYSTEMPATH/Database/BaseConnection.php(593): CodeIgniter\Database\BaseConnection->simpleQuery()
 4 SYSTEMPATH/Database/BaseBuilder.php(1585): CodeIgniter\Database\BaseConnection->query()
 5 APPPATH/Controllers/Setting.php(399): CodeIgniter\Database\BaseBuilder->get()
 6 SYSTEMPATH/CodeIgniter.php(927): App\Controllers\Setting->account()
 7 SYSTEMPATH/CodeIgniter.php(482): CodeIgniter\CodeIgniter->runController()
 8 SYSTEMPATH/CodeIgniter.php(351): CodeIgniter\CodeIgniter->handleRequest()
 9 FCPATH/index.php(67): CodeIgniter\CodeIgniter->run()
ERROR - 2023-08-29 22:30:27 --> mysqli_sql_exception: Table 'ashko.account' doesn't exist in /www/wwwroot/ashkohandling.com/system/Database/MySQLi/Connection.php:292
Stack trace:
#0 /www/wwwroot/ashkohandling.com/system/Database/MySQLi/Connection.php(292): mysqli->query()
#1 /www/wwwroot/ashkohandling.com/system/Database/BaseConnection.php(666): CodeIgniter\Database\MySQLi\Connection->execute()
#2 /www/wwwroot/ashkohandling.com/system/Database/BaseConnection.php(593): CodeIgniter\Database\BaseConnection->simpleQuery()
#3 /www/wwwroot/ashkohandling.com/system/Database/BaseBuilder.php(1585): CodeIgniter\Database\BaseConnection->query()
#4 /www/wwwroot/ashkohandling.com/app/Controllers/Setting.php(399): CodeIgniter\Database\BaseBuilder->get()
#5 /www/wwwroot/ashkohandling.com/system/CodeIgniter.php(927): App\Controllers\Setting->account()
#6 /www/wwwroot/ashkohandling.com/system/CodeIgniter.php(482): CodeIgniter\CodeIgniter->runController()
#7 /www/wwwroot/ashkohandling.com/system/CodeIgniter.php(351): CodeIgniter\CodeIgniter->handleRequest()
#8 /www/wwwroot/ashkohandling.com/public/index.php(67): CodeIgniter\CodeIgniter->run()
#9 {main}
CRITICAL - 2023-08-29 22:30:27 --> Table 'ashko.account' doesn't exist
in SYSTEMPATH/Database/MySQLi/Connection.php on line 292.
 1 SYSTEMPATH/Database/MySQLi/Connection.php(292): mysqli->query()
 2 SYSTEMPATH/Database/BaseConnection.php(666): CodeIgniter\Database\MySQLi\Connection->execute()
 3 SYSTEMPATH/Database/BaseConnection.php(593): CodeIgniter\Database\BaseConnection->simpleQuery()
 4 SYSTEMPATH/Database/BaseBuilder.php(1585): CodeIgniter\Database\BaseConnection->query()
 5 APPPATH/Controllers/Setting.php(399): CodeIgniter\Database\BaseBuilder->get()
 6 SYSTEMPATH/CodeIgniter.php(927): App\Controllers\Setting->account()
 7 SYSTEMPATH/CodeIgniter.php(482): CodeIgniter\CodeIgniter->runController()
 8 SYSTEMPATH/CodeIgniter.php(351): CodeIgniter\CodeIgniter->handleRequest()
 9 FCPATH/index.php(67): CodeIgniter\CodeIgniter->run()
CRITICAL - 2023-08-29 22:56:12 --> Undefined variable $content
in APPPATH/Views/setting-account.php on line 71.
 1 APPPATH/Views/setting-account.php(71): CodeIgniter\Debug\Exceptions->errorHandler()
 2 SYSTEMPATH/View/View.php(213): include('APPPATH/Views/setting-account.php')
 3 SYSTEMPATH/View/View.php(216): CodeIgniter\View\View->CodeIgniter\View\{closure}()
 4 SYSTEMPATH/Common.php(1134): CodeIgniter\View\View->render()
 5 APPPATH/Controllers/Setting.php(397): view()
 6 SYSTEMPATH/CodeIgniter.php(927): App\Controllers\Setting->account()
 7 SYSTEMPATH/CodeIgniter.php(482): CodeIgniter\CodeIgniter->runController()
 8 SYSTEMPATH/CodeIgniter.php(351): CodeIgniter\CodeIgniter->handleRequest()
 9 FCPATH/index.php(67): CodeIgniter\CodeIgniter->run()
